mode: set
github.com/moedahpos/backend/internal/handler/activity_log_handler.go:20.109,22.2 1 0
github.com/moedahpos/backend/internal/handler/activity_log_handler.go:24.75,39.16 12 0
github.com/moedahpos/backend/internal/handler/activity_log_handler.go:39.16,43.3 3 0
github.com/moedahpos/backend/internal/handler/activity_log_handler.go:45.2,48.4 1 0
github.com/moedahpos/backend/internal/handler/auth_handler.go:25.116,27.2 1 1
github.com/moedahpos/backend/internal/handler/auth_handler.go:30.72,32.61 2 1
github.com/moedahpos/backend/internal/handler/auth_handler.go:32.61,35.3 2 1
github.com/moedahpos/backend/internal/handler/auth_handler.go:37.2,37.58 1 1
github.com/moedahpos/backend/internal/handler/auth_handler.go:37.58,40.3 2 1
github.com/moedahpos/backend/internal/handler/auth_handler.go:42.2,43.16 2 1
github.com/moedahpos/backend/internal/handler/auth_handler.go:43.16,44.44 1 0
github.com/moedahpos/backend/internal/handler/auth_handler.go:44.44,49.4 2 0
github.com/moedahpos/backend/internal/handler/auth_handler.go:50.3,52.9 3 0
github.com/moedahpos/backend/internal/handler/auth_handler.go:55.2,55.29 1 1
github.com/moedahpos/backend/internal/handler/auth_handler.go:59.69,61.61 2 1
github.com/moedahpos/backend/internal/handler/auth_handler.go:61.61,64.3 2 0
github.com/moedahpos/backend/internal/handler/auth_handler.go:66.2,66.58 1 1
github.com/moedahpos/backend/internal/handler/auth_handler.go:66.58,69.3 2 0
github.com/moedahpos/backend/internal/handler/auth_handler.go:71.2,72.16 2 1
github.com/moedahpos/backend/internal/handler/auth_handler.go:72.16,73.95 1 1
github.com/moedahpos/backend/internal/handler/auth_handler.go:73.95,76.4 2 1
github.com/moedahpos/backend/internal/handler/auth_handler.go:77.3,79.9 3 0
github.com/moedahpos/backend/internal/handler/auth_handler.go:82.2,82.29 1 1
github.com/moedahpos/backend/internal/handler/auth_handler.go:86.71,88.61 2 1
github.com/moedahpos/backend/internal/handler/auth_handler.go:88.61,91.3 2 0
github.com/moedahpos/backend/internal/handler/auth_handler.go:93.2,93.58 1 1
github.com/moedahpos/backend/internal/handler/auth_handler.go:93.58,96.3 2 0
github.com/moedahpos/backend/internal/handler/auth_handler.go:98.2,99.16 2 1
github.com/moedahpos/backend/internal/handler/auth_handler.go:99.16,100.46 1 0
github.com/moedahpos/backend/internal/handler/auth_handler.go:100.46,103.4 2 0
github.com/moedahpos/backend/internal/handler/auth_handler.go:104.3,106.9 3 0
github.com/moedahpos/backend/internal/handler/auth_handler.go:109.2,109.29 1 1
github.com/moedahpos/backend/internal/handler/auth_handler.go:113.70,115.18 2 1
github.com/moedahpos/backend/internal/handler/auth_handler.go:115.18,118.3 2 0
github.com/moedahpos/backend/internal/handler/auth_handler.go:120.2,120.62 1 1
github.com/moedahpos/backend/internal/handler/auth_handler.go:120.62,124.3 3 0
github.com/moedahpos/backend/internal/handler/auth_handler.go:126.2,129.4 1 1
github.com/moedahpos/backend/internal/handler/auth_handler.go:133.66,135.18 2 1
github.com/moedahpos/backend/internal/handler/auth_handler.go:135.18,138.3 2 0
github.com/moedahpos/backend/internal/handler/auth_handler.go:140.2,141.16 2 1
github.com/moedahpos/backend/internal/handler/auth_handler.go:141.16,142.46 1 0
github.com/moedahpos/backend/internal/handler/auth_handler.go:142.46,145.4 2 0
github.com/moedahpos/backend/internal/handler/auth_handler.go:146.3,148.9 3 0
github.com/moedahpos/backend/internal/handler/auth_handler.go:151.2,151.29 1 1
github.com/moedahpos/backend/internal/handler/batch_stock_handler.go:22.103,24.2 1 0
github.com/moedahpos/backend/internal/handler/batch_stock_handler.go:29.81,36.16 4 0
github.com/moedahpos/backend/internal/handler/batch_stock_handler.go:36.16,40.3 3 0
github.com/moedahpos/backend/internal/handler/batch_stock_handler.go:41.2,42.28 2 0
github.com/moedahpos/backend/internal/handler/batch_stock_handler.go:42.28,44.3 1 0
github.com/moedahpos/backend/internal/handler/batch_stock_handler.go:45.2,45.26 1 0
github.com/moedahpos/backend/internal/handler/batch_stock_handler.go:51.80,54.16 3 0
github.com/moedahpos/backend/internal/handler/batch_stock_handler.go:54.16,58.3 3 0
github.com/moedahpos/backend/internal/handler/batch_stock_handler.go:59.2,60.28 2 0
github.com/moedahpos/backend/internal/handler/batch_stock_handler.go:60.28,70.3 1 0
github.com/moedahpos/backend/internal/handler/batch_stock_handler.go:71.2,71.26 1 0
github.com/moedahpos/backend/internal/handler/batch_stock_handler.go:75.67,89.2 1 0
github.com/moedahpos/backend/internal/handler/customer_handler.go:25.124,27.2 1 1
github.com/moedahpos/backend/internal/handler/customer_handler.go:30.72,38.16 7 1
github.com/moedahpos/backend/internal/handler/customer_handler.go:38.16,42.3 3 0
github.com/moedahpos/backend/internal/handler/customer_handler.go:43.2,43.68 1 1
github.com/moedahpos/backend/internal/handler/customer_handler.go:47.74,55.16 4 0
github.com/moedahpos/backend/internal/handler/customer_handler.go:55.16,58.3 2 0
github.com/moedahpos/backend/internal/handler/customer_handler.go:59.2,59.27 1 0
github.com/moedahpos/backend/internal/handler/customer_handler.go:63.74,66.61 3 1
github.com/moedahpos/backend/internal/handler/customer_handler.go:66.61,69.3 2 0
github.com/moedahpos/backend/internal/handler/customer_handler.go:70.2,70.58 1 1
github.com/moedahpos/backend/internal/handler/customer_handler.go:70.58,73.3 2 1
github.com/moedahpos/backend/internal/handler/customer_handler.go:74.2,75.16 2 1
github.com/moedahpos/backend/internal/handler/customer_handler.go:75.16,79.3 3 0
github.com/moedahpos/backend/internal/handler/customer_handler.go:80.2,80.29 1 1
github.com/moedahpos/backend/internal/handler/customer_handler.go:84.71,87.16 3 1
github.com/moedahpos/backend/internal/handler/customer_handler.go:87.16,88.50 1 1
github.com/moedahpos/backend/internal/handler/customer_handler.go:88.50,91.4 2 1
github.com/moedahpos/backend/internal/handler/customer_handler.go:92.3,93.9 2 0
github.com/moedahpos/backend/internal/handler/customer_handler.go:95.2,95.29 1 1
github.com/moedahpos/backend/internal/handler/customer_handler.go:99.74,102.61 3 0
github.com/moedahpos/backend/internal/handler/customer_handler.go:102.61,105.3 2 0
github.com/moedahpos/backend/internal/handler/customer_handler.go:106.2,106.58 1 0
github.com/moedahpos/backend/internal/handler/customer_handler.go:106.58,109.3 2 0
github.com/moedahpos/backend/internal/handler/customer_handler.go:110.2,111.16 2 0
github.com/moedahpos/backend/internal/handler/customer_handler.go:111.16,112.50 1 0
github.com/moedahpos/backend/internal/handler/customer_handler.go:112.50,115.4 2 0
github.com/moedahpos/backend/internal/handler/customer_handler.go:116.3,117.9 2 0
github.com/moedahpos/backend/internal/handler/customer_handler.go:119.2,119.29 1 0
github.com/moedahpos/backend/internal/handler/customer_handler.go:123.74,125.54 2 1
github.com/moedahpos/backend/internal/handler/customer_handler.go:125.54,126.50 1 1
github.com/moedahpos/backend/internal/handler/customer_handler.go:126.50,129.4 2 0
github.com/moedahpos/backend/internal/handler/customer_handler.go:130.3,131.9 2 1
github.com/moedahpos/backend/internal/handler/customer_handler.go:133.2,133.105 1 1
github.com/moedahpos/backend/internal/handler/expense_handler.go:26.135,28.2 1 1
github.com/moedahpos/backend/internal/handler/expense_handler.go:32.81,35.16 3 1
github.com/moedahpos/backend/internal/handler/expense_handler.go:35.16,39.3 3 0
github.com/moedahpos/backend/internal/handler/expense_handler.go:40.2,40.27 1 1
github.com/moedahpos/backend/internal/handler/expense_handler.go:43.81,45.61 2 0
github.com/moedahpos/backend/internal/handler/expense_handler.go:45.61,48.3 2 0
github.com/moedahpos/backend/internal/handler/expense_handler.go:49.2,49.57 1 0
github.com/moedahpos/backend/internal/handler/expense_handler.go:49.57,52.3 2 0
github.com/moedahpos/backend/internal/handler/expense_handler.go:54.2,55.16 2 0
github.com/moedahpos/backend/internal/handler/expense_handler.go:55.16,59.3 3 0
github.com/moedahpos/backend/internal/handler/expense_handler.go:60.2,60.26 1 0
github.com/moedahpos/backend/internal/handler/expense_handler.go:63.81,66.61 3 0
github.com/moedahpos/backend/internal/handler/expense_handler.go:66.61,69.3 2 0
github.com/moedahpos/backend/internal/handler/expense_handler.go:70.2,70.57 1 0
github.com/moedahpos/backend/internal/handler/expense_handler.go:70.57,73.3 2 0
github.com/moedahpos/backend/internal/handler/expense_handler.go:75.2,76.16 2 0
github.com/moedahpos/backend/internal/handler/expense_handler.go:76.16,78.49 2 0
github.com/moedahpos/backend/internal/handler/expense_handler.go:78.49,81.4 2 0
github.com/moedahpos/backend/internal/handler/expense_handler.go:82.3,83.9 2 0
github.com/moedahpos/backend/internal/handler/expense_handler.go:85.2,85.26 1 0
github.com/moedahpos/backend/internal/handler/expense_handler.go:88.81,90.73 2 0
github.com/moedahpos/backend/internal/handler/expense_handler.go:90.73,92.49 2 0
github.com/moedahpos/backend/internal/handler/expense_handler.go:92.49,95.4 2 0
github.com/moedahpos/backend/internal/handler/expense_handler.go:96.3,97.9 2 0
github.com/moedahpos/backend/internal/handler/expense_handler.go:99.2,99.105 1 0
github.com/moedahpos/backend/internal/handler/expense_handler.go:104.79,116.16 6 0
github.com/moedahpos/backend/internal/handler/expense_handler.go:116.16,120.3 3 0
github.com/moedahpos/backend/internal/handler/expense_handler.go:122.2,122.67 1 0
github.com/moedahpos/backend/internal/handler/expense_handler.go:125.80,130.61 4 1
github.com/moedahpos/backend/internal/handler/expense_handler.go:130.61,133.3 2 0
github.com/moedahpos/backend/internal/handler/expense_handler.go:134.2,134.57 1 1
github.com/moedahpos/backend/internal/handler/expense_handler.go:134.57,137.3 2 0
github.com/moedahpos/backend/internal/handler/expense_handler.go:139.2,140.16 2 1
github.com/moedahpos/backend/internal/handler/expense_handler.go:140.16,142.44 2 0
github.com/moedahpos/backend/internal/handler/expense_handler.go:142.44,145.4 2 0
github.com/moedahpos/backend/internal/handler/expense_handler.go:146.3,147.9 2 0
github.com/moedahpos/backend/internal/handler/expense_handler.go:149.2,149.30 1 1
github.com/moedahpos/backend/internal/handler/expense_handler.go:152.80,157.61 4 0
github.com/moedahpos/backend/internal/handler/expense_handler.go:157.61,160.3 2 0
github.com/moedahpos/backend/internal/handler/expense_handler.go:161.2,161.57 1 0
github.com/moedahpos/backend/internal/handler/expense_handler.go:161.57,164.3 2 0
github.com/moedahpos/backend/internal/handler/expense_handler.go:166.2,167.16 2 0
github.com/moedahpos/backend/internal/handler/expense_handler.go:167.16,169.57 2 0
github.com/moedahpos/backend/internal/handler/expense_handler.go:169.57,172.4 2 0
github.com/moedahpos/backend/internal/handler/expense_handler.go:173.3,173.44 1 0
github.com/moedahpos/backend/internal/handler/expense_handler.go:173.44,176.4 2 0
github.com/moedahpos/backend/internal/handler/expense_handler.go:177.3,178.9 2 0
github.com/moedahpos/backend/internal/handler/expense_handler.go:180.2,180.30 1 0
github.com/moedahpos/backend/internal/handler/expense_handler.go:183.86,188.61 4 0
github.com/moedahpos/backend/internal/handler/expense_handler.go:188.61,191.3 2 0
github.com/moedahpos/backend/internal/handler/expense_handler.go:192.2,192.57 1 0
github.com/moedahpos/backend/internal/handler/expense_handler.go:192.57,195.3 2 0
github.com/moedahpos/backend/internal/handler/expense_handler.go:197.2,198.16 2 0
github.com/moedahpos/backend/internal/handler/expense_handler.go:198.16,200.112 2 0
github.com/moedahpos/backend/internal/handler/expense_handler.go:200.112,203.4 2 0
github.com/moedahpos/backend/internal/handler/expense_handler.go:204.3,205.9 2 0
github.com/moedahpos/backend/internal/handler/expense_handler.go:207.2,207.30 1 0
github.com/moedahpos/backend/internal/handler/expense_handler.go:210.80,214.77 3 1
github.com/moedahpos/backend/internal/handler/expense_handler.go:214.77,216.97 2 0
github.com/moedahpos/backend/internal/handler/expense_handler.go:216.97,219.4 2 0
github.com/moedahpos/backend/internal/handler/expense_handler.go:220.3,221.9 2 0
github.com/moedahpos/backend/internal/handler/expense_handler.go:223.2,223.104 1 1
github.com/moedahpos/backend/internal/handler/expense_handler.go:228.88,238.16 6 0
github.com/moedahpos/backend/internal/handler/expense_handler.go:238.16,242.3 3 0
github.com/moedahpos/backend/internal/handler/expense_handler.go:244.2,244.67 1 0
github.com/moedahpos/backend/internal/handler/expense_handler.go:247.89,252.61 4 0
github.com/moedahpos/backend/internal/handler/expense_handler.go:252.61,255.3 2 0
github.com/moedahpos/backend/internal/handler/expense_handler.go:256.2,256.57 1 0
github.com/moedahpos/backend/internal/handler/expense_handler.go:256.57,259.3 2 0
github.com/moedahpos/backend/internal/handler/expense_handler.go:261.2,262.16 2 0
github.com/moedahpos/backend/internal/handler/expense_handler.go:262.16,266.3 3 0
github.com/moedahpos/backend/internal/handler/expense_handler.go:267.2,267.25 1 0
github.com/moedahpos/backend/internal/handler/expense_handler.go:270.89,275.61 4 0
github.com/moedahpos/backend/internal/handler/expense_handler.go:275.61,278.3 2 0
github.com/moedahpos/backend/internal/handler/expense_handler.go:279.2,279.57 1 0
github.com/moedahpos/backend/internal/handler/expense_handler.go:279.57,282.3 2 0
github.com/moedahpos/backend/internal/handler/expense_handler.go:284.2,285.16 2 0
github.com/moedahpos/backend/internal/handler/expense_handler.go:285.16,289.3 3 0
github.com/moedahpos/backend/internal/handler/expense_handler.go:290.2,290.25 1 0
github.com/moedahpos/backend/internal/handler/expense_handler.go:293.89,297.86 3 0
github.com/moedahpos/backend/internal/handler/expense_handler.go:297.86,299.127 2 0
github.com/moedahpos/backend/internal/handler/expense_handler.go:299.127,302.4 2 0
github.com/moedahpos/backend/internal/handler/expense_handler.go:303.3,304.9 2 0
github.com/moedahpos/backend/internal/handler/expense_handler.go:306.2,306.114 1 0
github.com/moedahpos/backend/internal/handler/income_handler.go:27.131,29.2 1 1
github.com/moedahpos/backend/internal/handler/income_handler.go:34.80,37.16 3 1
github.com/moedahpos/backend/internal/handler/income_handler.go:37.16,41.3 3 0
github.com/moedahpos/backend/internal/handler/income_handler.go:42.2,42.27 1 1
github.com/moedahpos/backend/internal/handler/income_handler.go:46.80,48.61 2 0
github.com/moedahpos/backend/internal/handler/income_handler.go:48.61,51.3 2 0
github.com/moedahpos/backend/internal/handler/income_handler.go:52.2,52.57 1 0
github.com/moedahpos/backend/internal/handler/income_handler.go:52.57,55.3 2 0
github.com/moedahpos/backend/internal/handler/income_handler.go:56.2,57.16 2 0
github.com/moedahpos/backend/internal/handler/income_handler.go:57.16,61.3 3 0
github.com/moedahpos/backend/internal/handler/income_handler.go:62.2,62.26 1 0
github.com/moedahpos/backend/internal/handler/income_handler.go:66.80,69.61 3 0
github.com/moedahpos/backend/internal/handler/income_handler.go:69.61,72.3 2 0
github.com/moedahpos/backend/internal/handler/income_handler.go:73.2,73.57 1 0
github.com/moedahpos/backend/internal/handler/income_handler.go:73.57,76.3 2 0
github.com/moedahpos/backend/internal/handler/income_handler.go:78.2,79.16 2 0
github.com/moedahpos/backend/internal/handler/income_handler.go:79.16,81.49 2 0
github.com/moedahpos/backend/internal/handler/income_handler.go:81.49,84.4 2 0
github.com/moedahpos/backend/internal/handler/income_handler.go:85.3,86.9 2 0
github.com/moedahpos/backend/internal/handler/income_handler.go:88.2,88.26 1 0
github.com/moedahpos/backend/internal/handler/income_handler.go:92.80,94.72 2 0
github.com/moedahpos/backend/internal/handler/income_handler.go:94.72,96.49 2 0
github.com/moedahpos/backend/internal/handler/income_handler.go:96.49,99.4 2 0
github.com/moedahpos/backend/internal/handler/income_handler.go:100.3,101.9 2 0
github.com/moedahpos/backend/internal/handler/income_handler.go:103.2,103.105 1 0
github.com/moedahpos/backend/internal/handler/income_handler.go:109.77,121.16 6 0
github.com/moedahpos/backend/internal/handler/income_handler.go:121.16,125.3 3 0
github.com/moedahpos/backend/internal/handler/income_handler.go:126.2,126.66 1 0
github.com/moedahpos/backend/internal/handler/income_handler.go:130.78,135.61 4 1
github.com/moedahpos/backend/internal/handler/income_handler.go:135.61,138.3 2 0
github.com/moedahpos/backend/internal/handler/income_handler.go:139.2,139.57 1 1
github.com/moedahpos/backend/internal/handler/income_handler.go:139.57,142.3 2 0
github.com/moedahpos/backend/internal/handler/income_handler.go:144.2,145.16 2 1
github.com/moedahpos/backend/internal/handler/income_handler.go:145.16,147.59 2 0
github.com/moedahpos/backend/internal/handler/income_handler.go:147.59,150.4 2 0
github.com/moedahpos/backend/internal/handler/income_handler.go:151.3,152.9 2 0
github.com/moedahpos/backend/internal/handler/income_handler.go:154.2,154.26 1 1
github.com/moedahpos/backend/internal/handler/income_handler.go:158.78,163.61 4 0
github.com/moedahpos/backend/internal/handler/income_handler.go:163.61,166.3 2 0
github.com/moedahpos/backend/internal/handler/income_handler.go:167.2,167.57 1 0
github.com/moedahpos/backend/internal/handler/income_handler.go:167.57,170.3 2 0
github.com/moedahpos/backend/internal/handler/income_handler.go:172.2,173.16 2 0
github.com/moedahpos/backend/internal/handler/income_handler.go:173.16,175.48 2 0
github.com/moedahpos/backend/internal/handler/income_handler.go:175.48,178.4 2 0
github.com/moedahpos/backend/internal/handler/income_handler.go:179.3,179.59 1 0
github.com/moedahpos/backend/internal/handler/income_handler.go:179.59,182.4 2 0
github.com/moedahpos/backend/internal/handler/income_handler.go:183.3,184.9 2 0
github.com/moedahpos/backend/internal/handler/income_handler.go:186.2,186.26 1 0
github.com/moedahpos/backend/internal/handler/income_handler.go:190.78,194.75 3 0
github.com/moedahpos/backend/internal/handler/income_handler.go:194.75,196.48 2 0
github.com/moedahpos/backend/internal/handler/income_handler.go:196.48,199.4 2 0
github.com/moedahpos/backend/internal/handler/income_handler.go:200.3,201.9 2 0
github.com/moedahpos/backend/internal/handler/income_handler.go:203.2,203.103 1 0
github.com/moedahpos/backend/internal/handler/price_history_handler.go:21.104,23.2 1 0
github.com/moedahpos/backend/internal/handler/price_history_handler.go:26.83,37.16 6 0
github.com/moedahpos/backend/internal/handler/price_history_handler.go:37.16,41.3 3 0
github.com/moedahpos/backend/internal/handler/price_history_handler.go:42.2,42.63 1 0
github.com/moedahpos/backend/internal/handler/price_history_handler.go:46.85,54.16 7 0
github.com/moedahpos/backend/internal/handler/price_history_handler.go:54.16,58.3 3 0
github.com/moedahpos/backend/internal/handler/price_history_handler.go:59.2,59.63 1 0
github.com/moedahpos/backend/internal/handler/product_handler.go:25.128,27.2 1 1
github.com/moedahpos/backend/internal/handler/product_handler.go:32.81,35.16 3 1
github.com/moedahpos/backend/internal/handler/product_handler.go:35.16,39.3 3 0
github.com/moedahpos/backend/internal/handler/product_handler.go:40.2,40.27 1 1
github.com/moedahpos/backend/internal/handler/product_handler.go:44.81,47.61 3 0
github.com/moedahpos/backend/internal/handler/product_handler.go:47.61,50.3 2 0
github.com/moedahpos/backend/internal/handler/product_handler.go:51.2,51.58 1 0
github.com/moedahpos/backend/internal/handler/product_handler.go:51.58,54.3 2 0
github.com/moedahpos/backend/internal/handler/product_handler.go:55.2,56.16 2 0
github.com/moedahpos/backend/internal/handler/product_handler.go:56.16,59.3 2 0
github.com/moedahpos/backend/internal/handler/product_handler.go:60.2,60.29 1 0
github.com/moedahpos/backend/internal/handler/product_handler.go:64.81,67.61 3 0
github.com/moedahpos/backend/internal/handler/product_handler.go:67.61,70.3 2 0
github.com/moedahpos/backend/internal/handler/product_handler.go:71.2,71.58 1 0
github.com/moedahpos/backend/internal/handler/product_handler.go:71.58,74.3 2 0
github.com/moedahpos/backend/internal/handler/product_handler.go:75.2,76.16 2 0
github.com/moedahpos/backend/internal/handler/product_handler.go:76.16,77.50 1 0
github.com/moedahpos/backend/internal/handler/product_handler.go:77.50,80.4 2 0
github.com/moedahpos/backend/internal/handler/product_handler.go:81.3,82.9 2 0
github.com/moedahpos/backend/internal/handler/product_handler.go:84.2,84.29 1 0
github.com/moedahpos/backend/internal/handler/product_handler.go:88.81,90.69 2 0
github.com/moedahpos/backend/internal/handler/product_handler.go:90.69,91.50 1 0
github.com/moedahpos/backend/internal/handler/product_handler.go:91.50,94.4 2 0
github.com/moedahpos/backend/internal/handler/product_handler.go:95.3,96.9 2 0
github.com/moedahpos/backend/internal/handler/product_handler.go:98.2,100.4 1 0
github.com/moedahpos/backend/internal/handler/product_handler.go:106.71,113.50 7 0
github.com/moedahpos/backend/internal/handler/product_handler.go:113.50,115.17 2 0
github.com/moedahpos/backend/internal/handler/product_handler.go:115.17,117.4 1 0
github.com/moedahpos/backend/internal/handler/product_handler.go:120.2,121.16 2 0
github.com/moedahpos/backend/internal/handler/product_handler.go:121.16,125.3 3 0
github.com/moedahpos/backend/internal/handler/product_handler.go:126.2,126.67 1 0
github.com/moedahpos/backend/internal/handler/product_handler.go:130.73,133.61 3 1
github.com/moedahpos/backend/internal/handler/product_handler.go:133.61,136.3 2 0
github.com/moedahpos/backend/internal/handler/product_handler.go:137.2,137.58 1 1
github.com/moedahpos/backend/internal/handler/product_handler.go:137.58,140.3 2 0
github.com/moedahpos/backend/internal/handler/product_handler.go:141.2,142.16 2 1
github.com/moedahpos/backend/internal/handler/product_handler.go:142.16,143.50 1 0
github.com/moedahpos/backend/internal/handler/product_handler.go:143.50,146.4 2 0
github.com/moedahpos/backend/internal/handler/product_handler.go:147.3,149.9 3 0
github.com/moedahpos/backend/internal/handler/product_handler.go:151.2,151.29 1 1
github.com/moedahpos/backend/internal/handler/product_handler.go:155.70,158.16 3 0
github.com/moedahpos/backend/internal/handler/product_handler.go:158.16,159.49 1 0
github.com/moedahpos/backend/internal/handler/product_handler.go:159.49,162.4 2 0
github.com/moedahpos/backend/internal/handler/product_handler.go:163.3,164.9 2 0
github.com/moedahpos/backend/internal/handler/product_handler.go:166.2,166.29 1 0
github.com/moedahpos/backend/internal/handler/product_handler.go:170.79,174.16 4 0
github.com/moedahpos/backend/internal/handler/product_handler.go:174.16,175.49 1 0
github.com/moedahpos/backend/internal/handler/product_handler.go:175.49,178.4 2 0
github.com/moedahpos/backend/internal/handler/product_handler.go:179.3,180.9 2 0
github.com/moedahpos/backend/internal/handler/product_handler.go:182.2,182.29 1 0
github.com/moedahpos/backend/internal/handler/product_handler.go:186.73,189.61 3 0
github.com/moedahpos/backend/internal/handler/product_handler.go:189.61,192.3 2 0
github.com/moedahpos/backend/internal/handler/product_handler.go:193.2,193.58 1 0
github.com/moedahpos/backend/internal/handler/product_handler.go:193.58,196.3 2 0
github.com/moedahpos/backend/internal/handler/product_handler.go:197.2,198.16 2 0
github.com/moedahpos/backend/internal/handler/product_handler.go:198.16,199.49 1 0
github.com/moedahpos/backend/internal/handler/product_handler.go:199.49,202.4 2 0
github.com/moedahpos/backend/internal/handler/product_handler.go:203.3,204.9 2 0
github.com/moedahpos/backend/internal/handler/product_handler.go:206.2,206.29 1 0
github.com/moedahpos/backend/internal/handler/product_handler.go:210.73,212.68 2 0
github.com/moedahpos/backend/internal/handler/product_handler.go:212.68,213.49 1 0
github.com/moedahpos/backend/internal/handler/product_handler.go:213.49,216.4 2 0
github.com/moedahpos/backend/internal/handler/product_handler.go:217.3,218.9 2 0
github.com/moedahpos/backend/internal/handler/product_handler.go:220.2,222.4 1 0
github.com/moedahpos/backend/internal/handler/purchase_order_handler.go:25.133,27.2 1 0
github.com/moedahpos/backend/internal/handler/purchase_order_handler.go:30.77,40.16 9 0
github.com/moedahpos/backend/internal/handler/purchase_order_handler.go:40.16,44.3 3 0
github.com/moedahpos/backend/internal/handler/purchase_order_handler.go:45.2,45.62 1 0
github.com/moedahpos/backend/internal/handler/purchase_order_handler.go:49.79,52.61 3 0
github.com/moedahpos/backend/internal/handler/purchase_order_handler.go:52.61,55.3 2 0
github.com/moedahpos/backend/internal/handler/purchase_order_handler.go:56.2,56.58 1 0
github.com/moedahpos/backend/internal/handler/purchase_order_handler.go:56.58,59.3 2 0
github.com/moedahpos/backend/internal/handler/purchase_order_handler.go:60.2,61.16 2 0
github.com/moedahpos/backend/internal/handler/purchase_order_handler.go:61.16,62.49 1 0
github.com/moedahpos/backend/internal/handler/purchase_order_handler.go:62.49,65.4 2 0
github.com/moedahpos/backend/internal/handler/purchase_order_handler.go:66.3,68.9 3 0
github.com/moedahpos/backend/internal/handler/purchase_order_handler.go:70.2,70.29 1 0
github.com/moedahpos/backend/internal/handler/purchase_order_handler.go:74.76,77.16 3 0
github.com/moedahpos/backend/internal/handler/purchase_order_handler.go:77.16,78.44 1 0
github.com/moedahpos/backend/internal/handler/purchase_order_handler.go:78.44,81.4 2 0
github.com/moedahpos/backend/internal/handler/purchase_order_handler.go:82.3,83.9 2 0
github.com/moedahpos/backend/internal/handler/purchase_order_handler.go:85.2,85.29 1 0
github.com/moedahpos/backend/internal/handler/purchase_order_handler.go:89.79,93.61 4 0
github.com/moedahpos/backend/internal/handler/purchase_order_handler.go:93.61,96.3 2 0
github.com/moedahpos/backend/internal/handler/purchase_order_handler.go:97.2,97.58 1 0
github.com/moedahpos/backend/internal/handler/purchase_order_handler.go:97.58,100.3 2 0
github.com/moedahpos/backend/internal/handler/purchase_order_handler.go:101.2,102.16 2 0
github.com/moedahpos/backend/internal/handler/purchase_order_handler.go:102.16,103.10 1 0
github.com/moedahpos/backend/internal/handler/purchase_order_handler.go:104.46,105.42 1 0
github.com/moedahpos/backend/internal/handler/purchase_order_handler.go:106.49,107.88 1 0
github.com/moedahpos/backend/internal/handler/purchase_order_handler.go:108.11,109.29 1 0
github.com/moedahpos/backend/internal/handler/purchase_order_handler.go:111.3,111.9 1 0
github.com/moedahpos/backend/internal/handler/purchase_order_handler.go:113.2,113.29 1 0
github.com/moedahpos/backend/internal/handler/purchase_order_handler.go:117.79,119.76 2 0
github.com/moedahpos/backend/internal/handler/purchase_order_handler.go:119.76,120.10 1 0
github.com/moedahpos/backend/internal/handler/purchase_order_handler.go:121.46,122.42 1 0
github.com/moedahpos/backend/internal/handler/purchase_order_handler.go:123.50,124.91 1 0
github.com/moedahpos/backend/internal/handler/purchase_order_handler.go:125.11,126.29 1 0
github.com/moedahpos/backend/internal/handler/purchase_order_handler.go:128.3,128.9 1 0
github.com/moedahpos/backend/internal/handler/purchase_order_handler.go:130.2,132.4 1 0
github.com/moedahpos/backend/internal/handler/purchase_order_handler.go:136.80,138.77 2 0
github.com/moedahpos/backend/internal/handler/purchase_order_handler.go:138.77,139.10 1 0
github.com/moedahpos/backend/internal/handler/purchase_order_handler.go:140.46,141.42 1 0
github.com/moedahpos/backend/internal/handler/purchase_order_handler.go:142.51,143.85 1 0
github.com/moedahpos/backend/internal/handler/purchase_order_handler.go:144.11,146.29 2 0
github.com/moedahpos/backend/internal/handler/purchase_order_handler.go:148.3,148.9 1 0
github.com/moedahpos/backend/internal/handler/purchase_order_handler.go:150.2,152.4 1 0
github.com/moedahpos/backend/internal/handler/purchase_order_handler.go:156.79,158.58 2 0
github.com/moedahpos/backend/internal/handler/purchase_order_handler.go:158.58,159.10 1 0
github.com/moedahpos/backend/internal/handler/purchase_order_handler.go:160.46,161.42 1 0
github.com/moedahpos/backend/internal/handler/purchase_order_handler.go:162.50,163.93 1 0
github.com/moedahpos/backend/internal/handler/purchase_order_handler.go:164.11,165.29 1 0
github.com/moedahpos/backend/internal/handler/purchase_order_handler.go:167.3,167.9 1 0
github.com/moedahpos/backend/internal/handler/purchase_order_handler.go:169.2,171.4 1 0
github.com/moedahpos/backend/internal/handler/purchase_order_handler.go:175.87,178.16 3 0
github.com/moedahpos/backend/internal/handler/purchase_order_handler.go:178.16,182.3 3 0
github.com/moedahpos/backend/internal/handler/purchase_order_handler.go:183.2,183.30 1 0
github.com/moedahpos/backend/internal/handler/purchase_order_handler.go:187.86,191.61 4 0
github.com/moedahpos/backend/internal/handler/purchase_order_handler.go:191.61,194.3 2 0
github.com/moedahpos/backend/internal/handler/purchase_order_handler.go:195.2,195.58 1 0
github.com/moedahpos/backend/internal/handler/purchase_order_handler.go:195.58,198.3 2 0
github.com/moedahpos/backend/internal/handler/purchase_order_handler.go:199.2,200.16 2 0
github.com/moedahpos/backend/internal/handler/purchase_order_handler.go:200.16,201.44 1 0
github.com/moedahpos/backend/internal/handler/purchase_order_handler.go:201.44,204.4 2 0
github.com/moedahpos/backend/internal/handler/purchase_order_handler.go:205.3,206.9 2 0
github.com/moedahpos/backend/internal/handler/purchase_order_handler.go:208.2,208.29 1 0
github.com/moedahpos/backend/internal/handler/purchase_order_handler.go:212.85,215.16 3 0
github.com/moedahpos/backend/internal/handler/purchase_order_handler.go:215.16,219.3 3 0
github.com/moedahpos/backend/internal/handler/purchase_order_handler.go:220.2,220.27 1 0
github.com/moedahpos/backend/internal/handler/report_handler.go:21.100,23.2 1 1
github.com/moedahpos/backend/internal/handler/report_handler.go:25.72,31.2 1 1
github.com/moedahpos/backend/internal/handler/report_handler.go:34.78,37.16 3 1
github.com/moedahpos/backend/internal/handler/report_handler.go:37.16,41.3 3 0
github.com/moedahpos/backend/internal/handler/report_handler.go:42.2,42.29 1 1
github.com/moedahpos/backend/internal/handler/report_handler.go:46.80,49.16 3 0
github.com/moedahpos/backend/internal/handler/report_handler.go:49.16,53.3 3 0
github.com/moedahpos/backend/internal/handler/report_handler.go:54.2,54.27 1 0
github.com/moedahpos/backend/internal/handler/report_handler.go:58.80,61.16 3 0
github.com/moedahpos/backend/internal/handler/report_handler.go:61.16,65.3 3 0
github.com/moedahpos/backend/internal/handler/report_handler.go:66.2,66.27 1 0
github.com/moedahpos/backend/internal/handler/report_handler.go:70.80,73.16 3 1
github.com/moedahpos/backend/internal/handler/report_handler.go:73.16,77.3 3 0
github.com/moedahpos/backend/internal/handler/report_handler.go:78.2,78.29 1 1
github.com/moedahpos/backend/internal/handler/report_handler.go:82.79,85.19 3 0
github.com/moedahpos/backend/internal/handler/report_handler.go:85.19,87.3 1 0
github.com/moedahpos/backend/internal/handler/report_handler.go:88.2,89.16 2 0
github.com/moedahpos/backend/internal/handler/report_handler.go:89.16,93.3 3 0
github.com/moedahpos/backend/internal/handler/report_handler.go:94.2,94.29 1 0
github.com/moedahpos/backend/internal/handler/report_handler.go:98.74,101.16 3 0
github.com/moedahpos/backend/internal/handler/report_handler.go:101.16,105.3 3 0
github.com/moedahpos/backend/internal/handler/report_handler.go:106.2,106.29 1 0
github.com/moedahpos/backend/internal/handler/report_handler.go:110.80,115.16 4 0
github.com/moedahpos/backend/internal/handler/report_handler.go:115.16,119.3 3 0
github.com/moedahpos/backend/internal/handler/report_handler.go:120.2,120.29 1 0
github.com/moedahpos/backend/internal/handler/restaurant_handler.go:48.22,50.2 1 0
github.com/moedahpos/backend/internal/handler/restaurant_handler.go:54.80,57.16 3 0
github.com/moedahpos/backend/internal/handler/restaurant_handler.go:57.16,61.3 3 0
github.com/moedahpos/backend/internal/handler/restaurant_handler.go:62.2,62.29 1 0
github.com/moedahpos/backend/internal/handler/restaurant_handler.go:65.81,68.61 3 0
github.com/moedahpos/backend/internal/handler/restaurant_handler.go:68.61,71.3 2 0
github.com/moedahpos/backend/internal/handler/restaurant_handler.go:72.2,72.57 1 0
github.com/moedahpos/backend/internal/handler/restaurant_handler.go:72.57,75.3 2 0
github.com/moedahpos/backend/internal/handler/restaurant_handler.go:76.2,77.16 2 0
github.com/moedahpos/backend/internal/handler/restaurant_handler.go:77.16,81.3 3 0
github.com/moedahpos/backend/internal/handler/restaurant_handler.go:82.2,82.28 1 0
github.com/moedahpos/backend/internal/handler/restaurant_handler.go:85.81,88.61 3 0
github.com/moedahpos/backend/internal/handler/restaurant_handler.go:88.61,91.3 2 0
github.com/moedahpos/backend/internal/handler/restaurant_handler.go:92.2,92.57 1 0
github.com/moedahpos/backend/internal/handler/restaurant_handler.go:92.57,95.3 2 0
github.com/moedahpos/backend/internal/handler/restaurant_handler.go:96.2,97.16 2 0
github.com/moedahpos/backend/internal/handler/restaurant_handler.go:97.16,101.3 3 0
github.com/moedahpos/backend/internal/handler/restaurant_handler.go:102.2,102.28 1 0
github.com/moedahpos/backend/internal/handler/restaurant_handler.go:105.87,108.61 3 0
github.com/moedahpos/backend/internal/handler/restaurant_handler.go:108.61,111.3 2 0
github.com/moedahpos/backend/internal/handler/restaurant_handler.go:112.2,112.57 1 0
github.com/moedahpos/backend/internal/handler/restaurant_handler.go:112.57,115.3 2 0
github.com/moedahpos/backend/internal/handler/restaurant_handler.go:116.2,116.97 1 0
github.com/moedahpos/backend/internal/handler/restaurant_handler.go:116.97,120.3 3 0
github.com/moedahpos/backend/internal/handler/restaurant_handler.go:121.2,121.96 1 0
github.com/moedahpos/backend/internal/handler/restaurant_handler.go:124.81,126.59 2 0
github.com/moedahpos/backend/internal/handler/restaurant_handler.go:126.59,130.3 3 0
github.com/moedahpos/backend/internal/handler/restaurant_handler.go:131.2,131.102 1 0
github.com/moedahpos/backend/internal/handler/restaurant_handler.go:136.83,139.16 3 0
github.com/moedahpos/backend/internal/handler/restaurant_handler.go:139.16,143.3 3 0
github.com/moedahpos/backend/internal/handler/restaurant_handler.go:144.2,144.28 1 0
github.com/moedahpos/backend/internal/handler/restaurant_handler.go:147.84,150.61 3 0
github.com/moedahpos/backend/internal/handler/restaurant_handler.go:150.61,153.3 2 0
github.com/moedahpos/backend/internal/handler/restaurant_handler.go:154.2,154.57 1 0
github.com/moedahpos/backend/internal/handler/restaurant_handler.go:154.57,157.3 2 0
github.com/moedahpos/backend/internal/handler/restaurant_handler.go:158.2,159.16 2 0
github.com/moedahpos/backend/internal/handler/restaurant_handler.go:159.16,163.3 3 0
github.com/moedahpos/backend/internal/handler/restaurant_handler.go:164.2,164.27 1 0
github.com/moedahpos/backend/internal/handler/restaurant_handler.go:167.84,170.61 3 0
github.com/moedahpos/backend/internal/handler/restaurant_handler.go:170.61,173.3 2 0
github.com/moedahpos/backend/internal/handler/restaurant_handler.go:174.2,174.57 1 0
github.com/moedahpos/backend/internal/handler/restaurant_handler.go:174.57,177.3 2 0
github.com/moedahpos/backend/internal/handler/restaurant_handler.go:178.2,179.16 2 0
github.com/moedahpos/backend/internal/handler/restaurant_handler.go:179.16,183.3 3 0
github.com/moedahpos/backend/internal/handler/restaurant_handler.go:184.2,184.27 1 0
github.com/moedahpos/backend/internal/handler/restaurant_handler.go:187.84,189.58 2 0
github.com/moedahpos/backend/internal/handler/restaurant_handler.go:189.58,193.3 3 0
github.com/moedahpos/backend/internal/handler/restaurant_handler.go:194.2,194.106 1 0
github.com/moedahpos/backend/internal/handler/stock_adjustment_handler.go:23.153,29.2 1 1
github.com/moedahpos/backend/internal/handler/stock_adjustment_handler.go:31.81,33.19 2 1
github.com/moedahpos/backend/internal/handler/stock_adjustment_handler.go:33.19,36.3 2 0
github.com/moedahpos/backend/internal/handler/stock_adjustment_handler.go:38.2,39.18 2 1
github.com/moedahpos/backend/internal/handler/stock_adjustment_handler.go:39.18,42.3 2 0
github.com/moedahpos/backend/internal/handler/stock_adjustment_handler.go:44.2,45.61 2 1
github.com/moedahpos/backend/internal/handler/stock_adjustment_handler.go:45.61,48.3 2 0
github.com/moedahpos/backend/internal/handler/stock_adjustment_handler.go:50.2,50.57 1 1
github.com/moedahpos/backend/internal/handler/stock_adjustment_handler.go:50.57,53.3 2 1
github.com/moedahpos/backend/internal/handler/stock_adjustment_handler.go:55.2,55.82 1 1
github.com/moedahpos/backend/internal/handler/stock_adjustment_handler.go:55.82,60.3 3 1
github.com/moedahpos/backend/internal/handler/stock_adjustment_handler.go:62.2,62.81 1 1
github.com/moedahpos/backend/internal/handler/stock_adjustment_handler.go:65.85,67.19 2 1
github.com/moedahpos/backend/internal/handler/stock_adjustment_handler.go:67.19,70.3 2 0
github.com/moedahpos/backend/internal/handler/stock_adjustment_handler.go:72.2,74.21 3 1
github.com/moedahpos/backend/internal/handler/stock_adjustment_handler.go:74.21,76.3 1 0
github.com/moedahpos/backend/internal/handler/stock_adjustment_handler.go:78.2,79.16 2 1
github.com/moedahpos/backend/internal/handler/stock_adjustment_handler.go:79.16,83.3 3 0
github.com/moedahpos/backend/internal/handler/stock_adjustment_handler.go:85.2,85.34 1 1
github.com/moedahpos/backend/internal/handler/stock_handler.go:25.120,27.2 1 1
github.com/moedahpos/backend/internal/handler/stock_handler.go:30.74,33.16 3 1
github.com/moedahpos/backend/internal/handler/stock_handler.go:33.16,37.3 3 1
github.com/moedahpos/backend/internal/handler/stock_handler.go:38.2,38.29 1 1
github.com/moedahpos/backend/internal/handler/stock_handler.go:42.76,45.16 3 0
github.com/moedahpos/backend/internal/handler/stock_handler.go:45.16,49.3 3 0
github.com/moedahpos/backend/internal/handler/stock_handler.go:50.2,50.29 1 0
github.com/moedahpos/backend/internal/handler/stock_handler.go:54.80,58.16 4 1
github.com/moedahpos/backend/internal/handler/stock_handler.go:58.16,59.52 1 1
github.com/moedahpos/backend/internal/handler/stock_handler.go:59.52,62.4 2 1
github.com/moedahpos/backend/internal/handler/stock_handler.go:63.3,64.9 2 0
github.com/moedahpos/backend/internal/handler/stock_handler.go:66.2,66.28 1 1
github.com/moedahpos/backend/internal/handler/stock_handler.go:70.71,73.61 3 1
github.com/moedahpos/backend/internal/handler/stock_handler.go:73.61,76.3 2 0
github.com/moedahpos/backend/internal/handler/stock_handler.go:77.2,77.58 1 1
github.com/moedahpos/backend/internal/handler/stock_handler.go:77.58,80.3 2 1
github.com/moedahpos/backend/internal/handler/stock_handler.go:81.2,82.16 2 1
github.com/moedahpos/backend/internal/handler/stock_handler.go:82.16,83.51 1 1
github.com/moedahpos/backend/internal/handler/stock_handler.go:83.51,86.4 2 1
github.com/moedahpos/backend/internal/handler/stock_handler.go:87.3,89.9 3 0
github.com/moedahpos/backend/internal/handler/stock_handler.go:91.2,91.29 1 1
github.com/moedahpos/backend/internal/handler/stock_handler.go:95.76,98.61 3 0
github.com/moedahpos/backend/internal/handler/stock_handler.go:98.61,101.3 2 0
github.com/moedahpos/backend/internal/handler/stock_handler.go:102.2,102.58 1 0
github.com/moedahpos/backend/internal/handler/stock_handler.go:102.58,105.3 2 0
github.com/moedahpos/backend/internal/handler/stock_handler.go:106.2,106.75 1 0
github.com/moedahpos/backend/internal/handler/stock_handler.go:106.75,107.51 1 0
github.com/moedahpos/backend/internal/handler/stock_handler.go:107.51,110.4 2 0
github.com/moedahpos/backend/internal/handler/stock_handler.go:111.3,112.9 2 0
github.com/moedahpos/backend/internal/handler/stock_handler.go:114.2,116.4 1 0
github.com/moedahpos/backend/internal/handler/stock_handler.go:120.77,129.16 8 0
github.com/moedahpos/backend/internal/handler/stock_handler.go:129.16,133.3 3 0
github.com/moedahpos/backend/internal/handler/stock_handler.go:134.2,134.68 1 0
github.com/moedahpos/backend/internal/handler/store_handler.go:26.112,28.2 1 0
github.com/moedahpos/backend/internal/handler/store_handler.go:31.69,36.50 5 0
github.com/moedahpos/backend/internal/handler/store_handler.go:36.50,38.17 2 0
github.com/moedahpos/backend/internal/handler/store_handler.go:38.17,40.4 1 0
github.com/moedahpos/backend/internal/handler/store_handler.go:43.2,44.16 2 0
github.com/moedahpos/backend/internal/handler/store_handler.go:44.16,48.3 3 0
github.com/moedahpos/backend/internal/handler/store_handler.go:49.2,49.65 1 0
github.com/moedahpos/backend/internal/handler/store_handler.go:53.71,55.61 2 0
github.com/moedahpos/backend/internal/handler/store_handler.go:55.61,58.3 2 0
github.com/moedahpos/backend/internal/handler/store_handler.go:59.2,59.58 1 0
github.com/moedahpos/backend/internal/handler/store_handler.go:59.58,62.3 2 0
github.com/moedahpos/backend/internal/handler/store_handler.go:63.2,64.16 2 0
github.com/moedahpos/backend/internal/handler/store_handler.go:64.16,68.3 3 0
github.com/moedahpos/backend/internal/handler/store_handler.go:69.2,69.29 1 0
github.com/moedahpos/backend/internal/handler/store_handler.go:73.68,76.16 3 0
github.com/moedahpos/backend/internal/handler/store_handler.go:76.16,77.47 1 0
github.com/moedahpos/backend/internal/handler/store_handler.go:77.47,80.4 2 0
github.com/moedahpos/backend/internal/handler/store_handler.go:81.3,82.9 2 0
github.com/moedahpos/backend/internal/handler/store_handler.go:84.2,84.29 1 0
github.com/moedahpos/backend/internal/handler/store_handler.go:88.71,91.61 3 0
github.com/moedahpos/backend/internal/handler/store_handler.go:91.61,94.3 2 0
github.com/moedahpos/backend/internal/handler/store_handler.go:95.2,95.58 1 0
github.com/moedahpos/backend/internal/handler/store_handler.go:95.58,98.3 2 0
github.com/moedahpos/backend/internal/handler/store_handler.go:99.2,100.16 2 0
github.com/moedahpos/backend/internal/handler/store_handler.go:100.16,101.47 1 0
github.com/moedahpos/backend/internal/handler/store_handler.go:101.47,104.4 2 0
github.com/moedahpos/backend/internal/handler/store_handler.go:105.3,106.9 2 0
github.com/moedahpos/backend/internal/handler/store_handler.go:108.2,108.29 1 0
github.com/moedahpos/backend/internal/handler/store_handler.go:112.71,114.64 2 0
github.com/moedahpos/backend/internal/handler/store_handler.go:114.64,115.47 1 0
github.com/moedahpos/backend/internal/handler/store_handler.go:115.47,118.4 2 0
github.com/moedahpos/backend/internal/handler/store_handler.go:119.3,120.9 2 0
github.com/moedahpos/backend/internal/handler/store_handler.go:122.2,125.4 1 0
github.com/moedahpos/backend/internal/handler/store_handler.go:131.76,134.16 3 0
github.com/moedahpos/backend/internal/handler/store_handler.go:134.16,135.47 1 0
github.com/moedahpos/backend/internal/handler/store_handler.go:135.47,138.4 2 0
github.com/moedahpos/backend/internal/handler/store_handler.go:139.3,140.9 2 0
github.com/moedahpos/backend/internal/handler/store_handler.go:142.2,142.30 1 0
github.com/moedahpos/backend/internal/handler/store_handler.go:146.74,149.61 3 0
github.com/moedahpos/backend/internal/handler/store_handler.go:149.61,152.3 2 0
github.com/moedahpos/backend/internal/handler/store_handler.go:153.2,153.58 1 0
github.com/moedahpos/backend/internal/handler/store_handler.go:153.58,156.3 2 0
github.com/moedahpos/backend/internal/handler/store_handler.go:157.2,157.73 1 0
github.com/moedahpos/backend/internal/handler/store_handler.go:157.73,158.53 1 0
github.com/moedahpos/backend/internal/handler/store_handler.go:158.53,161.4 2 0
github.com/moedahpos/backend/internal/handler/store_handler.go:162.3,162.47 1 0
github.com/moedahpos/backend/internal/handler/store_handler.go:162.47,165.4 2 0
github.com/moedahpos/backend/internal/handler/store_handler.go:166.3,167.9 2 0
github.com/moedahpos/backend/internal/handler/store_handler.go:169.2,171.4 1 0
github.com/moedahpos/backend/internal/handler/store_handler.go:175.81,179.61 4 0
github.com/moedahpos/backend/internal/handler/store_handler.go:179.61,182.3 2 0
github.com/moedahpos/backend/internal/handler/store_handler.go:183.2,183.58 1 0
github.com/moedahpos/backend/internal/handler/store_handler.go:183.58,186.3 2 0
github.com/moedahpos/backend/internal/handler/store_handler.go:187.2,187.88 1 0
github.com/moedahpos/backend/internal/handler/store_handler.go:187.88,188.48 1 0
github.com/moedahpos/backend/internal/handler/store_handler.go:188.48,191.4 2 0
github.com/moedahpos/backend/internal/handler/store_handler.go:192.3,193.9 2 0
github.com/moedahpos/backend/internal/handler/store_handler.go:195.2,197.4 1 0
github.com/moedahpos/backend/internal/handler/store_handler.go:201.77,204.78 3 0
github.com/moedahpos/backend/internal/handler/store_handler.go:204.78,205.48 1 0
github.com/moedahpos/backend/internal/handler/store_handler.go:205.48,208.4 2 0
github.com/moedahpos/backend/internal/handler/store_handler.go:209.3,210.9 2 0
github.com/moedahpos/backend/internal/handler/store_handler.go:212.2,214.4 1 0
github.com/moedahpos/backend/internal/handler/store_handler.go:218.44,220.2 1 1
github.com/moedahpos/backend/internal/handler/supplier_handler.go:25.132,27.2 1 1
github.com/moedahpos/backend/internal/handler/supplier_handler.go:30.72,35.50 5 1
github.com/moedahpos/backend/internal/handler/supplier_handler.go:35.50,37.17 2 0
github.com/moedahpos/backend/internal/handler/supplier_handler.go:37.17,39.4 1 0
github.com/moedahpos/backend/internal/handler/supplier_handler.go:42.2,43.16 2 1
github.com/moedahpos/backend/internal/handler/supplier_handler.go:43.16,47.3 3 0
github.com/moedahpos/backend/internal/handler/supplier_handler.go:48.2,48.68 1 1
github.com/moedahpos/backend/internal/handler/supplier_handler.go:52.74,54.61 2 1
github.com/moedahpos/backend/internal/handler/supplier_handler.go:54.61,57.3 2 0
github.com/moedahpos/backend/internal/handler/supplier_handler.go:58.2,58.58 1 1
github.com/moedahpos/backend/internal/handler/supplier_handler.go:58.58,61.3 2 1
github.com/moedahpos/backend/internal/handler/supplier_handler.go:62.2,63.16 2 1
github.com/moedahpos/backend/internal/handler/supplier_handler.go:63.16,67.3 3 0
github.com/moedahpos/backend/internal/handler/supplier_handler.go:68.2,68.29 1 1
github.com/moedahpos/backend/internal/handler/supplier_handler.go:72.71,75.16 3 1
github.com/moedahpos/backend/internal/handler/supplier_handler.go:75.16,76.50 1 0
github.com/moedahpos/backend/internal/handler/supplier_handler.go:76.50,79.4 2 0
github.com/moedahpos/backend/internal/handler/supplier_handler.go:80.3,81.9 2 0
github.com/moedahpos/backend/internal/handler/supplier_handler.go:83.2,83.29 1 1
github.com/moedahpos/backend/internal/handler/supplier_handler.go:87.74,90.61 3 0
github.com/moedahpos/backend/internal/handler/supplier_handler.go:90.61,93.3 2 0
github.com/moedahpos/backend/internal/handler/supplier_handler.go:94.2,94.58 1 0
github.com/moedahpos/backend/internal/handler/supplier_handler.go:94.58,97.3 2 0
github.com/moedahpos/backend/internal/handler/supplier_handler.go:98.2,99.16 2 0
github.com/moedahpos/backend/internal/handler/supplier_handler.go:99.16,100.50 1 0
github.com/moedahpos/backend/internal/handler/supplier_handler.go:100.50,103.4 2 0
github.com/moedahpos/backend/internal/handler/supplier_handler.go:104.3,105.9 2 0
github.com/moedahpos/backend/internal/handler/supplier_handler.go:107.2,107.29 1 0
github.com/moedahpos/backend/internal/handler/supplier_handler.go:111.74,113.70 2 0
github.com/moedahpos/backend/internal/handler/supplier_handler.go:113.70,114.50 1 0
github.com/moedahpos/backend/internal/handler/supplier_handler.go:114.50,117.4 2 0
github.com/moedahpos/backend/internal/handler/supplier_handler.go:118.3,119.9 2 0
github.com/moedahpos/backend/internal/handler/supplier_handler.go:121.2,123.4 1 0
github.com/moedahpos/backend/internal/handler/termin_handler.go:25.116,27.2 1 0
github.com/moedahpos/backend/internal/handler/termin_handler.go:31.80,35.61 3 0
github.com/moedahpos/backend/internal/handler/termin_handler.go:35.61,38.3 2 0
github.com/moedahpos/backend/internal/handler/termin_handler.go:39.2,39.58 1 0
github.com/moedahpos/backend/internal/handler/termin_handler.go:39.58,42.3 2 0
github.com/moedahpos/backend/internal/handler/termin_handler.go:44.2,45.16 2 0
github.com/moedahpos/backend/internal/handler/termin_handler.go:45.16,48.3 2 0
github.com/moedahpos/backend/internal/handler/termin_handler.go:49.2,49.30 1 0
github.com/moedahpos/backend/internal/handler/termin_handler.go:54.77,57.16 3 0
github.com/moedahpos/backend/internal/handler/termin_handler.go:57.16,60.3 2 0
github.com/moedahpos/backend/internal/handler/termin_handler.go:61.2,61.30 1 0
github.com/moedahpos/backend/internal/handler/termin_handler.go:66.79,70.61 3 0
github.com/moedahpos/backend/internal/handler/termin_handler.go:70.61,73.3 2 0
github.com/moedahpos/backend/internal/handler/termin_handler.go:74.2,74.58 1 0
github.com/moedahpos/backend/internal/handler/termin_handler.go:74.58,77.3 2 0
github.com/moedahpos/backend/internal/handler/termin_handler.go:79.2,80.16 2 0
github.com/moedahpos/backend/internal/handler/termin_handler.go:80.16,83.3 2 0
github.com/moedahpos/backend/internal/handler/termin_handler.go:84.2,84.26 1 0
github.com/moedahpos/backend/internal/handler/termin_handler.go:89.80,92.16 3 0
github.com/moedahpos/backend/internal/handler/termin_handler.go:92.16,95.3 2 0
github.com/moedahpos/backend/internal/handler/termin_handler.go:96.2,96.30 1 0
github.com/moedahpos/backend/internal/handler/termin_handler.go:101.77,104.19 3 0
github.com/moedahpos/backend/internal/handler/termin_handler.go:104.19,106.3 1 0
github.com/moedahpos/backend/internal/handler/termin_handler.go:107.2,107.17 1 0
github.com/moedahpos/backend/internal/handler/termin_handler.go:108.48,108.48 0 0
github.com/moedahpos/backend/internal/handler/termin_handler.go:110.10,112.9 2 0
github.com/moedahpos/backend/internal/handler/termin_handler.go:115.2,116.16 2 0
github.com/moedahpos/backend/internal/handler/termin_handler.go:116.16,119.3 2 0
github.com/moedahpos/backend/internal/handler/termin_handler.go:120.2,120.27 1 0
github.com/moedahpos/backend/internal/handler/termin_handler.go:124.69,125.9 1 0
github.com/moedahpos/backend/internal/handler/termin_handler.go:126.45,127.41 1 0
github.com/moedahpos/backend/internal/handler/termin_handler.go:128.49,129.33 1 0
github.com/moedahpos/backend/internal/handler/termin_handler.go:130.52,131.56 1 0
github.com/moedahpos/backend/internal/handler/termin_handler.go:132.48,133.100 1 0
github.com/moedahpos/backend/internal/handler/termin_handler.go:134.10,136.28 2 0
github.com/moedahpos/backend/internal/handler/transaction_handler.go:25.136,27.2 1 1
github.com/moedahpos/backend/internal/handler/transaction_handler.go:30.79,33.61 3 1
github.com/moedahpos/backend/internal/handler/transaction_handler.go:33.61,36.3 2 0
github.com/moedahpos/backend/internal/handler/transaction_handler.go:37.2,37.58 1 1
github.com/moedahpos/backend/internal/handler/transaction_handler.go:37.58,40.3 2 0
github.com/moedahpos/backend/internal/handler/transaction_handler.go:42.2,43.16 2 1
github.com/moedahpos/backend/internal/handler/transaction_handler.go:43.16,44.10 1 0
github.com/moedahpos/backend/internal/handler/transaction_handler.go:45.51,46.35 1 0
github.com/moedahpos/backend/internal/handler/transaction_handler.go:47.53,48.66 1 0
github.com/moedahpos/backend/internal/handler/transaction_handler.go:49.54,50.94 1 0
github.com/moedahpos/backend/internal/handler/transaction_handler.go:51.11,53.29 2 0
github.com/moedahpos/backend/internal/handler/transaction_handler.go:55.3,55.9 1 0
github.com/moedahpos/backend/internal/handler/transaction_handler.go:57.2,57.29 1 1
github.com/moedahpos/backend/internal/handler/transaction_handler.go:61.75,72.16 10 0
github.com/moedahpos/backend/internal/handler/transaction_handler.go:72.16,76.3 3 0
github.com/moedahpos/backend/internal/handler/transaction_handler.go:77.2,77.63 1 0
github.com/moedahpos/backend/internal/handler/transaction_handler.go:81.74,84.16 3 1
github.com/moedahpos/backend/internal/handler/transaction_handler.go:84.16,85.53 1 0
github.com/moedahpos/backend/internal/handler/transaction_handler.go:85.53,88.4 2 0
github.com/moedahpos/backend/internal/handler/transaction_handler.go:89.3,90.9 2 0
github.com/moedahpos/backend/internal/handler/transaction_handler.go:92.2,92.29 1 1
github.com/moedahpos/backend/internal/handler/transaction_handler.go:96.75,98.84 2 1
github.com/moedahpos/backend/internal/handler/transaction_handler.go:98.84,99.10 1 0
github.com/moedahpos/backend/internal/handler/transaction_handler.go:100.55,101.39 1 0
github.com/moedahpos/backend/internal/handler/transaction_handler.go:102.60,103.75 1 0
github.com/moedahpos/backend/internal/handler/transaction_handler.go:104.11,106.29 2 0
github.com/moedahpos/backend/internal/handler/transaction_handler.go:108.3,108.9 1 0
github.com/moedahpos/backend/internal/handler/transaction_handler.go:110.2,112.4 1 1
github.com/moedahpos/backend/internal/handler/transaction_handler.go:118.82,121.61 3 0
github.com/moedahpos/backend/internal/handler/transaction_handler.go:121.61,124.3 2 0
github.com/moedahpos/backend/internal/handler/transaction_handler.go:125.2,125.58 1 0
github.com/moedahpos/backend/internal/handler/transaction_handler.go:125.58,128.3 2 0
github.com/moedahpos/backend/internal/handler/transaction_handler.go:129.2,130.16 2 0
github.com/moedahpos/backend/internal/handler/transaction_handler.go:130.16,134.3 3 0
github.com/moedahpos/backend/internal/handler/transaction_handler.go:135.2,135.29 1 0
github.com/moedahpos/backend/internal/handler/transaction_handler.go:139.86,142.19 3 0
github.com/moedahpos/backend/internal/handler/transaction_handler.go:142.19,145.3 2 0
github.com/moedahpos/backend/internal/handler/transaction_handler.go:146.2,147.16 2 0
github.com/moedahpos/backend/internal/handler/transaction_handler.go:147.16,151.3 3 0
github.com/moedahpos/backend/internal/handler/transaction_handler.go:152.2,152.19 1 0
github.com/moedahpos/backend/internal/handler/transaction_handler.go:152.19,155.3 2 0
github.com/moedahpos/backend/internal/handler/transaction_handler.go:156.2,156.29 1 0
github.com/moedahpos/backend/internal/handler/transaction_handler.go:160.82,164.61 4 0
github.com/moedahpos/backend/internal/handler/transaction_handler.go:164.61,167.3 2 0
github.com/moedahpos/backend/internal/handler/transaction_handler.go:168.2,168.58 1 0
github.com/moedahpos/backend/internal/handler/transaction_handler.go:168.58,171.3 2 0
github.com/moedahpos/backend/internal/handler/transaction_handler.go:172.2,173.16 2 0
github.com/moedahpos/backend/internal/handler/transaction_handler.go:173.16,174.10 1 0
github.com/moedahpos/backend/internal/handler/transaction_handler.go:175.49,176.39 1 0
github.com/moedahpos/backend/internal/handler/transaction_handler.go:177.11,179.29 2 0
github.com/moedahpos/backend/internal/handler/transaction_handler.go:181.3,181.9 1 0
github.com/moedahpos/backend/internal/handler/transaction_handler.go:183.2,183.29 1 0
github.com/moedahpos/backend/internal/handler/transaction_handler.go:187.79,191.61 4 0
github.com/moedahpos/backend/internal/handler/transaction_handler.go:191.61,194.3 2 0
github.com/moedahpos/backend/internal/handler/transaction_handler.go:195.2,195.58 1 0
github.com/moedahpos/backend/internal/handler/transaction_handler.go:195.58,198.3 2 0
github.com/moedahpos/backend/internal/handler/transaction_handler.go:199.2,200.16 2 0
github.com/moedahpos/backend/internal/handler/transaction_handler.go:200.16,201.10 1 0
github.com/moedahpos/backend/internal/handler/transaction_handler.go:202.49,203.39 1 0
github.com/moedahpos/backend/internal/handler/transaction_handler.go:204.54,205.94 1 0
github.com/moedahpos/backend/internal/handler/transaction_handler.go:206.11,208.29 2 0
github.com/moedahpos/backend/internal/handler/transaction_handler.go:210.3,210.9 1 0
github.com/moedahpos/backend/internal/handler/transaction_handler.go:212.2,212.29 1 0
github.com/moedahpos/backend/internal/handler/transaction_handler.go:218.84,221.16 3 0
github.com/moedahpos/backend/internal/handler/transaction_handler.go:221.16,225.3 3 0
github.com/moedahpos/backend/internal/handler/transaction_handler.go:226.2,226.29 1 0
github.com/moedahpos/backend/internal/handler/transaction_handler.go:230.90,233.61 3 0
github.com/moedahpos/backend/internal/handler/transaction_handler.go:233.61,236.3 2 0
github.com/moedahpos/backend/internal/handler/transaction_handler.go:237.2,237.58 1 0
github.com/moedahpos/backend/internal/handler/transaction_handler.go:237.58,240.3 2 0
github.com/moedahpos/backend/internal/handler/transaction_handler.go:241.2,242.16 2 0
github.com/moedahpos/backend/internal/handler/transaction_handler.go:242.16,246.3 3 0
github.com/moedahpos/backend/internal/handler/transaction_handler.go:247.2,247.62 1 0
github.com/moedahpos/backend/internal/handler/user_admin_handler.go:26.119,28.2 1 0
github.com/moedahpos/backend/internal/handler/user_admin_handler.go:31.73,36.14 5 0
github.com/moedahpos/backend/internal/handler/user_admin_handler.go:36.14,38.3 1 0
github.com/moedahpos/backend/internal/handler/user_admin_handler.go:39.2,39.17 1 0
github.com/moedahpos/backend/internal/handler/user_admin_handler.go:39.17,41.3 1 0
github.com/moedahpos/backend/internal/handler/user_admin_handler.go:43.2,44.16 2 0
github.com/moedahpos/backend/internal/handler/user_admin_handler.go:44.16,48.3 3 0
github.com/moedahpos/backend/internal/handler/user_admin_handler.go:50.2,51.78 2 0
github.com/moedahpos/backend/internal/handler/user_admin_handler.go:55.72,58.16 3 0
github.com/moedahpos/backend/internal/handler/user_admin_handler.go:58.16,59.51 1 0
github.com/moedahpos/backend/internal/handler/user_admin_handler.go:59.51,62.4 2 0
github.com/moedahpos/backend/internal/handler/user_admin_handler.go:63.3,64.9 2 0
github.com/moedahpos/backend/internal/handler/user_admin_handler.go:66.2,66.36 1 0
github.com/moedahpos/backend/internal/handler/user_admin_handler.go:70.75,72.61 2 0
github.com/moedahpos/backend/internal/handler/user_admin_handler.go:72.61,75.3 2 0
github.com/moedahpos/backend/internal/handler/user_admin_handler.go:76.2,76.60 1 0
github.com/moedahpos/backend/internal/handler/user_admin_handler.go:76.60,79.3 2 0
github.com/moedahpos/backend/internal/handler/user_admin_handler.go:81.2,82.16 2 0
github.com/moedahpos/backend/internal/handler/user_admin_handler.go:82.16,83.52 1 0
github.com/moedahpos/backend/internal/handler/user_admin_handler.go:83.52,86.4 2 0
github.com/moedahpos/backend/internal/handler/user_admin_handler.go:87.3,88.9 2 0
github.com/moedahpos/backend/internal/handler/user_admin_handler.go:90.2,90.41 1 0
github.com/moedahpos/backend/internal/handler/user_admin_handler.go:94.75,97.61 3 0
github.com/moedahpos/backend/internal/handler/user_admin_handler.go:97.61,100.3 2 0
github.com/moedahpos/backend/internal/handler/user_admin_handler.go:101.2,101.60 1 0
github.com/moedahpos/backend/internal/handler/user_admin_handler.go:101.60,104.3 2 0
github.com/moedahpos/backend/internal/handler/user_admin_handler.go:106.2,107.16 2 0
github.com/moedahpos/backend/internal/handler/user_admin_handler.go:107.16,108.10 1 0
github.com/moedahpos/backend/internal/handler/user_admin_handler.go:109.53,110.60 1 0
github.com/moedahpos/backend/internal/handler/user_admin_handler.go:111.54,112.66 1 0
github.com/moedahpos/backend/internal/handler/user_admin_handler.go:113.11,114.78 1 0
github.com/moedahpos/backend/internal/handler/user_admin_handler.go:116.3,116.9 1 0
github.com/moedahpos/backend/internal/handler/user_admin_handler.go:118.2,118.36 1 0
github.com/moedahpos/backend/internal/handler/user_admin_handler.go:122.79,124.62 2 0
github.com/moedahpos/backend/internal/handler/user_admin_handler.go:124.62,125.51 1 0
github.com/moedahpos/backend/internal/handler/user_admin_handler.go:125.51,128.4 2 0
github.com/moedahpos/backend/internal/handler/user_admin_handler.go:129.3,130.9 2 0
github.com/moedahpos/backend/internal/handler/user_admin_handler.go:132.2,132.97 1 0
github.com/moedahpos/backend/internal/handler/user_admin_handler.go:136.82,139.61 3 0
github.com/moedahpos/backend/internal/handler/user_admin_handler.go:139.61,142.3 2 0
github.com/moedahpos/backend/internal/handler/user_admin_handler.go:143.2,143.60 1 0
github.com/moedahpos/backend/internal/handler/user_admin_handler.go:143.60,146.3 2 0
github.com/moedahpos/backend/internal/handler/user_admin_handler.go:147.2,147.67 1 0
github.com/moedahpos/backend/internal/handler/user_admin_handler.go:147.67,148.51 1 0
github.com/moedahpos/backend/internal/handler/user_admin_handler.go:148.51,151.4 2 0
github.com/moedahpos/backend/internal/handler/user_admin_handler.go:152.3,153.9 2 0
github.com/moedahpos/backend/internal/handler/user_admin_handler.go:155.2,155.97 1 0
github.com/moedahpos/backend/internal/handler/user_admin_handler.go:159.78,162.61 3 0
github.com/moedahpos/backend/internal/handler/user_admin_handler.go:162.61,165.3 2 0
github.com/moedahpos/backend/internal/handler/user_admin_handler.go:167.2,168.16 2 0
github.com/moedahpos/backend/internal/handler/user_admin_handler.go:168.16,169.51 1 0
github.com/moedahpos/backend/internal/handler/user_admin_handler.go:169.51,172.4 2 0
github.com/moedahpos/backend/internal/handler/user_admin_handler.go:173.3,174.9 2 0
github.com/moedahpos/backend/internal/handler/user_admin_handler.go:176.2,176.36 1 0
github.com/moedahpos/backend/internal/handler/user_admin_handler.go:180.78,182.16 2 0
github.com/moedahpos/backend/internal/handler/user_admin_handler.go:182.16,185.3 2 0
github.com/moedahpos/backend/internal/handler/user_admin_handler.go:186.2,187.27 2 0
github.com/moedahpos/backend/internal/handler/user_admin_handler.go:187.27,194.3 1 0
github.com/moedahpos/backend/internal/handler/user_admin_handler.go:195.2,195.63 1 0
github.com/moedahpos/backend/internal/service/activity_log_service.go:21.107,23.2 1 0
github.com/moedahpos/backend/internal/service/activity_log_service.go:25.179,27.16 2 0
github.com/moedahpos/backend/internal/service/activity_log_service.go:27.16,30.3 2 0
github.com/moedahpos/backend/internal/service/activity_log_service.go:32.2,33.19 2 0
github.com/moedahpos/backend/internal/service/activity_log_service.go:33.19,35.3 1 0
github.com/moedahpos/backend/internal/service/activity_log_service.go:37.2,38.17 2 0
github.com/moedahpos/backend/internal/service/activity_log_service.go:38.17,40.3 1 0
github.com/moedahpos/backend/internal/service/activity_log_service.go:42.2,51.53 2 0
github.com/moedahpos/backend/internal/service/activity_log_service.go:51.53,53.3 1 0
github.com/moedahpos/backend/internal/service/activity_log_service.go:56.168,59.16 3 0
github.com/moedahpos/backend/internal/service/activity_log_service.go:59.16,61.3 1 0
github.com/moedahpos/backend/internal/service/activity_log_service.go:63.2,64.25 2 0
github.com/moedahpos/backend/internal/service/activity_log_service.go:64.25,79.3 3 0
github.com/moedahpos/backend/internal/service/activity_log_service.go:81.2,81.62 1 0
github.com/moedahpos/backend/internal/service/auth_service.go:44.16,53.2 1 1
github.com/moedahpos/backend/internal/service/auth_service.go:56.110,59.16 2 1
github.com/moedahpos/backend/internal/service/auth_service.go:59.16,61.3 1 1
github.com/moedahpos/backend/internal/service/auth_service.go:62.2,62.11 1 1
github.com/moedahpos/backend/internal/service/auth_service.go:62.11,64.3 1 1
github.com/moedahpos/backend/internal/service/auth_service.go:67.2,68.16 2 1
github.com/moedahpos/backend/internal/service/auth_service.go:68.16,70.3 1 0
github.com/moedahpos/backend/internal/service/auth_service.go:73.2,78.16 2 1
github.com/moedahpos/backend/internal/service/auth_service.go:78.16,80.3 1 1
github.com/moedahpos/backend/internal/service/auth_service.go:82.2,89.8 2 1
github.com/moedahpos/backend/internal/service/auth_service.go:93.101,95.16 2 1
github.com/moedahpos/backend/internal/service/auth_service.go:95.16,97.3 1 0
github.com/moedahpos/backend/internal/service/auth_service.go:98.2,98.17 1 1
github.com/moedahpos/backend/internal/service/auth_service.go:98.17,100.3 1 1
github.com/moedahpos/backend/internal/service/auth_service.go:101.2,101.20 1 1
github.com/moedahpos/backend/internal/service/auth_service.go:101.20,103.3 1 1
github.com/moedahpos/backend/internal/service/auth_service.go:106.2,106.76 1 1
github.com/moedahpos/backend/internal/service/auth_service.go:106.76,108.3 1 1
github.com/moedahpos/backend/internal/service/auth_service.go:111.2,112.16 2 1
github.com/moedahpos/backend/internal/service/auth_service.go:112.16,114.3 1 0
github.com/moedahpos/backend/internal/service/auth_service.go:116.2,117.16 2 1
github.com/moedahpos/backend/internal/service/auth_service.go:117.16,119.3 1 0
github.com/moedahpos/backend/internal/service/auth_service.go:122.2,126.17 1 1
github.com/moedahpos/backend/internal/service/auth_service.go:126.17,128.3 1 0
github.com/moedahpos/backend/internal/service/auth_service.go:130.2,146.8 3 1
github.com/moedahpos/backend/internal/service/auth_service.go:150.107,154.16 3 1
github.com/moedahpos/backend/internal/service/auth_service.go:154.16,156.3 1 0
github.com/moedahpos/backend/internal/service/auth_service.go:157.2,157.19 1 1
github.com/moedahpos/backend/internal/service/auth_service.go:157.19,159.3 1 1
github.com/moedahpos/backend/internal/service/auth_service.go:162.2,163.16 2 1
github.com/moedahpos/backend/internal/service/auth_service.go:163.16,165.3 1 0
github.com/moedahpos/backend/internal/service/auth_service.go:166.2,166.35 1 1
github.com/moedahpos/backend/internal/service/auth_service.go:166.35,168.3 1 0
github.com/moedahpos/backend/internal/service/auth_service.go:171.2,171.63 1 1
github.com/moedahpos/backend/internal/service/auth_service.go:171.63,173.3 1 0
github.com/moedahpos/backend/internal/service/auth_service.go:176.2,177.16 2 1
github.com/moedahpos/backend/internal/service/auth_service.go:177.16,179.3 1 0
github.com/moedahpos/backend/internal/service/auth_service.go:181.2,184.8 1 1
github.com/moedahpos/backend/internal/service/auth_service.go:188.72,189.67 1 1
github.com/moedahpos/backend/internal/service/auth_service.go:189.67,191.3 1 0
github.com/moedahpos/backend/internal/service/auth_service.go:192.2,196.12 3 1
github.com/moedahpos/backend/internal/service/auth_service.go:200.87,202.16 2 1
github.com/moedahpos/backend/internal/service/auth_service.go:202.16,204.3 1 0
github.com/moedahpos/backend/internal/service/auth_service.go:205.2,205.17 1 1
github.com/moedahpos/backend/internal/service/auth_service.go:205.17,207.3 1 1
github.com/moedahpos/backend/internal/service/auth_service.go:209.2,210.16 2 1
github.com/moedahpos/backend/internal/service/auth_service.go:210.16,212.3 1 0
github.com/moedahpos/backend/internal/service/auth_service.go:214.2,215.28 2 1
github.com/moedahpos/backend/internal/service/auth_service.go:215.28,222.3 1 1
github.com/moedahpos/backend/internal/service/auth_service.go:224.2,229.8 1 1
github.com/moedahpos/backend/internal/service/batch_stock_service.go:27.104,29.2 1 0
github.com/moedahpos/backend/internal/service/batch_stock_service.go:36.124,37.29 1 0
github.com/moedahpos/backend/internal/service/batch_stock_service.go:37.29,46.61 2 0
github.com/moedahpos/backend/internal/service/batch_stock_service.go:46.61,48.4 1 0
github.com/moedahpos/backend/internal/service/batch_stock_service.go:50.2,55.12 2 0
github.com/moedahpos/backend/internal/service/batch_stock_service.go:66.112,67.77 1 0
github.com/moedahpos/backend/internal/service/batch_stock_service.go:67.77,69.3 1 0
github.com/moedahpos/backend/internal/service/batch_stock_service.go:70.2,75.12 2 0
github.com/moedahpos/backend/internal/service/batch_stock_service.go:82.119,84.2 1 0
github.com/moedahpos/backend/internal/service/batch_stock_service.go:88.127,90.2 1 0
github.com/moedahpos/backend/internal/service/batch_stock_service.go:94.121,96.2 1 0
github.com/moedahpos/backend/internal/service/customer_service.go:24.98,26.2 1 1
github.com/moedahpos/backend/internal/service/customer_service.go:28.132,31.16 3 1
github.com/moedahpos/backend/internal/service/customer_service.go:31.16,33.3 1 0
github.com/moedahpos/backend/internal/service/customer_service.go:34.2,35.25 2 1
github.com/moedahpos/backend/internal/service/customer_service.go:35.25,37.3 1 1
github.com/moedahpos/backend/internal/service/customer_service.go:38.2,38.57 1 1
github.com/moedahpos/backend/internal/service/customer_service.go:41.94,43.16 2 0
github.com/moedahpos/backend/internal/service/customer_service.go:43.16,45.3 1 0
github.com/moedahpos/backend/internal/service/customer_service.go:46.2,46.14 1 0
github.com/moedahpos/backend/internal/service/customer_service.go:46.14,48.3 1 0
github.com/moedahpos/backend/internal/service/customer_service.go:49.2,49.35 1 0
github.com/moedahpos/backend/internal/service/customer_service.go:52.133,57.21 2 1
github.com/moedahpos/backend/internal/service/customer_service.go:57.21,59.3 1 0
github.com/moedahpos/backend/internal/service/customer_service.go:60.2,60.21 1 1
github.com/moedahpos/backend/internal/service/customer_service.go:60.21,62.3 1 0
github.com/moedahpos/backend/internal/service/customer_service.go:63.2,63.23 1 1
github.com/moedahpos/backend/internal/service/customer_service.go:63.23,65.3 1 0
github.com/moedahpos/backend/internal/service/customer_service.go:66.2,66.21 1 1
github.com/moedahpos/backend/internal/service/customer_service.go:66.21,68.3 1 0
github.com/moedahpos/backend/internal/service/customer_service.go:70.2,71.16 2 1
github.com/moedahpos/backend/internal/service/customer_service.go:71.16,73.3 1 0
github.com/moedahpos/backend/internal/service/customer_service.go:74.2,75.37 2 1
github.com/moedahpos/backend/internal/service/customer_service.go:78.128,80.16 2 1
github.com/moedahpos/backend/internal/service/customer_service.go:80.16,82.3 1 0
github.com/moedahpos/backend/internal/service/customer_service.go:83.2,83.21 1 1
github.com/moedahpos/backend/internal/service/customer_service.go:83.21,85.3 1 1
github.com/moedahpos/backend/internal/service/customer_service.go:86.2,87.21 2 1
github.com/moedahpos/backend/internal/service/customer_service.go:87.21,89.3 1 0
github.com/moedahpos/backend/internal/service/customer_service.go:89.8,91.3 1 1
github.com/moedahpos/backend/internal/service/customer_service.go:92.2,92.21 1 1
github.com/moedahpos/backend/internal/service/customer_service.go:92.21,94.3 1 0
github.com/moedahpos/backend/internal/service/customer_service.go:94.8,96.3 1 1
github.com/moedahpos/backend/internal/service/customer_service.go:97.2,97.23 1 1
github.com/moedahpos/backend/internal/service/customer_service.go:97.23,99.3 1 0
github.com/moedahpos/backend/internal/service/customer_service.go:99.8,101.3 1 1
github.com/moedahpos/backend/internal/service/customer_service.go:102.2,102.21 1 1
github.com/moedahpos/backend/internal/service/customer_service.go:102.21,104.3 1 0
github.com/moedahpos/backend/internal/service/customer_service.go:104.8,106.3 1 1
github.com/moedahpos/backend/internal/service/customer_service.go:108.2,109.16 2 1
github.com/moedahpos/backend/internal/service/customer_service.go:109.16,111.3 1 0
github.com/moedahpos/backend/internal/service/customer_service.go:112.2,112.16 1 1
github.com/moedahpos/backend/internal/service/customer_service.go:112.16,114.3 1 0
github.com/moedahpos/backend/internal/service/customer_service.go:115.2,115.37 1 1
github.com/moedahpos/backend/internal/service/customer_service.go:118.72,119.51 1 1
github.com/moedahpos/backend/internal/service/customer_service.go:119.51,120.42 1 1
github.com/moedahpos/backend/internal/service/customer_service.go:120.42,122.4 1 1
github.com/moedahpos/backend/internal/service/customer_service.go:123.3,123.50 1 0
github.com/moedahpos/backend/internal/service/customer_service.go:125.2,125.12 1 1
github.com/moedahpos/backend/internal/service/customer_service.go:129.114,132.16 3 0
github.com/moedahpos/backend/internal/service/customer_service.go:132.16,134.3 1 0
github.com/moedahpos/backend/internal/service/customer_service.go:135.2,136.25 2 0
github.com/moedahpos/backend/internal/service/customer_service.go:136.25,138.3 1 0
github.com/moedahpos/backend/internal/service/customer_service.go:139.2,139.18 1 0
github.com/moedahpos/backend/internal/service/customer_service.go:142.67,154.2 1 1
github.com/moedahpos/backend/internal/service/expense_service.go:21.143,23.2 1 1
github.com/moedahpos/backend/internal/service/expense_service.go:27.122,29.16 2 0
github.com/moedahpos/backend/internal/service/expense_service.go:29.16,31.3 1 0
github.com/moedahpos/backend/internal/service/expense_service.go:33.2,34.25 2 0
github.com/moedahpos/backend/internal/service/expense_service.go:34.25,43.3 1 0
github.com/moedahpos/backend/internal/service/expense_service.go:44.2,44.18 1 0
github.com/moedahpos/backend/internal/service/expense_service.go:47.139,52.16 2 0
github.com/moedahpos/backend/internal/service/expense_service.go:52.16,54.3 1 0
github.com/moedahpos/backend/internal/service/expense_service.go:55.2,62.8 1 0
github.com/moedahpos/backend/internal/service/expense_service.go:65.150,67.16 2 0
github.com/moedahpos/backend/internal/service/expense_service.go:67.16,69.3 1 0
github.com/moedahpos/backend/internal/service/expense_service.go:70.2,70.14 1 0
github.com/moedahpos/backend/internal/service/expense_service.go:70.14,72.3 1 0
github.com/moedahpos/backend/internal/service/expense_service.go:73.2,80.8 1 0
github.com/moedahpos/backend/internal/service/expense_service.go:83.83,85.2 1 0
github.com/moedahpos/backend/internal/service/expense_service.go:89.146,91.16 2 1
github.com/moedahpos/backend/internal/service/expense_service.go:91.16,93.3 1 1
github.com/moedahpos/backend/internal/service/expense_service.go:95.2,104.16 2 1
github.com/moedahpos/backend/internal/service/expense_service.go:104.16,106.3 1 0
github.com/moedahpos/backend/internal/service/expense_service.go:108.2,109.26 2 1
github.com/moedahpos/backend/internal/service/expense_service.go:109.26,111.3 1 1
github.com/moedahpos/backend/internal/service/expense_service.go:112.2,113.18 2 1
github.com/moedahpos/backend/internal/service/expense_service.go:113.18,115.3 1 1
github.com/moedahpos/backend/internal/service/expense_service.go:117.2,122.36 2 1
github.com/moedahpos/backend/internal/service/expense_service.go:125.142,128.16 3 1
github.com/moedahpos/backend/internal/service/expense_service.go:128.16,130.3 1 0
github.com/moedahpos/backend/internal/service/expense_service.go:132.2,133.29 2 1
github.com/moedahpos/backend/internal/service/expense_service.go:133.29,135.3 1 1
github.com/moedahpos/backend/internal/service/expense_service.go:136.2,136.62 1 1
github.com/moedahpos/backend/internal/service/expense_service.go:139.142,141.16 2 0
github.com/moedahpos/backend/internal/service/expense_service.go:141.16,143.3 1 0
github.com/moedahpos/backend/internal/service/expense_service.go:145.2,153.16 2 0
github.com/moedahpos/backend/internal/service/expense_service.go:153.16,155.3 1 0
github.com/moedahpos/backend/internal/service/expense_service.go:156.2,156.14 1 0
github.com/moedahpos/backend/internal/service/expense_service.go:156.14,158.3 1 0
github.com/moedahpos/backend/internal/service/expense_service.go:160.2,165.36 2 0
github.com/moedahpos/backend/internal/service/expense_service.go:168.87,171.63 2 0
github.com/moedahpos/backend/internal/service/expense_service.go:171.63,173.3 1 0
github.com/moedahpos/backend/internal/service/expense_service.go:175.2,175.31 1 0
github.com/moedahpos/backend/internal/service/expense_service.go:175.31,180.3 1 0
github.com/moedahpos/backend/internal/service/expense_service.go:181.2,181.12 1 0
github.com/moedahpos/backend/internal/service/expense_service.go:184.84,198.2 1 1
github.com/moedahpos/backend/internal/service/expense_service.go:200.154,202.16 2 0
github.com/moedahpos/backend/internal/service/expense_service.go:202.16,204.3 1 0
github.com/moedahpos/backend/internal/service/expense_service.go:205.2,205.14 1 0
github.com/moedahpos/backend/internal/service/expense_service.go:205.14,207.3 1 0
github.com/moedahpos/backend/internal/service/expense_service.go:208.2,208.36 1 0
github.com/moedahpos/backend/internal/service/expense_service.go:213.173,215.16 2 0
github.com/moedahpos/backend/internal/service/expense_service.go:215.16,217.3 1 0
github.com/moedahpos/backend/internal/service/expense_service.go:218.2,219.46 2 0
github.com/moedahpos/backend/internal/service/expense_service.go:219.46,221.17 2 0
github.com/moedahpos/backend/internal/service/expense_service.go:221.17,223.4 1 0
github.com/moedahpos/backend/internal/service/expense_service.go:224.3,224.16 1 0
github.com/moedahpos/backend/internal/service/expense_service.go:227.2,241.16 2 0
github.com/moedahpos/backend/internal/service/expense_service.go:241.16,243.3 1 0
github.com/moedahpos/backend/internal/service/expense_service.go:244.2,244.46 1 0
github.com/moedahpos/backend/internal/service/expense_service.go:247.160,250.16 3 0
github.com/moedahpos/backend/internal/service/expense_service.go:250.16,252.3 1 0
github.com/moedahpos/backend/internal/service/expense_service.go:254.2,255.29 2 0
github.com/moedahpos/backend/internal/service/expense_service.go:255.29,257.3 1 0
github.com/moedahpos/backend/internal/service/expense_service.go:258.2,258.62 1 0
github.com/moedahpos/backend/internal/service/expense_service.go:261.169,263.16 2 0
github.com/moedahpos/backend/internal/service/expense_service.go:263.16,265.3 1 0
github.com/moedahpos/backend/internal/service/expense_service.go:266.2,267.46 2 0
github.com/moedahpos/backend/internal/service/expense_service.go:267.46,269.17 2 0
github.com/moedahpos/backend/internal/service/expense_service.go:269.17,271.4 1 0
github.com/moedahpos/backend/internal/service/expense_service.go:272.3,272.16 1 0
github.com/moedahpos/backend/internal/service/expense_service.go:275.2,288.16 2 0
github.com/moedahpos/backend/internal/service/expense_service.go:288.16,290.3 1 0
github.com/moedahpos/backend/internal/service/expense_service.go:291.2,291.15 1 0
github.com/moedahpos/backend/internal/service/expense_service.go:291.15,293.3 1 0
github.com/moedahpos/backend/internal/service/expense_service.go:294.2,294.46 1 0
github.com/moedahpos/backend/internal/service/expense_service.go:297.96,298.72 1 0
github.com/moedahpos/backend/internal/service/expense_service.go:298.72,300.3 1 0
github.com/moedahpos/backend/internal/service/expense_service.go:301.2,301.12 1 0
github.com/moedahpos/backend/internal/service/expense_service.go:304.81,306.16 2 1
github.com/moedahpos/backend/internal/service/expense_service.go:306.16,308.3 1 0
github.com/moedahpos/backend/internal/service/expense_service.go:310.2,310.25 1 1
github.com/moedahpos/backend/internal/service/expense_service.go:310.25,322.17 3 1
github.com/moedahpos/backend/internal/service/expense_service.go:322.17,324.12 2 0
github.com/moedahpos/backend/internal/service/expense_service.go:328.3,329.22 2 1
github.com/moedahpos/backend/internal/service/expense_service.go:330.16,331.60 1 0
github.com/moedahpos/backend/internal/service/expense_service.go:332.17,333.62 1 0
github.com/moedahpos/backend/internal/service/expense_service.go:334.18,335.60 1 1
github.com/moedahpos/backend/internal/service/expense_service.go:336.17,337.60 1 0
github.com/moedahpos/backend/internal/service/expense_service.go:340.3,340.102 1 1
github.com/moedahpos/backend/internal/service/expense_service.go:340.102,342.4 1 0
github.com/moedahpos/backend/internal/service/expense_service.go:342.9,344.4 1 1
github.com/moedahpos/backend/internal/service/expense_service.go:346.2,346.12 1 1
github.com/moedahpos/backend/internal/service/expense_service.go:349.111,351.22 2 0
github.com/moedahpos/backend/internal/service/expense_service.go:351.22,354.3 2 0
[...]
github.com/moedahpos/backend/internal/repository/postgres/transaction_repo.go:109.4,109.102 1 1
github.com/moedahpos/backend/internal/repository/postgres/transaction_repo.go:109.102,111.5 1 0
github.com/moedahpos/backend/internal/repository/postgres/transaction_repo.go:115.2,115.36 1 1
github.com/moedahpos/backend/internal/repository/postgres/transaction_repo.go:115.36,117.3 1 0
github.com/moedahpos/backend/internal/repository/postgres/transaction_repo.go:120.2,122.17 2 1
github.com/moedahpos/backend/internal/repository/postgres/transaction_repo.go:126.118,142.88 3 0
github.com/moedahpos/backend/internal/repository/postgres/transaction_repo.go:142.88,143.36 1 0
github.com/moedahpos/backend/internal/repository/postgres/transaction_repo.go:143.36,145.4 1 0
github.com/moedahpos/backend/internal/repository/postgres/transaction_repo.go:146.3,146.69 1 0
github.com/moedahpos/backend/internal/repository/postgres/transaction_repo.go:149.2,155.75 2 0
github.com/moedahpos/backend/internal/repository/postgres/transaction_repo.go:155.75,157.3 1 0
github.com/moedahpos/backend/internal/repository/postgres/transaction_repo.go:158.2,158.17 1 0
github.com/moedahpos/backend/internal/repository/postgres/transaction_repo.go:165.105,168.16 2 0
github.com/moedahpos/backend/internal/repository/postgres/transaction_repo.go:168.16,170.3 1 0
github.com/moedahpos/backend/internal/repository/postgres/transaction_repo.go:171.2,171.15 1 0
github.com/moedahpos/backend/internal/repository/postgres/transaction_repo.go:171.15,171.36 1 0
github.com/moedahpos/backend/internal/repository/postgres/transaction_repo.go:174.2,179.119 2 0
github.com/moedahpos/backend/internal/repository/postgres/transaction_repo.go:179.119,181.3 1 0
github.com/moedahpos/backend/internal/repository/postgres/transaction_repo.go:184.2,185.211 2 0
github.com/moedahpos/backend/internal/repository/postgres/transaction_repo.go:185.211,187.3 1 0
github.com/moedahpos/backend/internal/repository/postgres/transaction_repo.go:189.2,194.52 2 0
github.com/moedahpos/backend/internal/repository/postgres/transaction_repo.go:194.52,195.20 1 0
github.com/moedahpos/backend/internal/repository/postgres/transaction_repo.go:195.20,197.4 1 0
github.com/moedahpos/backend/internal/repository/postgres/transaction_repo.go:198.3,198.23 1 0
github.com/moedahpos/backend/internal/repository/postgres/transaction_repo.go:198.23,200.4 1 0
github.com/moedahpos/backend/internal/repository/postgres/transaction_repo.go:201.3,201.19 1 0
github.com/moedahpos/backend/internal/repository/postgres/transaction_repo.go:205.2,206.27 2 0
github.com/moedahpos/backend/internal/repository/postgres/transaction_repo.go:206.27,208.41 2 0
github.com/moedahpos/backend/internal/repository/postgres/transaction_repo.go:208.41,211.4 2 0
github.com/moedahpos/backend/internal/repository/postgres/transaction_repo.go:211.9,213.4 1 0
github.com/moedahpos/backend/internal/repository/postgres/transaction_repo.go:217.2,218.35 2 0
github.com/moedahpos/backend/internal/repository/postgres/transaction_repo.go:218.35,221.3 2 0
github.com/moedahpos/backend/internal/repository/postgres/transaction_repo.go:224.2,224.37 1 0
github.com/moedahpos/backend/internal/repository/postgres/transaction_repo.go:224.37,227.29 3 0
github.com/moedahpos/backend/internal/repository/postgres/transaction_repo.go:227.29,229.4 1 0
github.com/moedahpos/backend/internal/repository/postgres/transaction_repo.go:231.3,232.15 2 0
github.com/moedahpos/backend/internal/repository/postgres/transaction_repo.go:232.15,250.18 5 0
github.com/moedahpos/backend/internal/repository/postgres/transaction_repo.go:250.18,252.5 1 0
github.com/moedahpos/backend/internal/repository/postgres/transaction_repo.go:253.9,253.22 1 0
github.com/moedahpos/backend/internal/repository/postgres/transaction_repo.go:253.22,256.36 2 0
github.com/moedahpos/backend/internal/repository/postgres/transaction_repo.go:256.36,257.31 1 0
github.com/moedahpos/backend/internal/repository/postgres/transaction_repo.go:257.31,258.24 1 0
github.com/moedahpos/backend/internal/repository/postgres/transaction_repo.go:258.24,259.12 1 0
github.com/moedahpos/backend/internal/repository/postgres/transaction_repo.go:261.6,262.63 2 0
github.com/moedahpos/backend/internal/repository/postgres/transaction_repo.go:262.63,263.15 1 0
github.com/moedahpos/backend/internal/repository/postgres/transaction_repo.go:266.6,266.33 1 0
github.com/moedahpos/backend/internal/repository/postgres/transaction_repo.go:266.33,267.105 1 0
github.com/moedahpos/backend/internal/repository/postgres/transaction_repo.go:267.105,269.8 1 0
github.com/moedahpos/backend/internal/repository/postgres/transaction_repo.go:270.7,270.30 1 0
github.com/moedahpos/backend/internal/repository/postgres/transaction_repo.go:271.12,275.154 4 0
github.com/moedahpos/backend/internal/repository/postgres/transaction_repo.go:275.154,277.8 1 0
github.com/moedahpos/backend/internal/repository/postgres/transaction_repo.go:278.7,278.20 1 0
github.com/moedahpos/backend/internal/repository/postgres/transaction_repo.go:286.2,286.41 1 0
github.com/moedahpos/backend/internal/repository/postgres/transaction_repo.go:286.41,287.35 1 0
github.com/moedahpos/backend/internal/repository/postgres/transaction_repo.go:287.35,288.30 1 0
github.com/moedahpos/backend/internal/repository/postgres/transaction_repo.go:288.30,289.103 1 0
github.com/moedahpos/backend/internal/repository/postgres/transaction_repo.go:289.103,291.6 1 0
github.com/moedahpos/backend/internal/repository/postgres/transaction_repo.go:296.2,296.36 1 0
github.com/moedahpos/backend/internal/repository/postgres/transaction_repo.go:296.36,298.3 1 0
github.com/moedahpos/backend/internal/repository/postgres/transaction_repo.go:300.2,300.31 1 0
github.com/moedahpos/backend/internal/repository/postgres/transaction_repo.go:304.141,312.87 4 0
github.com/moedahpos/backend/internal/repository/postgres/transaction_repo.go:312.87,314.3 1 0
github.com/moedahpos/backend/internal/repository/postgres/transaction_repo.go:316.2,317.16 2 0
github.com/moedahpos/backend/internal/repository/postgres/transaction_repo.go:317.16,319.3 1 0
github.com/moedahpos/backend/internal/repository/postgres/transaction_repo.go:320.2,320.15 1 0
github.com/moedahpos/backend/internal/repository/postgres/transaction_repo.go:320.15,320.36 1 0
github.com/moedahpos/backend/internal/repository/postgres/transaction_repo.go:323.2,334.16 3 0
github.com/moedahpos/backend/internal/repository/postgres/transaction_repo.go:334.16,336.3 1 0
github.com/moedahpos/backend/internal/repository/postgres/transaction_repo.go:337.2,337.40 1 0
github.com/moedahpos/backend/internal/repository/postgres/transaction_repo.go:337.40,339.3 1 0
github.com/moedahpos/backend/internal/repository/postgres/transaction_repo.go:342.2,351.32 3 0
github.com/moedahpos/backend/internal/repository/postgres/transaction_repo.go:351.32,352.28 1 0
github.com/moedahpos/backend/internal/repository/postgres/transaction_repo.go:352.28,353.12 1 0
github.com/moedahpos/backend/internal/repository/postgres/transaction_repo.go:355.3,355.127 1 0
github.com/moedahpos/backend/internal/repository/postgres/transaction_repo.go:355.127,357.4 1 0
github.com/moedahpos/backend/internal/repository/postgres/transaction_repo.go:358.3,358.95 1 0
github.com/moedahpos/backend/internal/repository/postgres/transaction_repo.go:358.95,360.4 1 0
github.com/moedahpos/backend/internal/repository/postgres/transaction_repo.go:363.2,363.36 1 0
github.com/moedahpos/backend/internal/repository/postgres/transaction_repo.go:363.36,365.3 1 0
github.com/moedahpos/backend/internal/repository/postgres/transaction_repo.go:367.2,367.45 1 0
github.com/moedahpos/backend/internal/repository/postgres/transaction_repo.go:371.121,376.20 4 0
github.com/moedahpos/backend/internal/repository/postgres/transaction_repo.go:376.20,380.3 3 0
github.com/moedahpos/backend/internal/repository/postgres/transaction_repo.go:381.2,381.23 1 0
github.com/moedahpos/backend/internal/repository/postgres/transaction_repo.go:381.23,385.3 3 0
github.com/moedahpos/backend/internal/repository/postgres/transaction_repo.go:386.2,386.21 1 0
github.com/moedahpos/backend/internal/repository/postgres/transaction_repo.go:386.21,390.3 3 0
github.com/moedahpos/backend/internal/repository/postgres/transaction_repo.go:391.2,391.22 1 0
github.com/moedahpos/backend/internal/repository/postgres/transaction_repo.go:391.22,395.3 3 0
github.com/moedahpos/backend/internal/repository/postgres/transaction_repo.go:396.2,396.20 1 0
github.com/moedahpos/backend/internal/repository/postgres/transaction_repo.go:396.20,400.3 3 0
github.com/moedahpos/backend/internal/repository/postgres/transaction_repo.go:402.2,407.29 3 0
github.com/moedahpos/backend/internal/repository/postgres/transaction_repo.go:407.29,409.3 1 0
github.com/moedahpos/backend/internal/repository/postgres/transaction_repo.go:411.2,427.71 4 0
github.com/moedahpos/backend/internal/repository/postgres/transaction_repo.go:427.71,429.3 1 0
github.com/moedahpos/backend/internal/repository/postgres/transaction_repo.go:430.2,430.25 1 0
github.com/moedahpos/backend/internal/repository/postgres/transaction_repo.go:434.97,448.77 3 1
github.com/moedahpos/backend/internal/repository/postgres/transaction_repo.go:448.77,449.36 1 0
github.com/moedahpos/backend/internal/repository/postgres/transaction_repo.go:449.36,451.4 1 0
github.com/moedahpos/backend/internal/repository/postgres/transaction_repo.go:452.3,452.62 1 0
github.com/moedahpos/backend/internal/repository/postgres/transaction_repo.go:455.2,461.71 2 1
github.com/moedahpos/backend/internal/repository/postgres/transaction_repo.go:461.71,463.3 1 0
github.com/moedahpos/backend/internal/repository/postgres/transaction_repo.go:464.2,464.17 1 1
github.com/moedahpos/backend/internal/repository/postgres/transaction_repo.go:468.81,476.70 4 0
github.com/moedahpos/backend/internal/repository/postgres/transaction_repo.go:476.70,478.3 1 0
github.com/moedahpos/backend/internal/repository/postgres/transaction_repo.go:480.2,481.124 2 0
github.com/moedahpos/backend/internal/repository/postgres/transaction_repo.go:481.124,483.3 1 0
github.com/moedahpos/backend/internal/repository/postgres/transaction_repo.go:485.2,486.16 2 0
github.com/moedahpos/backend/internal/repository/postgres/transaction_repo.go:486.16,488.3 1 0
github.com/moedahpos/backend/internal/repository/postgres/transaction_repo.go:489.2,489.15 1 0
github.com/moedahpos/backend/internal/repository/postgres/transaction_repo.go:489.15,489.36 1 0
github.com/moedahpos/backend/internal/repository/postgres/transaction_repo.go:491.2,493.16 1 0
github.com/moedahpos/backend/internal/repository/postgres/transaction_repo.go:493.16,495.3 1 0
github.com/moedahpos/backend/internal/repository/postgres/transaction_repo.go:497.2,506.29 3 0
github.com/moedahpos/backend/internal/repository/postgres/transaction_repo.go:506.29,507.28 1 0
github.com/moedahpos/backend/internal/repository/postgres/transaction_repo.go:507.28,508.12 1 0
github.com/moedahpos/backend/internal/repository/postgres/transaction_repo.go:510.3,510.109 1 0
github.com/moedahpos/backend/internal/repository/postgres/transaction_repo.go:510.109,512.4 1 0
github.com/moedahpos/backend/internal/repository/postgres/transaction_repo.go:513.3,513.94 1 0
github.com/moedahpos/backend/internal/repository/postgres/transaction_repo.go:513.94,515.4 1 0
github.com/moedahpos/backend/internal/repository/postgres/transaction_repo.go:518.2,518.20 1 0
github.com/moedahpos/backend/internal/repository/postgres/transaction_repo.go:522.109,543.67 3 0
github.com/moedahpos/backend/internal/repository/postgres/transaction_repo.go:543.67,545.3 1 0
github.com/moedahpos/backend/internal/repository/postgres/transaction_repo.go:547.2,547.20 1 0
github.com/moedahpos/backend/internal/repository/postgres/transaction_repo.go:547.20,549.3 1 0
github.com/moedahpos/backend/internal/repository/postgres/transaction_repo.go:551.2,552.25 2 0
github.com/moedahpos/backend/internal/repository/postgres/transaction_repo.go:552.25,554.3 1 0
github.com/moedahpos/backend/internal/repository/postgres/transaction_repo.go:556.2,562.16 2 0
github.com/moedahpos/backend/internal/repository/postgres/transaction_repo.go:562.16,564.3 1 0
github.com/moedahpos/backend/internal/repository/postgres/transaction_repo.go:565.2,568.76 3 0
github.com/moedahpos/backend/internal/repository/postgres/transaction_repo.go:568.76,570.3 1 0
github.com/moedahpos/backend/internal/repository/postgres/transaction_repo.go:572.2,573.30 2 0
github.com/moedahpos/backend/internal/repository/postgres/transaction_repo.go:573.30,575.3 1 0
github.com/moedahpos/backend/internal/repository/postgres/transaction_repo.go:577.2,577.25 1 0
github.com/moedahpos/backend/internal/repository/postgres/transaction_repo.go:577.25,579.3 1 0
github.com/moedahpos/backend/internal/repository/postgres/transaction_repo.go:581.2,581.18 1 0
github.com/moedahpos/backend/internal/repository/postgres/transaction_repo.go:585.97,586.31 1 0
github.com/moedahpos/backend/internal/repository/postgres/transaction_repo.go:586.31,589.3 2 0
github.com/moedahpos/backend/internal/repository/postgres/transaction_repo.go:590.2,591.12 2 0
github.com/moedahpos/backend/internal/repository/postgres/user_repo.go:21.41,23.2 1 1
github.com/moedahpos/backend/internal/repository/postgres/user_repo.go:26.86,33.103 3 1
github.com/moedahpos/backend/internal/repository/postgres/user_repo.go:33.103,35.3 1 0
github.com/moedahpos/backend/internal/repository/postgres/user_repo.go:36.2,36.17 1 1
github.com/moedahpos/backend/internal/repository/postgres/user_repo.go:40.83,47.75 3 1
github.com/moedahpos/backend/internal/repository/postgres/user_repo.go:47.75,48.36 1 1
github.com/moedahpos/backend/internal/repository/postgres/user_repo.go:48.36,50.4 1 1
github.com/moedahpos/backend/internal/repository/postgres/user_repo.go:51.3,51.55 1 0
github.com/moedahpos/backend/internal/repository/postgres/user_repo.go:53.2,53.18 1 1
github.com/moedahpos/backend/internal/repository/postgres/user_repo.go:57.89,64.78 3 0
github.com/moedahpos/backend/internal/repository/postgres/user_repo.go:64.78,65.36 1 0
github.com/moedahpos/backend/internal/repository/postgres/user_repo.go:65.36,67.4 1 0
github.com/moedahpos/backend/internal/repository/postgres/user_repo.go:68.3,68.58 1 0
github.com/moedahpos/backend/internal/repository/postgres/user_repo.go:70.2,70.18 1 0
github.com/moedahpos/backend/internal/repository/postgres/user_repo.go:74.83,77.75 3 0
github.com/moedahpos/backend/internal/repository/postgres/user_repo.go:77.75,79.3 1 0
github.com/moedahpos/backend/internal/repository/postgres/user_repo.go:80.2,80.20 1 0
github.com/moedahpos/backend/internal/repository/postgres/user_repo.go:84.103,102.68 3 0
github.com/moedahpos/backend/internal/repository/postgres/user_repo.go:102.68,104.3 1 0
github.com/moedahpos/backend/internal/repository/postgres/user_repo.go:105.2,105.20 1 0
github.com/moedahpos/backend/internal/repository/postgres/user_repo.go:111.134,117.22 5 0
github.com/moedahpos/backend/internal/repository/postgres/user_repo.go:117.22,119.3 1 0
github.com/moedahpos/backend/internal/repository/postgres/user_repo.go:120.2,120.18 1 0
github.com/moedahpos/backend/internal/repository/postgres/user_repo.go:120.18,125.3 4 0
github.com/moedahpos/backend/internal/repository/postgres/user_repo.go:128.2,130.77 3 0
github.com/moedahpos/backend/internal/repository/postgres/user_repo.go:130.77,132.3 1 0
github.com/moedahpos/backend/internal/repository/postgres/user_repo.go:135.2,143.68 4 0
github.com/moedahpos/backend/internal/repository/postgres/user_repo.go:143.68,145.3 1 0
github.com/moedahpos/backend/internal/repository/postgres/user_repo.go:146.2,146.26 1 0
github.com/moedahpos/backend/internal/repository/postgres/user_repo.go:150.94,156.85 3 0
github.com/moedahpos/backend/internal/repository/postgres/user_repo.go:156.85,157.36 1 0
github.com/moedahpos/backend/internal/repository/postgres/user_repo.go:157.36,159.4 1 0
github.com/moedahpos/backend/internal/repository/postgres/user_repo.go:160.3,160.53 1 0
github.com/moedahpos/backend/internal/repository/postgres/user_repo.go:162.2,162.15 1 0
github.com/moedahpos/backend/internal/repository/postgres/user_repo.go:166.69,169.16 2 0
github.com/moedahpos/backend/internal/repository/postgres/user_repo.go:169.16,171.3 1 0
github.com/moedahpos/backend/internal/repository/postgres/user_repo.go:172.2,172.40 1 0
github.com/moedahpos/backend/internal/repository/postgres/user_repo.go:172.40,174.3 1 0
github.com/moedahpos/backend/internal/repository/postgres/user_repo.go:175.2,175.12 1 0
github.com/moedahpos/backend/internal/repository/postgres/user_repo.go:179.69,182.16 2 0
github.com/moedahpos/backend/internal/repository/postgres/user_repo.go:182.16,184.3 1 0
github.com/moedahpos/backend/internal/repository/postgres/user_repo.go:185.2,185.40 1 0
github.com/moedahpos/backend/internal/repository/postgres/user_repo.go:185.40,187.3 1 0
github.com/moedahpos/backend/internal/repository/postgres/user_repo.go:188.2,188.12 1 0
github.com/moedahpos/backend/internal/repository/postgres/user_repo.go:192.78,195.16 2 0
github.com/moedahpos/backend/internal/repository/postgres/user_repo.go:195.16,197.3 1 0
github.com/moedahpos/backend/internal/repository/postgres/user_repo.go:198.2,198.40 1 0
github.com/moedahpos/backend/internal/repository/postgres/user_repo.go:198.40,200.3 1 0
github.com/moedahpos/backend/internal/repository/postgres/user_repo.go:201.2,201.12 1 0
github.com/moedahpos/backend/internal/repository/postgres/user_repo.go:206.110,208.16 2 0
github.com/moedahpos/backend/internal/repository/postgres/user_repo.go:208.16,210.3 1 0
github.com/moedahpos/backend/internal/repository/postgres/user_repo.go:211.2,211.15 1 0
github.com/moedahpos/backend/internal/repository/postgres/user_repo.go:211.15,211.36 1 0
github.com/moedahpos/backend/internal/repository/postgres/user_repo.go:214.2,214.113 1 0
github.com/moedahpos/backend/internal/repository/postgres/user_repo.go:214.113,216.3 1 0
github.com/moedahpos/backend/internal/repository/postgres/user_repo.go:219.2,219.32 1 0
github.com/moedahpos/backend/internal/repository/postgres/user_repo.go:219.32,226.17 2 0
github.com/moedahpos/backend/internal/repository/postgres/user_repo.go:226.17,228.4 1 0
github.com/moedahpos/backend/internal/repository/postgres/user_repo.go:230.2,230.20 1 0
github.com/moedahpos/backend/internal/repository/postgres/user_repo.go:241.57,243.2 1 1
github.com/moedahpos/backend/internal/repository/postgres/user_repo.go:246.86,250.88 2 1
github.com/moedahpos/backend/internal/repository/postgres/user_repo.go:250.88,252.3 1 0
github.com/moedahpos/backend/internal/repository/postgres/user_repo.go:253.2,253.12 1 1
github.com/moedahpos/backend/internal/repository/postgres/user_repo.go:257.108,264.79 3 1
github.com/moedahpos/backend/internal/repository/postgres/user_repo.go:264.79,265.36 1 0
github.com/moedahpos/backend/internal/repository/postgres/user_repo.go:265.36,267.4 1 0
github.com/moedahpos/backend/internal/repository/postgres/user_repo.go:268.3,268.65 1 0
github.com/moedahpos/backend/internal/repository/postgres/user_repo.go:270.2,270.15 1 1
github.com/moedahpos/backend/internal/repository/postgres/user_repo.go:274.77,276.56 2 0
github.com/moedahpos/backend/internal/repository/postgres/user_repo.go:276.56,278.3 1 0
github.com/moedahpos/backend/internal/repository/postgres/user_repo.go:279.2,279.12 1 0
github.com/moedahpos/backend/internal/repository/postgres/user_repo.go:283.88,285.60 2 0
github.com/moedahpos/backend/internal/repository/postgres/user_repo.go:285.60,287.3 1 0
github.com/moedahpos/backend/internal/repository/postgres/user_repo.go:288.2,288.12 1 0
github.com/moedahpos/backend/internal/repository/postgres/user_repo.go:292.87,294.60 2 0
github.com/moedahpos/backend/internal/repository/postgres/user_repo.go:294.60,296.3 1 0
github.com/moedahpos/backend/internal/repository/postgres/user_repo.go:297.2,297.12 1 0
