mode: set
github.com/moedahpos/backend/cmd/seed/main.go:24.22,25.16 1 0
github.com/moedahpos/backend/cmd/seed/main.go:25.16,27.3 1 0
github.com/moedahpos/backend/cmd/seed/main.go:30.34,34.2 3 0
github.com/moedahpos/backend/cmd/seed/main.go:167.13,173.16 5 0
github.com/moedahpos/backend/cmd/seed/main.go:173.16,175.3 1 0
github.com/moedahpos/backend/cmd/seed/main.go:177.2,179.15 3 0
github.com/moedahpos/backend/cmd/seed/main.go:179.15,179.35 1 0
github.com/moedahpos/backend/cmd/seed/main.go:181.2,183.12 2 0
github.com/moedahpos/backend/cmd/seed/main.go:183.12,186.3 2 0
github.com/moedahpos/backend/cmd/seed/main.go:190.2,193.45 3 0
github.com/moedahpos/backend/cmd/seed/main.go:193.45,196.3 2 0
github.com/moedahpos/backend/cmd/seed/main.go:199.2,202.18 4 0
github.com/moedahpos/backend/cmd/seed/main.go:202.18,206.3 3 0
github.com/moedahpos/backend/cmd/seed/main.go:207.2,208.21 2 0
github.com/moedahpos/backend/cmd/seed/main.go:208.21,210.3 1 0
github.com/moedahpos/backend/cmd/seed/main.go:211.2,221.30 3 0
github.com/moedahpos/backend/cmd/seed/main.go:221.30,231.3 3 0
github.com/moedahpos/backend/cmd/seed/main.go:233.2,236.18 4 0
github.com/moedahpos/backend/cmd/seed/main.go:236.18,240.3 3 0
github.com/moedahpos/backend/cmd/seed/main.go:241.2,251.30 5 0
github.com/moedahpos/backend/cmd/seed/main.go:251.30,265.12 5 0
github.com/moedahpos/backend/cmd/seed/main.go:266.10,267.26 1 0
github.com/moedahpos/backend/cmd/seed/main.go:268.10,269.28 1 0
github.com/moedahpos/backend/cmd/seed/main.go:270.10,271.28 1 0
github.com/moedahpos/backend/cmd/seed/main.go:273.3,273.59 1 0
github.com/moedahpos/backend/cmd/seed/main.go:277.2,288.32 2 0
github.com/moedahpos/backend/cmd/seed/main.go:288.32,295.3 2 0
github.com/moedahpos/backend/cmd/seed/main.go:296.2,307.30 5 0
github.com/moedahpos/backend/cmd/seed/main.go:307.30,319.3 5 0
github.com/moedahpos/backend/cmd/seed/main.go:320.2,345.27 15 0
github.com/moedahpos/backend/cmd/seed/main.go:345.27,357.3 1 0
github.com/moedahpos/backend/cmd/seed/main.go:358.2,400.191 34 0
github.com/moedahpos/backend/cmd/seed/main.go:406.55,409.28 3 1
github.com/moedahpos/backend/cmd/seed/main.go:409.28,410.24 1 1
github.com/moedahpos/backend/cmd/seed/main.go:410.24,413.4 2 1
github.com/moedahpos/backend/cmd/seed/main.go:415.2,415.12 1 1
github.com/moedahpos/backend/cmd/seed/main.go:419.105,446.26 4 0
github.com/moedahpos/backend/cmd/seed/main.go:446.26,449.17 3 0
github.com/moedahpos/backend/cmd/seed/main.go:449.17,456.4 3 0
github.com/moedahpos/backend/cmd/seed/main.go:457.3,457.18 1 0
github.com/moedahpos/backend/cmd/seed/main.go:459.2,459.12 1 0
github.com/moedahpos/backend/cmd/seed/main.go:466.141,467.28 1 0
github.com/moedahpos/backend/cmd/seed/main.go:467.28,496.3 8 0
github.com/moedahpos/backend/cmd/seed/main.go:497.2,497.21 1 0
github.com/moedahpos/backend/cmd/seed/main.go:501.140,524.30 9 0
github.com/moedahpos/backend/cmd/seed/main.go:524.30,525.14 1 0
github.com/moedahpos/backend/cmd/seed/main.go:525.14,526.9 1 0
github.com/moedahpos/backend/cmd/seed/main.go:528.3,546.12 10 0
github.com/moedahpos/backend/cmd/seed/main.go:548.2,551.74 3 0
github.com/moedahpos/backend/cmd/seed/main.go:555.107,556.18 1 0
github.com/moedahpos/backend/cmd/seed/main.go:556.18,558.3 1 0
github.com/moedahpos/backend/cmd/seed/main.go:561.2,570.21 3 0
github.com/moedahpos/backend/cmd/seed/main.go:570.21,572.3 1 0
github.com/moedahpos/backend/cmd/seed/main.go:574.2,577.27 3 0
github.com/moedahpos/backend/cmd/seed/main.go:577.27,581.16 4 0
github.com/moedahpos/backend/cmd/seed/main.go:582.10,583.19 1 0
github.com/moedahpos/backend/cmd/seed/main.go:584.10,585.19 1 0
github.com/moedahpos/backend/cmd/seed/main.go:589.3,612.33 8 0
github.com/moedahpos/backend/cmd/seed/main.go:612.33,620.4 7 0
github.com/moedahpos/backend/cmd/seed/main.go:622.3,632.30 6 0
github.com/moedahpos/backend/cmd/seed/main.go:632.30,638.4 2 0
github.com/moedahpos/backend/cmd/seed/main.go:640.3,641.10 2 0
github.com/moedahpos/backend/cmd/seed/main.go:643.2,643.14 1 0
github.com/moedahpos/backend/cmd/seed/main.go:647.50,663.27 2 0
github.com/moedahpos/backend/cmd/seed/main.go:663.27,664.82 1 0
github.com/moedahpos/backend/cmd/seed/main.go:664.82,666.4 1 0
github.com/moedahpos/backend/cmd/seed/main.go:668.2,668.47 1 0
github.com/moedahpos/backend/cmd/seed/main.go:672.71,698.28 2 0
github.com/moedahpos/backend/cmd/seed/main.go:698.28,699.60 1 0
github.com/moedahpos/backend/cmd/seed/main.go:699.60,701.4 1 0
github.com/moedahpos/backend/cmd/seed/main.go:703.2,703.49 1 0
github.com/moedahpos/backend/cmd/seed/main.go:707.98,715.21 3 0
github.com/moedahpos/backend/cmd/seed/main.go:715.21,717.3 1 0
github.com/moedahpos/backend/cmd/seed/main.go:719.2,721.27 3 0
github.com/moedahpos/backend/cmd/seed/main.go:721.27,738.33 10 0
github.com/moedahpos/backend/cmd/seed/main.go:738.33,743.4 4 0
github.com/moedahpos/backend/cmd/seed/main.go:745.3,755.27 6 0
github.com/moedahpos/backend/cmd/seed/main.go:755.27,762.4 3 0
github.com/moedahpos/backend/cmd/seed/main.go:763.3,764.10 2 0
github.com/moedahpos/backend/cmd/seed/main.go:766.2,766.14 1 0
github.com/moedahpos/backend/cmd/seed/main.go:993.80,1009.31 2 0
github.com/moedahpos/backend/cmd/seed/main.go:1009.31,1016.3 2 0
github.com/moedahpos/backend/cmd/seed/main.go:1017.2,1029.31 7 0
github.com/moedahpos/backend/cmd/seed/main.go:1029.31,1045.37 7 0
github.com/moedahpos/backend/cmd/seed/main.go:1045.37,1050.18 3 0
github.com/moedahpos/backend/cmd/seed/main.go:1050.18,1052.13 2 0
github.com/moedahpos/backend/cmd/seed/main.go:1054.4,1058.55 1 0
github.com/moedahpos/backend/cmd/seed/main.go:1061.2,1061.77 1 0
github.com/moedahpos/backend/cmd/seed/main.go:1065.88,1081.31 5 0
github.com/moedahpos/backend/cmd/seed/main.go:1081.31,1093.26 5 0
github.com/moedahpos/backend/cmd/seed/main.go:1093.26,1099.26 5 0
github.com/moedahpos/backend/cmd/seed/main.go:1099.26,1101.5 1 0
github.com/moedahpos/backend/cmd/seed/main.go:1103.4,1107.13 2 0
github.com/moedahpos/backend/cmd/seed/main.go:1110.3,1111.12 2 0
github.com/moedahpos/backend/cmd/seed/seed_extended.go:19.34,25.2 5 0
github.com/moedahpos/backend/cmd/seed/seed_extended.go:28.29,30.2 1 0
github.com/moedahpos/backend/cmd/seed/seed_extended.go:35.116,51.27 6 0
github.com/moedahpos/backend/cmd/seed/seed_extended.go:51.27,66.22 4 0
github.com/moedahpos/backend/cmd/seed/seed_extended.go:66.22,68.12 2 0
github.com/moedahpos/backend/cmd/seed/seed_extended.go:72.3,89.59 10 0
github.com/moedahpos/backend/cmd/seed/seed_extended.go:95.78,109.30 3 0
github.com/moedahpos/backend/cmd/seed/seed_extended.go:109.30,115.17 3 0
github.com/moedahpos/backend/cmd/seed/seed_extended.go:115.17,123.4 4 0
github.com/moedahpos/backend/cmd/seed/seed_extended.go:124.3,124.24 1 0
github.com/moedahpos/backend/cmd/seed/seed_extended.go:126.2,126.12 1 0
github.com/moedahpos/backend/cmd/seed/seed_extended.go:131.79,151.30 3 0
github.com/moedahpos/backend/cmd/seed/seed_extended.go:151.30,156.17 3 0
github.com/moedahpos/backend/cmd/seed/seed_extended.go:156.17,163.4 4 0
github.com/moedahpos/backend/cmd/seed/seed_extended.go:164.3,164.24 1 0
github.com/moedahpos/backend/cmd/seed/seed_extended.go:166.2,166.12 1 0
github.com/moedahpos/backend/cmd/seed/seed_extended.go:177.24,181.19 3 0
github.com/moedahpos/backend/cmd/seed/seed_extended.go:181.19,183.3 1 0
github.com/moedahpos/backend/cmd/seed/seed_extended.go:185.2,185.32 1 0
github.com/moedahpos/backend/cmd/seed/seed_extended.go:185.32,192.36 5 0
github.com/moedahpos/backend/cmd/seed/seed_extended.go:192.36,198.14 4 0
github.com/moedahpos/backend/cmd/seed/seed_extended.go:198.14,201.5 2 0
github.com/moedahpos/backend/cmd/seed/seed_extended.go:203.4,214.11 5 0
github.com/moedahpos/backend/cmd/seed/seed_extended.go:217.2,217.14 1 0
github.com/moedahpos/backend/cmd/seed/seed_extended.go:233.74,239.20 3 0
github.com/moedahpos/backend/cmd/seed/seed_extended.go:239.20,241.3 1 0
github.com/moedahpos/backend/cmd/seed/seed_extended.go:243.2,246.37 3 0
github.com/moedahpos/backend/cmd/seed/seed_extended.go:246.37,274.3 13 0
github.com/moedahpos/backend/cmd/seed/seed_extended.go:275.2,275.14 1 0
github.com/moedahpos/backend/cmd/seed/seed_extended.go:278.29,280.19 2 0
github.com/moedahpos/backend/cmd/seed/seed_extended.go:280.19,282.27 2 0
github.com/moedahpos/backend/cmd/seed/seed_extended.go:282.27,284.4 1 0
github.com/moedahpos/backend/cmd/seed/seed_extended.go:285.3,285.16 1 0
github.com/moedahpos/backend/cmd/seed/seed_extended.go:287.2,287.23 1 0
github.com/moedahpos/backend/cmd/seed/seed_extended.go:307.24,310.29 2 0
github.com/moedahpos/backend/cmd/seed/seed_extended.go:310.29,312.3 1 0
github.com/moedahpos/backend/cmd/seed/seed_extended.go:315.2,320.28 3 0
github.com/moedahpos/backend/cmd/seed/seed_extended.go:320.28,322.3 1 0
github.com/moedahpos/backend/cmd/seed/seed_extended.go:324.2,345.33 4 0
github.com/moedahpos/backend/cmd/seed/seed_extended.go:345.33,352.23 4 0
github.com/moedahpos/backend/cmd/seed/seed_extended.go:352.23,354.12 2 0
github.com/moedahpos/backend/cmd/seed/seed_extended.go:357.3,376.28 10 0
github.com/moedahpos/backend/cmd/seed/seed_extended.go:376.28,378.4 1 0
github.com/moedahpos/backend/cmd/seed/seed_extended.go:379.3,380.33 2 0
github.com/moedahpos/backend/cmd/seed/seed_extended.go:380.33,394.31 8 0
github.com/moedahpos/backend/cmd/seed/seed_extended.go:394.31,414.5 6 0
github.com/moedahpos/backend/cmd/seed/seed_extended.go:418.3,422.25 3 0
github.com/moedahpos/backend/cmd/seed/seed_extended.go:423.15,426.98 2 0
github.com/moedahpos/backend/cmd/seed/seed_extended.go:428.18,433.90 4 0
github.com/moedahpos/backend/cmd/seed/seed_extended.go:435.17,437.85 1 0
github.com/moedahpos/backend/cmd/seed/seed_extended.go:440.3,440.10 1 0
github.com/moedahpos/backend/cmd/seed/seed_extended.go:442.2,442.14 1 0
github.com/moedahpos/backend/cmd/seed/seed_extended.go:445.36,447.2 1 0
github.com/moedahpos/backend/cmd/seed/seed_extended.go:449.130,461.2 5 0
github.com/moedahpos/backend/cmd/seed/seed_extended.go:463.126,469.2 2 0
github.com/moedahpos/backend/cmd/seed/seed_extended.go:488.105,491.20 3 0
github.com/moedahpos/backend/cmd/seed/seed_extended.go:491.20,493.3 1 0
github.com/moedahpos/backend/cmd/seed/seed_extended.go:495.2,511.30 4 0
github.com/moedahpos/backend/cmd/seed/seed_extended.go:511.30,519.18 7 0
github.com/moedahpos/backend/cmd/seed/seed_extended.go:519.18,521.4 1 0
github.com/moedahpos/backend/cmd/seed/seed_extended.go:523.3,532.10 6 0
github.com/moedahpos/backend/cmd/seed/seed_extended.go:534.2,534.14 1 0
github.com/moedahpos/backend/cmd/seed/seed_extended.go:558.106,561.20 3 0
github.com/moedahpos/backend/cmd/seed/seed_extended.go:561.20,563.3 1 0
github.com/moedahpos/backend/cmd/seed/seed_extended.go:565.2,587.30 4 0
github.com/moedahpos/backend/cmd/seed/seed_extended.go:587.30,595.18 7 0
github.com/moedahpos/backend/cmd/seed/seed_extended.go:595.18,597.4 1 0
github.com/moedahpos/backend/cmd/seed/seed_extended.go:599.3,606.10 4 0
github.com/moedahpos/backend/cmd/seed/seed_extended.go:608.2,608.14 1 0
github.com/moedahpos/backend/internal/config/config.go:56.30,91.39 3 1
github.com/moedahpos/backend/internal/config/config.go:91.39,93.3 1 1
github.com/moedahpos/backend/internal/config/config.go:95.2,95.17 1 1
github.com/moedahpos/backend/internal/config/config.go:99.33,104.2 1 1
github.com/moedahpos/backend/internal/config/config.go:107.39,112.2 1 1
github.com/moedahpos/backend/internal/config/config.go:114.35,115.24 1 1
github.com/moedahpos/backend/internal/config/config.go:115.24,117.3 1 1
github.com/moedahpos/backend/internal/config/config.go:118.2,118.28 1 1
github.com/moedahpos/backend/internal/config/config.go:118.28,120.3 1 0
github.com/moedahpos/backend/internal/config/config.go:121.2,121.12 1 1
github.com/moedahpos/backend/internal/config/config.go:126.42,127.34 1 1
github.com/moedahpos/backend/internal/config/config.go:127.34,129.3 1 1
github.com/moedahpos/backend/internal/config/config.go:130.2,130.17 1 1
github.com/moedahpos/backend/internal/config/config.go:133.46,134.34 1 1
github.com/moedahpos/backend/internal/config/config.go:134.34,136.17 2 1
github.com/moedahpos/backend/internal/config/config.go:136.17,138.4 1 1
github.com/moedahpos/backend/internal/config/config.go:140.2,140.17 1 1
github.com/moedahpos/backend/internal/config/config.go:143.49,144.34 1 1
github.com/moedahpos/backend/internal/config/config.go:144.34,146.17 2 1
github.com/moedahpos/backend/internal/config/config.go:146.17,148.4 1 1
github.com/moedahpos/backend/internal/config/config.go:150.2,150.17 1 1
github.com/moedahpos/backend/internal/config/config.go:153.71,154.34 1 1
github.com/moedahpos/backend/internal/config/config.go:154.34,156.17 2 0
github.com/moedahpos/backend/internal/config/config.go:156.17,158.4 1 0
github.com/moedahpos/backend/internal/config/config.go:160.2,160.17 1 1
github.com/moedahpos/backend/internal/middleware/admin_auth.go:14.76,15.46 1 0
github.com/moedahpos/backend/internal/middleware/admin_auth.go:15.46,16.72 1 0
github.com/moedahpos/backend/internal/middleware/admin_auth.go:16.72,18.20 2 0
github.com/moedahpos/backend/internal/middleware/admin_auth.go:18.20,21.5 2 0
github.com/moedahpos/backend/internal/middleware/admin_auth.go:23.4,32.96 3 0
github.com/moedahpos/backend/internal/middleware/admin_auth.go:32.96,35.5 2 0
github.com/moedahpos/backend/internal/middleware/admin_auth.go:36.4,36.24 1 0
github.com/moedahpos/backend/internal/middleware/admin_auth.go:43.69,44.46 1 0
github.com/moedahpos/backend/internal/middleware/admin_auth.go:44.46,45.72 1 0
github.com/moedahpos/backend/internal/middleware/admin_auth.go:45.72,47.20 2 0
github.com/moedahpos/backend/internal/middleware/admin_auth.go:47.20,50.5 2 0
github.com/moedahpos/backend/internal/middleware/admin_auth.go:52.4,61.96 3 0
github.com/moedahpos/backend/internal/middleware/admin_auth.go:61.96,64.5 2 0
github.com/moedahpos/backend/internal/middleware/admin_auth.go:65.4,65.24 1 0
github.com/moedahpos/backend/internal/middleware/auth.go:22.72,23.46 1 1
github.com/moedahpos/backend/internal/middleware/auth.go:23.46,24.72 1 1
github.com/moedahpos/backend/internal/middleware/auth.go:24.72,26.61 2 1
github.com/moedahpos/backend/internal/middleware/auth.go:26.61,29.5 2 1
github.com/moedahpos/backend/internal/middleware/auth.go:31.4,34.18 3 1
github.com/moedahpos/backend/internal/middleware/auth.go:34.18,37.5 2 1
github.com/moedahpos/backend/internal/middleware/auth.go:39.4,42.41 3 1
github.com/moedahpos/backend/internal/middleware/auth.go:48.52,51.2 2 1
github.com/moedahpos/backend/internal/middleware/auth.go:54.51,57.2 2 1
github.com/moedahpos/backend/internal/middleware/logger.go:11.65,12.46 1 0
github.com/moedahpos/backend/internal/middleware/logger.go:12.46,13.72 1 0
github.com/moedahpos/backend/internal/middleware/logger.go:13.72,28.4 4 0
github.com/moedahpos/backend/internal/middleware/logger.go:38.48,41.2 2 0
github.com/moedahpos/backend/internal/middleware/rbac.go:12.102,13.46 1 1
github.com/moedahpos/backend/internal/middleware/rbac.go:13.46,14.72 1 1
github.com/moedahpos/backend/internal/middleware/rbac.go:14.72,18.35 2 1
github.com/moedahpos/backend/internal/middleware/rbac.go:18.35,21.5 2 0
github.com/moedahpos/backend/internal/middleware/rbac.go:23.4,23.44 1 1
github.com/moedahpos/backend/internal/middleware/rbac.go:23.44,26.5 2 1
github.com/moedahpos/backend/internal/middleware/rbac.go:27.4,27.24 1 1
github.com/moedahpos/backend/internal/middleware/store_context.go:29.64,30.46 1 1
github.com/moedahpos/backend/internal/middleware/store_context.go:30.46,31.72 1 1
github.com/moedahpos/backend/internal/middleware/store_context.go:31.72,33.21 2 1
github.com/moedahpos/backend/internal/middleware/store_context.go:33.21,36.5 2 0
github.com/moedahpos/backend/internal/middleware/store_context.go:38.4,39.20 2 1
github.com/moedahpos/backend/internal/middleware/store_context.go:39.20,42.5 2 0
github.com/moedahpos/backend/internal/middleware/store_context.go:44.4,45.18 2 1
github.com/moedahpos/backend/internal/middleware/store_context.go:45.18,48.5 2 0
github.com/moedahpos/backend/internal/middleware/store_context.go:50.4,52.41 3 1
github.com/moedahpos/backend/internal/middleware/store_context.go:58.53,61.2 2 1
github.com/moedahpos/backend/internal/middleware/store_context.go:64.55,67.2 2 1
github.com/moedahpos/backend/internal/middleware/store_context.go:70.99,77.85 3 1
github.com/moedahpos/backend/internal/middleware/store_context.go:77.85,78.36 1 0
github.com/moedahpos/backend/internal/middleware/store_context.go:78.36,80.4 1 0
github.com/moedahpos/backend/internal/middleware/store_context.go:81.3,81.17 1 0
github.com/moedahpos/backend/internal/middleware/store_context.go:83.2,83.22 1 1
github.com/moedahpos/backend/pkg/hash/hash.go:12.55,14.16 2 1
github.com/moedahpos/backend/pkg/hash/hash.go:14.16,16.3 1 0
github.com/moedahpos/backend/pkg/hash/hash.go:17.2,17.28 1 1
github.com/moedahpos/backend/pkg/hash/hash.go:22.48,24.2 1 1
github.com/moedahpos/backend/pkg/hash/hash.go:28.30,31.2 2 1
github.com/moedahpos/backend/internal/router/router.go:65.43,75.64 7 1
github.com/moedahpos/backend/internal/router/router.go:75.64,78.3 2 1
github.com/moedahpos/backend/internal/router/router.go:80.2,80.40 1 1
github.com/moedahpos/backend/internal/router/router.go:80.40,83.39 1 1
github.com/moedahpos/backend/internal/router/router.go:83.39,87.31 4 1
github.com/moedahpos/backend/internal/router/router.go:87.31,91.5 3 1
github.com/moedahpos/backend/internal/router/router.go:95.3,95.30 1 1
github.com/moedahpos/backend/internal/router/router.go:95.30,99.45 2 1
github.com/moedahpos/backend/internal/router/router.go:99.45,105.5 5 1
github.com/moedahpos/backend/internal/router/router.go:109.4,109.54 1 1
github.com/moedahpos/backend/internal/router/router.go:109.54,111.32 2 1
github.com/moedahpos/backend/internal/router/router.go:111.32,116.6 4 1
github.com/moedahpos/backend/internal/router/router.go:119.4,119.53 1 1
github.com/moedahpos/backend/internal/router/router.go:119.53,121.32 2 1
github.com/moedahpos/backend/internal/router/router.go:121.32,126.6 4 1
github.com/moedahpos/backend/internal/router/router.go:130.4,130.31 1 1
github.com/moedahpos/backend/internal/router/router.go:130.31,132.42 2 1
github.com/moedahpos/backend/internal/router/router.go:132.42,134.43 2 1
github.com/moedahpos/backend/internal/router/router.go:134.43,142.7 7 1
github.com/moedahpos/backend/internal/router/router.go:147.4,147.42 1 1
github.com/moedahpos/backend/internal/router/router.go:147.42,151.46 3 1
github.com/moedahpos/backend/internal/router/router.go:151.46,158.33 4 1
github.com/moedahpos/backend/internal/router/router.go:158.33,162.46 2 1
github.com/moedahpos/backend/internal/router/router.go:162.46,167.8 4 1
github.com/moedahpos/backend/internal/router/router.go:170.7,170.49 1 1
github.com/moedahpos/backend/internal/router/router.go:170.49,175.8 4 1
github.com/moedahpos/backend/internal/router/router.go:178.7,178.47 1 1
github.com/moedahpos/backend/internal/router/router.go:178.47,186.8 7 1
github.com/moedahpos/backend/internal/router/router.go:189.7,192.48 2 1
github.com/moedahpos/backend/internal/router/router.go:192.48,205.8 11 1
github.com/moedahpos/backend/internal/router/router.go:208.7,208.46 1 1
github.com/moedahpos/backend/internal/router/router.go:208.46,210.8 1 1
github.com/moedahpos/backend/internal/router/router.go:213.7,213.44 1 1
github.com/moedahpos/backend/internal/router/router.go:213.44,223.8 8 1
github.com/moedahpos/backend/internal/router/router.go:226.7,226.43 1 1
github.com/moedahpos/backend/internal/router/router.go:226.43,228.8 1 1
github.com/moedahpos/backend/internal/router/router.go:233.7,233.51 1 1
github.com/moedahpos/backend/internal/router/router.go:233.51,243.8 8 1
github.com/moedahpos/backend/internal/router/router.go:246.7,246.54 1 1
github.com/moedahpos/backend/internal/router/router.go:246.54,263.8 15 1
github.com/moedahpos/backend/internal/router/router.go:266.7,266.46 1 1
github.com/moedahpos/backend/internal/router/router.go:266.46,274.8 7 1
github.com/moedahpos/backend/internal/router/router.go:277.7,277.47 1 1
github.com/moedahpos/backend/internal/router/router.go:277.47,283.8 5 1
github.com/moedahpos/backend/internal/router/router.go:286.7,286.50 1 1
github.com/moedahpos/backend/internal/router/router.go:286.50,289.8 2 1
github.com/moedahpos/backend/internal/router/router.go:292.7,292.52 1 1
github.com/moedahpos/backend/internal/router/router.go:292.52,294.8 1 1
github.com/moedahpos/backend/internal/router/router.go:297.7,297.57 1 1
github.com/moedahpos/backend/internal/router/router.go:297.57,302.8 4 1
github.com/moedahpos/backend/internal/router/router.go:305.7,305.46 1 1
github.com/moedahpos/backend/internal/router/router.go:305.46,310.8 4 1
github.com/moedahpos/backend/internal/router/router.go:315.7,315.45 1 1
github.com/moedahpos/backend/internal/router/router.go:315.45,321.8 5 1
github.com/moedahpos/backend/internal/router/router.go:324.7,324.49 1 1
github.com/moedahpos/backend/internal/router/router.go:324.49,329.8 4 1
github.com/moedahpos/backend/internal/router/router.go:332.7,332.42 1 1
github.com/moedahpos/backend/internal/router/router.go:332.42,335.8 2 1
github.com/moedahpos/backend/internal/router/router.go:342.2,342.10 1 1
github.com/moedahpos/backend/internal/router/router.go:346.86,348.2 1 1
github.com/moedahpos/backend/internal/router/router.go:352.53,353.71 1 1
github.com/moedahpos/backend/internal/router/router.go:353.71,355.19 2 1
github.com/moedahpos/backend/internal/router/router.go:355.19,357.4 1 1
github.com/moedahpos/backend/internal/router/router.go:358.3,365.37 6 1
github.com/moedahpos/backend/internal/router/router.go:365.37,368.4 2 0
github.com/moedahpos/backend/internal/router/router.go:369.3,369.23 1 1
github.com/moedahpos/backend/internal/validator/validator.go:20.23,24.61 2 1
github.com/moedahpos/backend/internal/validator/validator.go:24.61,26.18 2 1
github.com/moedahpos/backend/internal/validator/validator.go:26.18,28.4 1 0
github.com/moedahpos/backend/internal/validator/validator.go:29.3,29.14 1 1
github.com/moedahpos/backend/internal/validator/validator.go:32.2,32.25 1 1
github.com/moedahpos/backend/internal/validator/validator.go:36.69,37.39 1 1
github.com/moedahpos/backend/internal/validator/validator.go:37.39,39.39 2 1
github.com/moedahpos/backend/internal/validator/validator.go:39.39,41.4 1 0
github.com/moedahpos/backend/internal/validator/validator.go:42.3,43.36 2 1
github.com/moedahpos/backend/internal/validator/validator.go:43.36,48.4 1 1
github.com/moedahpos/backend/internal/validator/validator.go:49.3,49.14 1 1
github.com/moedahpos/backend/internal/validator/validator.go:51.2,51.12 1 1
github.com/moedahpos/backend/internal/validator/validator.go:54.49,55.17 1 1
github.com/moedahpos/backend/internal/validator/validator.go:56.18,57.36 1 1
github.com/moedahpos/backend/internal/validator/validator.go:58.15,59.41 1 1
github.com/moedahpos/backend/internal/validator/validator.go:60.13,61.70 1 0
github.com/moedahpos/backend/internal/validator/validator.go:62.13,63.69 1 1
github.com/moedahpos/backend/internal/validator/validator.go:64.10,65.35 1 0
github.com/moedahpos/backend/pkg/jwt/jwt.go:26.71,32.2 1 1
github.com/moedahpos/backend/pkg/jwt/jwt.go:35.77,49.2 4 1
github.com/moedahpos/backend/pkg/jwt/jwt.go:53.69,55.16 2 1
github.com/moedahpos/backend/pkg/jwt/jwt.go:55.16,57.3 1 0
github.com/moedahpos/backend/pkg/jwt/jwt.go:58.2,59.36 2 1
github.com/moedahpos/backend/pkg/jwt/jwt.go:63.70,64.101 1 1
github.com/moedahpos/backend/pkg/jwt/jwt.go:64.101,65.56 1 1
github.com/moedahpos/backend/pkg/jwt/jwt.go:65.56,67.4 1 0
github.com/moedahpos/backend/pkg/jwt/jwt.go:68.3,68.23 1 1
github.com/moedahpos/backend/pkg/jwt/jwt.go:70.2,70.16 1 1
github.com/moedahpos/backend/pkg/jwt/jwt.go:70.16,72.3 1 1
github.com/moedahpos/backend/pkg/jwt/jwt.go:74.2,75.25 2 1
github.com/moedahpos/backend/pkg/jwt/jwt.go:75.25,77.3 1 0
github.com/moedahpos/backend/pkg/jwt/jwt.go:78.2,78.20 1 1
github.com/moedahpos/backend/pkg/jwt/jwt.go:82.44,84.2 1 1
github.com/moedahpos/backend/pkg/response/response.go:17.67,21.2 3 1
github.com/moedahpos/backend/pkg/response/response.go:24.55,26.2 1 1
github.com/moedahpos/backend/pkg/response/response.go:29.55,31.2 1 1
github.com/moedahpos/backend/pkg/response/response.go:34.63,36.2 1 1
github.com/moedahpos/backend/pkg/response/response.go:39.65,45.2 1 1
github.com/moedahpos/backend/pkg/response/response.go:48.58,49.19 1 1
github.com/moedahpos/backend/pkg/response/response.go:49.19,51.3 1 1
github.com/moedahpos/backend/pkg/response/response.go:52.2,52.44 1 1
github.com/moedahpos/backend/pkg/response/response.go:56.39,58.2 1 1
github.com/moedahpos/backend/pkg/response/response.go:61.55,63.2 1 1
github.com/moedahpos/backend/pkg/response/response.go:66.43,68.2 1 1
github.com/moedahpos/backend/pkg/rbac/rbac.go:24.43,32.73 3 1
github.com/moedahpos/backend/pkg/rbac/rbac.go:32.73,34.3 1 1
github.com/moedahpos/backend/pkg/rbac/rbac.go:36.2,37.27 2 1
github.com/moedahpos/backend/pkg/rbac/rbac.go:37.27,38.45 1 1
github.com/moedahpos/backend/pkg/rbac/rbac.go:38.45,40.4 1 1
github.com/moedahpos/backend/pkg/rbac/rbac.go:41.3,41.61 1 1
github.com/moedahpos/backend/pkg/rbac/rbac.go:44.2,44.19 1 1
github.com/moedahpos/backend/pkg/rbac/rbac.go:48.60,49.47 1 1
github.com/moedahpos/backend/pkg/rbac/rbac.go:49.47,51.3 1 1
github.com/moedahpos/backend/pkg/rbac/rbac.go:52.2,52.14 1 1
github.com/moedahpos/backend/pkg/rbac/rbac.go:56.41,58.2 1 1
github.com/moedahpos/backend/internal/repository/postgres/activity_log_repo.go:21.76,23.2 1 1
github.com/moedahpos/backend/internal/repository/postgres/activity_log_repo.go:25.86,34.16 3 1
github.com/moedahpos/backend/internal/repository/postgres/activity_log_repo.go:34.16,36.3 1 0
github.com/moedahpos/backend/internal/repository/postgres/activity_log_repo.go:37.2,37.12 1 1
github.com/moedahpos/backend/internal/repository/postgres/activity_log_repo.go:40.138,46.19 3 1
github.com/moedahpos/backend/internal/repository/postgres/activity_log_repo.go:46.19,49.3 2 1
github.com/moedahpos/backend/internal/repository/postgres/activity_log_repo.go:51.2,51.25 1 1
github.com/moedahpos/backend/internal/repository/postgres/activity_log_repo.go:51.25,54.3 2 1
github.com/moedahpos/backend/internal/repository/postgres/activity_log_repo.go:55.2,55.25 1 1
github.com/moedahpos/backend/internal/repository/postgres/activity_log_repo.go:55.25,58.3 2 1
github.com/moedahpos/backend/internal/repository/postgres/activity_log_repo.go:59.2,59.29 1 1
github.com/moedahpos/backend/internal/repository/postgres/activity_log_repo.go:59.29,62.3 2 1
github.com/moedahpos/backend/internal/repository/postgres/activity_log_repo.go:63.2,63.28 1 1
github.com/moedahpos/backend/internal/repository/postgres/activity_log_repo.go:63.28,66.3 2 1
github.com/moedahpos/backend/internal/repository/postgres/activity_log_repo.go:67.2,67.26 1 1
github.com/moedahpos/backend/internal/repository/postgres/activity_log_repo.go:67.26,70.3 2 1
github.com/moedahpos/backend/internal/repository/postgres/activity_log_repo.go:72.2,78.16 5 1
github.com/moedahpos/backend/internal/repository/postgres/activity_log_repo.go:78.16,80.3 1 0
github.com/moedahpos/backend/internal/repository/postgres/activity_log_repo.go:81.2,81.60 1 1
github.com/moedahpos/backend/internal/repository/postgres/activity_log_repo.go:81.60,83.3 1 0
github.com/moedahpos/backend/internal/repository/postgres/activity_log_repo.go:86.2,101.16 6 1
github.com/moedahpos/backend/internal/repository/postgres/activity_log_repo.go:101.16,103.3 1 0
github.com/moedahpos/backend/internal/repository/postgres/activity_log_repo.go:104.2,104.62 1 1
github.com/moedahpos/backend/internal/repository/postgres/activity_log_repo.go:104.62,106.3 1 0
github.com/moedahpos/backend/internal/repository/postgres/activity_log_repo.go:108.2,108.25 1 1
github.com/moedahpos/backend/internal/repository/postgres/batch_repo.go:19.64,21.2 1 1
github.com/moedahpos/backend/internal/repository/postgres/batch_repo.go:24.86,33.16 3 1
github.com/moedahpos/backend/internal/repository/postgres/batch_repo.go:33.16,35.3 1 0
github.com/moedahpos/backend/internal/repository/postgres/batch_repo.go:36.2,36.12 1 1
github.com/moedahpos/backend/internal/repository/postgres/batch_repo.go:41.119,51.81 3 1
github.com/moedahpos/backend/internal/repository/postgres/batch_repo.go:51.81,53.3 1 0
github.com/moedahpos/backend/internal/repository/postgres/batch_repo.go:54.2,54.21 1 1
github.com/moedahpos/backend/internal/repository/postgres/batch_repo.go:59.113,68.23 3 1
github.com/moedahpos/backend/internal/repository/postgres/batch_repo.go:68.23,72.3 2 1
github.com/moedahpos/backend/internal/repository/postgres/batch_repo.go:73.2,75.70 3 1
github.com/moedahpos/backend/internal/repository/postgres/batch_repo.go:75.70,77.3 1 0
github.com/moedahpos/backend/internal/repository/postgres/batch_repo.go:78.2,78.21 1 1
github.com/moedahpos/backend/internal/repository/postgres/batch_repo.go:83.111,98.67 3 1
github.com/moedahpos/backend/internal/repository/postgres/batch_repo.go:98.67,100.3 1 0
github.com/moedahpos/backend/internal/repository/postgres/batch_repo.go:101.2,101.18 1 1
github.com/moedahpos/backend/internal/repository/postgres/batch_repo.go:111.99,113.16 2 1
github.com/moedahpos/backend/internal/repository/postgres/batch_repo.go:113.16,115.3 1 0
github.com/moedahpos/backend/internal/repository/postgres/batch_repo.go:116.2,116.15 1 1
github.com/moedahpos/backend/internal/repository/postgres/batch_repo.go:116.15,116.36 1 1
github.com/moedahpos/backend/internal/repository/postgres/batch_repo.go:120.2,133.85 4 1
github.com/moedahpos/backend/internal/repository/postgres/batch_repo.go:133.85,135.3 1 0
github.com/moedahpos/backend/internal/repository/postgres/batch_repo.go:138.2,139.28 2 1
github.com/moedahpos/backend/internal/repository/postgres/batch_repo.go:139.28,141.3 1 1
github.com/moedahpos/backend/internal/repository/postgres/batch_repo.go:142.2,142.22 1 1
github.com/moedahpos/backend/internal/repository/postgres/batch_repo.go:142.22,145.3 1 1
github.com/moedahpos/backend/internal/repository/postgres/batch_repo.go:148.2,149.28 2 1
github.com/moedahpos/backend/internal/repository/postgres/batch_repo.go:149.28,150.21 1 1
github.com/moedahpos/backend/internal/repository/postgres/batch_repo.go:150.21,151.9 1 0
github.com/moedahpos/backend/internal/repository/postgres/batch_repo.go:154.3,155.25 2 1
github.com/moedahpos/backend/internal/repository/postgres/batch_repo.go:155.25,157.4 1 1
github.com/moedahpos/backend/internal/repository/postgres/batch_repo.go:158.3,162.17 2 1
github.com/moedahpos/backend/internal/repository/postgres/batch_repo.go:162.17,164.4 1 0
github.com/moedahpos/backend/internal/repository/postgres/batch_repo.go:165.3,165.22 1 1
github.com/moedahpos/backend/internal/repository/postgres/batch_repo.go:169.2,169.20 1 1
github.com/moedahpos/backend/internal/repository/postgres/customer_repo.go:36.70,38.2 1 1
github.com/moedahpos/backend/internal/repository/postgres/customer_repo.go:40.98,48.32 3 1
github.com/moedahpos/backend/internal/repository/postgres/customer_repo.go:48.32,50.3 1 0
github.com/moedahpos/backend/internal/repository/postgres/customer_repo.go:51.2,51.17 1 1
github.com/moedahpos/backend/internal/repository/postgres/customer_repo.go:54.112,58.20 4 1
github.com/moedahpos/backend/internal/repository/postgres/customer_repo.go:58.20,62.3 3 0
github.com/moedahpos/backend/internal/repository/postgres/customer_repo.go:63.2,66.132 3 1
github.com/moedahpos/backend/internal/repository/postgres/customer_repo.go:66.132,68.3 1 0
github.com/moedahpos/backend/internal/repository/postgres/customer_repo.go:70.2,80.67 4 1
github.com/moedahpos/backend/internal/repository/postgres/customer_repo.go:80.67,82.3 1 0
github.com/moedahpos/backend/internal/repository/postgres/customer_repo.go:83.2,83.25 1 1
github.com/moedahpos/backend/internal/repository/postgres/customer_repo.go:86.91,94.72 3 1
github.com/moedahpos/backend/internal/repository/postgres/customer_repo.go:94.72,95.36 1 1
github.com/moedahpos/backend/internal/repository/postgres/customer_repo.go:95.36,97.4 1 1
github.com/moedahpos/backend/internal/repository/postgres/customer_repo.go:98.3,98.59 1 0
github.com/moedahpos/backend/internal/repository/postgres/customer_repo.go:100.2,100.15 1 1
github.com/moedahpos/backend/internal/repository/postgres/customer_repo.go:103.98,109.122 3 1
github.com/moedahpos/backend/internal/repository/postgres/customer_repo.go:109.122,110.36 1 1
github.com/moedahpos/backend/internal/repository/postgres/customer_repo.go:110.36,112.4 1 1
github.com/moedahpos/backend/internal/repository/postgres/customer_repo.go:113.3,113.57 1 0
github.com/moedahpos/backend/internal/repository/postgres/customer_repo.go:115.2,115.17 1 1
github.com/moedahpos/backend/internal/repository/postgres/customer_repo.go:118.73,120.16 2 1
github.com/moedahpos/backend/internal/repository/postgres/customer_repo.go:120.16,122.3 1 0
github.com/moedahpos/backend/internal/repository/postgres/customer_repo.go:123.2,123.40 1 1
github.com/moedahpos/backend/internal/repository/postgres/customer_repo.go:123.40,125.3 1 1
github.com/moedahpos/backend/internal/repository/postgres/customer_repo.go:126.2,126.12 1 1
github.com/moedahpos/backend/internal/repository/postgres/customer_repo.go:130.110,133.78 3 1
github.com/moedahpos/backend/internal/repository/postgres/customer_repo.go:133.78,135.3 1 0
github.com/moedahpos/backend/internal/repository/postgres/customer_repo.go:136.2,136.18 1 1
github.com/moedahpos/backend/internal/repository/postgres/customer_repo.go:141.123,147.74 3 0
github.com/moedahpos/backend/internal/repository/postgres/customer_repo.go:147.74,149.3 1 0
github.com/moedahpos/backend/internal/repository/postgres/customer_repo.go:150.2,150.18 1 0
github.com/moedahpos/backend/internal/repository/postgres/expense_repo.go:20.68,22.2 1 1
github.com/moedahpos/backend/internal/repository/postgres/expense_repo.go:26.115,28.21 2 1
github.com/moedahpos/backend/internal/repository/postgres/expense_repo.go:28.21,30.3 1 1
github.com/moedahpos/backend/internal/repository/postgres/expense_repo.go:31.2,33.58 3 1
github.com/moedahpos/backend/internal/repository/postgres/expense_repo.go:33.58,35.3 1 0
github.com/moedahpos/backend/internal/repository/postgres/expense_repo.go:36.2,36.18 1 1
github.com/moedahpos/backend/internal/repository/postgres/expense_repo.go:39.119,45.93 3 1
github.com/moedahpos/backend/internal/repository/postgres/expense_repo.go:45.93,47.3 1 0
github.com/moedahpos/backend/internal/repository/postgres/expense_repo.go:48.2,48.17 1 1
github.com/moedahpos/backend/internal/repository/postgres/expense_repo.go:51.104,54.74 3 1
github.com/moedahpos/backend/internal/repository/postgres/expense_repo.go:54.74,55.36 1 1
github.com/moedahpos/backend/internal/repository/postgres/expense_repo.go:55.36,57.4 1 1
github.com/moedahpos/backend/internal/repository/postgres/expense_repo.go:58.3,58.65 1 0
github.com/moedahpos/backend/internal/repository/postgres/expense_repo.go:60.2,60.17 1 1
github.com/moedahpos/backend/internal/repository/postgres/expense_repo.go:63.137,70.96 3 1
github.com/moedahpos/backend/internal/repository/postgres/expense_repo.go:70.96,71.36 1 1
github.com/moedahpos/backend/internal/repository/postgres/expense_repo.go:71.36,73.4 1 1
github.com/moedahpos/backend/internal/repository/postgres/expense_repo.go:74.3,74.64 1 0
github.com/moedahpos/backend/internal/repository/postgres/expense_repo.go:76.2,76.17 1 1
github.com/moedahpos/backend/internal/repository/postgres/expense_repo.go:79.80,85.16 3 1
github.com/moedahpos/backend/internal/repository/postgres/expense_repo.go:85.16,87.3 1 0
github.com/moedahpos/backend/internal/repository/postgres/expense_repo.go:88.2,88.40 1 1
github.com/moedahpos/backend/internal/repository/postgres/expense_repo.go:88.40,90.3 1 1
github.com/moedahpos/backend/internal/repository/postgres/expense_repo.go:91.2,91.12 1 1
github.com/moedahpos/backend/internal/repository/postgres/expense_repo.go:96.102,102.180 3 1
github.com/moedahpos/backend/internal/repository/postgres/expense_repo.go:102.180,104.3 1 0
github.com/moedahpos/backend/internal/repository/postgres/expense_repo.go:106.2,107.17 2 1
github.com/moedahpos/backend/internal/repository/postgres/expense_repo.go:110.109,115.24 4 1
github.com/moedahpos/backend/internal/repository/postgres/expense_repo.go:115.24,119.3 3 0
github.com/moedahpos/backend/internal/repository/postgres/expense_repo.go:120.2,120.22 1 1
github.com/moedahpos/backend/internal/repository/postgres/expense_repo.go:120.22,124.3 3 0
github.com/moedahpos/backend/internal/repository/postgres/expense_repo.go:125.2,125.20 1 1
github.com/moedahpos/backend/internal/repository/postgres/expense_repo.go:125.20,129.3 3 0
github.com/moedahpos/backend/internal/repository/postgres/expense_repo.go:131.2,134.131 3 1
github.com/moedahpos/backend/internal/repository/postgres/expense_repo.go:134.131,136.3 1 0
github.com/moedahpos/backend/internal/repository/postgres/expense_repo.go:138.2,148.71 4 1
github.com/moedahpos/backend/internal/repository/postgres/expense_repo.go:148.71,150.3 1 0
github.com/moedahpos/backend/internal/repository/postgres/expense_repo.go:151.2,151.25 1 1
github.com/moedahpos/backend/internal/repository/postgres/expense_repo.go:154.97,161.83 3 1
github.com/moedahpos/backend/internal/repository/postgres/expense_repo.go:161.83,162.36 1 1
github.com/moedahpos/backend/internal/repository/postgres/expense_repo.go:162.36,164.4 1 1
github.com/moedahpos/backend/internal/repository/postgres/expense_repo.go:165.3,165.57 1 0
github.com/moedahpos/backend/internal/repository/postgres/expense_repo.go:167.2,167.17 1 1
github.com/moedahpos/backend/internal/repository/postgres/expense_repo.go:170.95,176.156 3 1
github.com/moedahpos/backend/internal/repository/postgres/expense_repo.go:176.156,177.36 1 1
github.com/moedahpos/backend/internal/repository/postgres/expense_repo.go:177.36,179.4 1 1
github.com/moedahpos/backend/internal/repository/postgres/expense_repo.go:180.3,180.56 1 0
github.com/moedahpos/backend/internal/repository/postgres/expense_repo.go:182.2,183.17 2 1
github.com/moedahpos/backend/internal/repository/postgres/expense_repo.go:186.77,189.16 3 1
github.com/moedahpos/backend/internal/repository/postgres/expense_repo.go:189.16,191.3 1 0
github.com/moedahpos/backend/internal/repository/postgres/expense_repo.go:192.2,192.40 1 1
github.com/moedahpos/backend/internal/repository/postgres/expense_repo.go:192.40,194.3 1 1
github.com/moedahpos/backend/internal/repository/postgres/expense_repo.go:195.2,195.12 1 1
github.com/moedahpos/backend/internal/repository/postgres/expense_repo.go:198.117,204.91 3 1
github.com/moedahpos/backend/internal/repository/postgres/expense_repo.go:204.91,205.36 1 1
github.com/moedahpos/backend/internal/repository/postgres/expense_repo.go:205.36,207.4 1 1
github.com/moedahpos/backend/internal/repository/postgres/expense_repo.go:208.3,208.69 1 0
github.com/moedahpos/backend/internal/repository/postgres/expense_repo.go:210.2,211.17 2 1
github.com/moedahpos/backend/internal/repository/postgres/expense_repo.go:216.129,225.65 3 1
github.com/moedahpos/backend/internal/repository/postgres/expense_repo.go:225.65,227.3 1 0
github.com/moedahpos/backend/internal/repository/postgres/expense_repo.go:228.2,229.17 2 1
github.com/moedahpos/backend/internal/repository/postgres/expense_repo.go:232.127,237.24 4 1
github.com/moedahpos/backend/internal/repository/postgres/expense_repo.go:237.24,241.3 3 0
github.com/moedahpos/backend/internal/repository/postgres/expense_repo.go:243.2,246.142 3 1
github.com/moedahpos/backend/internal/repository/postgres/expense_repo.go:246.142,248.3 1 0
github.com/moedahpos/backend/internal/repository/postgres/expense_repo.go:250.2,260.71 4 1
github.com/moedahpos/backend/internal/repository/postgres/expense_repo.go:260.71,262.3 1 0
github.com/moedahpos/backend/internal/repository/postgres/expense_repo.go:263.2,263.25 1 1
github.com/moedahpos/backend/internal/repository/postgres/expense_repo.go:266.115,273.83 3 1
github.com/moedahpos/backend/internal/repository/postgres/expense_repo.go:273.83,274.36 1 1
github.com/moedahpos/backend/internal/repository/postgres/expense_repo.go:274.36,276.4 1 1
github.com/moedahpos/backend/internal/repository/postgres/expense_repo.go:277.3,277.66 1 0
github.com/moedahpos/backend/internal/repository/postgres/expense_repo.go:279.2,279.17 1 1
github.com/moedahpos/backend/internal/repository/postgres/expense_repo.go:282.122,292.48 3 1
github.com/moedahpos/backend/internal/repository/postgres/expense_repo.go:292.48,293.36 1 1
github.com/moedahpos/backend/internal/repository/postgres/expense_repo.go:293.36,295.4 1 1
github.com/moedahpos/backend/internal/repository/postgres/expense_repo.go:296.3,296.65 1 0
github.com/moedahpos/backend/internal/repository/postgres/expense_repo.go:298.2,299.17 2 1
github.com/moedahpos/backend/internal/repository/postgres/expense_repo.go:302.86,305.16 3 1
github.com/moedahpos/backend/internal/repository/postgres/expense_repo.go:305.16,307.3 1 0
github.com/moedahpos/backend/internal/repository/postgres/expense_repo.go:308.2,308.40 1 1
github.com/moedahpos/backend/internal/repository/postgres/expense_repo.go:308.40,310.3 1 1
github.com/moedahpos/backend/internal/repository/postgres/expense_repo.go:311.2,311.12 1 1
github.com/moedahpos/backend/internal/repository/postgres/expense_repo.go:314.104,324.58 3 1
github.com/moedahpos/backend/internal/repository/postgres/expense_repo.go:324.58,326.3 1 0
github.com/moedahpos/backend/internal/repository/postgres/expense_repo.go:327.2,327.18 1 1
github.com/moedahpos/backend/internal/repository/postgres/expense_repo.go:330.98,334.2 3 1
github.com/moedahpos/backend/internal/repository/postgres/income_repo.go:22.66,24.2 1 1
github.com/moedahpos/backend/internal/repository/postgres/income_repo.go:28.113,30.21 2 1
github.com/moedahpos/backend/internal/repository/postgres/income_repo.go:30.21,32.3 1 1
github.com/moedahpos/backend/internal/repository/postgres/income_repo.go:33.2,35.58 3 1
github.com/moedahpos/backend/internal/repository/postgres/income_repo.go:35.58,37.3 1 0
github.com/moedahpos/backend/internal/repository/postgres/income_repo.go:38.2,38.18 1 1
github.com/moedahpos/backend/internal/repository/postgres/income_repo.go:41.118,47.97 3 1
github.com/moedahpos/backend/internal/repository/postgres/income_repo.go:47.97,49.3 1 0
github.com/moedahpos/backend/internal/repository/postgres/income_repo.go:50.2,50.17 1 1
github.com/moedahpos/backend/internal/repository/postgres/income_repo.go:53.102,56.74 3 1
github.com/moedahpos/backend/internal/repository/postgres/income_repo.go:56.74,57.36 1 1
github.com/moedahpos/backend/internal/repository/postgres/income_repo.go:57.36,59.4 1 1
github.com/moedahpos/backend/internal/repository/postgres/income_repo.go:60.3,60.64 1 0
github.com/moedahpos/backend/internal/repository/postgres/income_repo.go:62.2,62.17 1 1
github.com/moedahpos/backend/internal/repository/postgres/income_repo.go:65.135,72.96 3 1
github.com/moedahpos/backend/internal/repository/postgres/income_repo.go:72.96,73.36 1 1
github.com/moedahpos/backend/internal/repository/postgres/income_repo.go:73.36,75.4 1 1
github.com/moedahpos/backend/internal/repository/postgres/income_repo.go:76.3,76.63 1 0
github.com/moedahpos/backend/internal/repository/postgres/income_repo.go:78.2,78.17 1 1
github.com/moedahpos/backend/internal/repository/postgres/income_repo.go:81.79,87.16 3 1
github.com/moedahpos/backend/internal/repository/postgres/income_repo.go:87.16,89.3 1 0
github.com/moedahpos/backend/internal/repository/postgres/income_repo.go:90.2,90.40 1 1
github.com/moedahpos/backend/internal/repository/postgres/income_repo.go:90.40,92.3 1 1
github.com/moedahpos/backend/internal/repository/postgres/income_repo.go:93.2,93.12 1 1
github.com/moedahpos/backend/internal/repository/postgres/income_repo.go:98.94,107.32 3 1
github.com/moedahpos/backend/internal/repository/postgres/income_repo.go:107.32,109.3 1 0
github.com/moedahpos/backend/internal/repository/postgres/income_repo.go:111.2,111.32 1 1
github.com/moedahpos/backend/internal/repository/postgres/income_repo.go:114.106,120.24 5 1
github.com/moedahpos/backend/internal/repository/postgres/income_repo.go:120.24,124.3 3 1
github.com/moedahpos/backend/internal/repository/postgres/income_repo.go:125.2,125.22 1 1
github.com/moedahpos/backend/internal/repository/postgres/income_repo.go:125.22,129.3 3 1
github.com/moedahpos/backend/internal/repository/postgres/income_repo.go:130.2,130.20 1 1
github.com/moedahpos/backend/internal/repository/postgres/income_repo.go:130.20,134.3 3 1
github.com/moedahpos/backend/internal/repository/postgres/income_repo.go:136.2,141.29 3 1
github.com/moedahpos/backend/internal/repository/postgres/income_repo.go:141.29,143.3 1 0
github.com/moedahpos/backend/internal/repository/postgres/income_repo.go:145.2,161.71 5 1
github.com/moedahpos/backend/internal/repository/postgres/income_repo.go:161.71,163.3 1 0
github.com/moedahpos/backend/internal/repository/postgres/income_repo.go:164.2,164.25 1 1
github.com/moedahpos/backend/internal/repository/postgres/income_repo.go:167.87,179.74 3 1
github.com/moedahpos/backend/internal/repository/postgres/income_repo.go:179.74,180.36 1 1
github.com/moedahpos/backend/internal/repository/postgres/income_repo.go:180.36,182.4 1 1
github.com/moedahpos/backend/internal/repository/postgres/income_repo.go:183.3,183.57 1 0
github.com/moedahpos/backend/internal/repository/postgres/income_repo.go:185.2,185.17 1 1
github.com/moedahpos/backend/internal/repository/postgres/income_repo.go:188.94,199.26 3 1
github.com/moedahpos/backend/internal/repository/postgres/income_repo.go:199.26,200.36 1 1
github.com/moedahpos/backend/internal/repository/postgres/income_repo.go:200.36,202.4 1 1
github.com/moedahpos/backend/internal/repository/postgres/income_repo.go:203.3,203.55 1 0
github.com/moedahpos/backend/internal/repository/postgres/income_repo.go:205.2,205.28 1 1
github.com/moedahpos/backend/internal/repository/postgres/income_repo.go:208.76,211.16 3 1
github.com/moedahpos/backend/internal/repository/postgres/income_repo.go:211.16,213.3 1 0
github.com/moedahpos/backend/internal/repository/postgres/income_repo.go:214.2,214.40 1 1
github.com/moedahpos/backend/internal/repository/postgres/income_repo.go:214.40,216.3 1 1
github.com/moedahpos/backend/internal/repository/postgres/income_repo.go:217.2,217.12 1 1
github.com/moedahpos/backend/internal/repository/postgres/income_repo.go:221.111,227.128 3 1
github.com/moedahpos/backend/internal/repository/postgres/income_repo.go:227.128,229.3 1 0
github.com/moedahpos/backend/internal/repository/postgres/income_repo.go:230.2,230.19 1 1
github.com/moedahpos/backend/internal/repository/postgres/loyalty_repository.go:21.82,23.2 1 1
github.com/moedahpos/backend/internal/repository/postgres/loyalty_repository.go:25.93,28.59 3 1
github.com/moedahpos/backend/internal/repository/postgres/loyalty_repository.go:28.59,30.3 1 0
github.com/moedahpos/backend/internal/repository/postgres/loyalty_repository.go:31.2,31.19 1 1
github.com/moedahpos/backend/internal/repository/postgres/loyalty_repository.go:34.103,37.72 3 0
github.com/moedahpos/backend/internal/repository/postgres/loyalty_repository.go:37.72,38.36 1 0
github.com/moedahpos/backend/internal/repository/postgres/loyalty_repository.go:38.36,40.4 1 0
github.com/moedahpos/backend/internal/repository/postgres/loyalty_repository.go:41.3,41.65 1 0
github.com/moedahpos/backend/internal/repository/postgres/loyalty_repository.go:43.2,43.15 1 0
github.com/moedahpos/backend/internal/repository/postgres/loyalty_repository.go:52.68,54.2 1 1
github.com/moedahpos/backend/internal/repository/postgres/loyalty_repository.go:57.91,60.81 3 1
github.com/moedahpos/backend/internal/repository/postgres/loyalty_repository.go:60.81,62.3 1 0
github.com/moedahpos/backend/internal/repository/postgres/loyalty_repository.go:63.2,63.21 1 1
github.com/moedahpos/backend/internal/repository/postgres/loyalty_repository.go:67.144,73.107 3 1
github.com/moedahpos/backend/internal/repository/postgres/loyalty_repository.go:73.107,75.3 1 0
github.com/moedahpos/backend/internal/repository/postgres/loyalty_repository.go:76.2,76.19 1 1
github.com/moedahpos/backend/internal/repository/postgres/loyalty_repository.go:81.145,88.108 3 0
github.com/moedahpos/backend/internal/repository/postgres/loyalty_repository.go:88.108,90.3 1 0
github.com/moedahpos/backend/internal/repository/postgres/loyalty_repository.go:91.2,91.19 1 0
github.com/moedahpos/backend/internal/repository/postgres/loyalty_repository.go:95.107,102.73 3 0
github.com/moedahpos/backend/internal/repository/postgres/loyalty_repository.go:102.73,104.3 1 0
github.com/moedahpos/backend/internal/repository/postgres/loyalty_repository.go:105.2,105.21 1 0
github.com/moedahpos/backend/internal/repository/postgres/loyalty_repository.go:109.88,114.16 2 0
github.com/moedahpos/backend/internal/repository/postgres/loyalty_repository.go:114.16,116.3 1 0
github.com/moedahpos/backend/internal/repository/postgres/loyalty_repository.go:117.2,117.40 1 0
github.com/moedahpos/backend/internal/repository/postgres/loyalty_repository.go:117.40,119.3 1 0
github.com/moedahpos/backend/internal/repository/postgres/loyalty_repository.go:120.2,120.12 1 0
github.com/moedahpos/backend/internal/repository/postgres/loyalty_repository.go:124.111,131.80 3 0
github.com/moedahpos/backend/internal/repository/postgres/loyalty_repository.go:131.80,132.36 1 0
github.com/moedahpos/backend/internal/repository/postgres/loyalty_repository.go:132.36,134.4 1 0
github.com/moedahpos/backend/internal/repository/postgres/loyalty_repository.go:135.3,135.65 1 0
github.com/moedahpos/backend/internal/repository/postgres/loyalty_repository.go:137.2,137.15 1 0
github.com/moedahpos/backend/internal/repository/postgres/payment_record_repo.go:18.80,20.2 1 1
github.com/moedahpos/backend/internal/repository/postgres/payment_record_repo.go:23.114,39.16 3 1
github.com/moedahpos/backend/internal/repository/postgres/payment_record_repo.go:39.16,41.3 1 0
github.com/moedahpos/backend/internal/repository/postgres/payment_record_repo.go:42.2,42.17 1 1
github.com/moedahpos/backend/internal/repository/postgres/payment_record_repo.go:46.113,55.71 3 1
github.com/moedahpos/backend/internal/repository/postgres/payment_record_repo.go:55.71,57.3 1 0
github.com/moedahpos/backend/internal/repository/postgres/payment_record_repo.go:58.2,58.21 1 1
github.com/moedahpos/backend/internal/repository/postgres/po_payment_repo.go:20.72,22.2 1 1
github.com/moedahpos/backend/internal/repository/postgres/po_payment_repo.go:25.100,33.33 3 1
github.com/moedahpos/backend/internal/repository/postgres/po_payment_repo.go:33.33,35.3 1 0
github.com/moedahpos/backend/internal/repository/postgres/po_payment_repo.go:37.2,38.18 2 1
github.com/moedahpos/backend/internal/repository/postgres/po_payment_repo.go:42.97,62.64 3 1
github.com/moedahpos/backend/internal/repository/postgres/po_payment_repo.go:62.64,64.3 1 0
github.com/moedahpos/backend/internal/repository/postgres/po_payment_repo.go:65.2,65.18 1 1
github.com/moedahpos/backend/internal/repository/postgres/po_payment_repo.go:69.119,76.72 3 1
github.com/moedahpos/backend/internal/repository/postgres/po_payment_repo.go:76.72,78.3 1 0
github.com/moedahpos/backend/internal/repository/postgres/po_payment_repo.go:79.2,80.26 2 1
github.com/moedahpos/backend/internal/repository/postgres/po_payment_repo.go:84.106,121.16 3 1
github.com/moedahpos/backend/internal/repository/postgres/po_payment_repo.go:121.16,123.3 1 0
github.com/moedahpos/backend/internal/repository/postgres/po_payment_repo.go:124.2,124.16 1 1
github.com/moedahpos/backend/internal/repository/postgres/po_payment_repo.go:127.48,128.9 1 1
github.com/moedahpos/backend/internal/repository/postgres/po_payment_repo.go:129.17,130.18 1 1
github.com/moedahpos/backend/internal/repository/postgres/po_payment_repo.go:131.21,132.16 1 1
github.com/moedahpos/backend/internal/repository/postgres/po_payment_repo.go:133.10,134.19 1 1
github.com/moedahpos/backend/internal/repository/postgres/po_payment_repo.go:139.94,140.19 1 1
github.com/moedahpos/backend/internal/repository/postgres/po_payment_repo.go:140.19,142.3 1 0
github.com/moedahpos/backend/internal/repository/postgres/po_payment_repo.go:143.2,144.25 2 1
github.com/moedahpos/backend/internal/repository/postgres/po_payment_repo.go:144.25,146.3 1 1
github.com/moedahpos/backend/internal/repository/postgres/po_payment_repo.go:147.2,163.25 7 1
github.com/moedahpos/backend/internal/repository/postgres/po_payment_repo.go:163.25,165.3 1 1
github.com/moedahpos/backend/internal/repository/postgres/po_payment_repo.go:166.2,166.25 1 1
github.com/moedahpos/backend/internal/repository/postgres/po_payment_repo.go:166.25,170.3 3 1
github.com/moedahpos/backend/internal/repository/postgres/po_payment_repo.go:171.2,171.16 1 1
github.com/moedahpos/backend/internal/repository/postgres/po_repo.go:21.80,23.2 1 1
github.com/moedahpos/backend/internal/repository/postgres/po_repo.go:25.126,27.16 2 1
github.com/moedahpos/backend/internal/repository/postgres/po_repo.go:27.16,29.3 1 0
github.com/moedahpos/backend/internal/repository/postgres/po_repo.go:30.2,30.15 1 1
github.com/moedahpos/backend/internal/repository/postgres/po_repo.go:30.15,30.36 1 1
github.com/moedahpos/backend/internal/repository/postgres/po_repo.go:32.2,40.35 3 1
github.com/moedahpos/backend/internal/repository/postgres/po_repo.go:40.35,42.3 1 0
github.com/moedahpos/backend/internal/repository/postgres/po_repo.go:44.2,45.16 2 1
github.com/moedahpos/backend/internal/repository/postgres/po_repo.go:45.16,47.3 1 0
github.com/moedahpos/backend/internal/repository/postgres/po_repo.go:49.2,49.36 1 1
github.com/moedahpos/backend/internal/repository/postgres/po_repo.go:49.36,51.3 1 0
github.com/moedahpos/backend/internal/repository/postgres/po_repo.go:52.2,53.20 2 1
github.com/moedahpos/backend/internal/repository/postgres/po_repo.go:56.125,62.29 3 1
github.com/moedahpos/backend/internal/repository/postgres/po_repo.go:62.29,64.137 2 1
github.com/moedahpos/backend/internal/repository/postgres/po_repo.go:64.137,66.4 1 0
github.com/moedahpos/backend/internal/repository/postgres/po_repo.go:67.3,67.31 1 1
github.com/moedahpos/backend/internal/repository/postgres/po_repo.go:69.2,69.20 1 1
github.com/moedahpos/backend/internal/repository/postgres/po_repo.go:72.105,76.20 4 1
github.com/moedahpos/backend/internal/repository/postgres/po_repo.go:76.20,80.3 3 0
github.com/moedahpos/backend/internal/repository/postgres/po_repo.go:81.2,81.22 1 1
github.com/moedahpos/backend/internal/repository/postgres/po_repo.go:81.22,85.3 3 0
github.com/moedahpos/backend/internal/repository/postgres/po_repo.go:86.2,86.20 1 1
github.com/moedahpos/backend/internal/repository/postgres/po_repo.go:86.20,90.3 3 0
github.com/moedahpos/backend/internal/repository/postgres/po_repo.go:91.2,96.29 3 1
github.com/moedahpos/backend/internal/repository/postgres/po_repo.go:96.29,98.3 1 0
github.com/moedahpos/backend/internal/repository/postgres/po_repo.go:100.2,133.70 4 1
github.com/moedahpos/backend/internal/repository/postgres/po_repo.go:133.70,135.3 1 0
github.com/moedahpos/backend/internal/repository/postgres/po_repo.go:136.2,136.24 1 1
github.com/moedahpos/backend/internal/repository/postgres/po_repo.go:139.90,153.75 3 1
github.com/moedahpos/backend/internal/repository/postgres/po_repo.go:153.75,154.36 1 1
github.com/moedahpos/backend/internal/repository/postgres/po_repo.go:154.36,156.4 1 1
github.com/moedahpos/backend/internal/repository/postgres/po_repo.go:157.3,157.53 1 0
github.com/moedahpos/backend/internal/repository/postgres/po_repo.go:160.2,166.70 2 1
github.com/moedahpos/backend/internal/repository/postgres/po_repo.go:166.70,168.3 1 0
github.com/moedahpos/backend/internal/repository/postgres/po_repo.go:169.2,169.16 1 1
github.com/moedahpos/backend/internal/repository/postgres/po_repo.go:172.126,174.16 2 1
github.com/moedahpos/backend/internal/repository/postgres/po_repo.go:174.16,176.3 1 0
github.com/moedahpos/backend/internal/repository/postgres/po_repo.go:177.2,177.15 1 1
github.com/moedahpos/backend/internal/repository/postgres/po_repo.go:177.15,177.36 1 1
github.com/moedahpos/backend/internal/repository/postgres/po_repo.go:179.2,185.119 3 1
github.com/moedahpos/backend/internal/repository/postgres/po_repo.go:185.119,186.36 1 1
github.com/moedahpos/backend/internal/repository/postgres/po_repo.go:186.36,188.4 1 1
github.com/moedahpos/backend/internal/repository/postgres/po_repo.go:189.3,189.51 1 0
github.com/moedahpos/backend/internal/repository/postgres/po_repo.go:193.2,193.107 1 1
github.com/moedahpos/backend/internal/repository/postgres/po_repo.go:193.107,195.3 1 0
github.com/moedahpos/backend/internal/repository/postgres/po_repo.go:196.2,197.16 2 1
github.com/moedahpos/backend/internal/repository/postgres/po_repo.go:197.16,199.3 1 0
github.com/moedahpos/backend/internal/repository/postgres/po_repo.go:201.2,201.36 1 1
github.com/moedahpos/backend/internal/repository/postgres/po_repo.go:201.36,203.3 1 0
github.com/moedahpos/backend/internal/repository/postgres/po_repo.go:204.2,205.20 2 1
github.com/moedahpos/backend/internal/repository/postgres/po_repo.go:208.68,214.16 3 1
github.com/moedahpos/backend/internal/repository/postgres/po_repo.go:214.16,216.3 1 0
github.com/moedahpos/backend/internal/repository/postgres/po_repo.go:217.2,217.40 1 1
github.com/moedahpos/backend/internal/repository/postgres/po_repo.go:217.40,219.3 1 1
github.com/moedahpos/backend/internal/repository/postgres/po_repo.go:220.2,220.12 1 1
github.com/moedahpos/backend/internal/repository/postgres/po_repo.go:224.74,234.16 3 1
github.com/moedahpos/backend/internal/repository/postgres/po_repo.go:234.16,236.3 1 1
github.com/moedahpos/backend/internal/repository/postgres/po_repo.go:238.2,239.126 2 1
github.com/moedahpos/backend/internal/repository/postgres/po_repo.go:239.126,241.3 1 0
github.com/moedahpos/backend/internal/repository/postgres/po_repo.go:243.2,244.16 2 1
github.com/moedahpos/backend/internal/repository/postgres/po_repo.go:244.16,246.3 1 0
github.com/moedahpos/backend/internal/repository/postgres/po_repo.go:247.2,247.15 1 1
github.com/moedahpos/backend/internal/repository/postgres/po_repo.go:247.15,247.36 1 1
github.com/moedahpos/backend/internal/repository/postgres/po_repo.go:250.2,254.16 2 1
github.com/moedahpos/backend/internal/repository/postgres/po_repo.go:254.16,256.3 1 0
github.com/moedahpos/backend/internal/repository/postgres/po_repo.go:257.2,257.40 1 1
github.com/moedahpos/backend/internal/repository/postgres/po_repo.go:257.40,259.3 1 0
github.com/moedahpos/backend/internal/repository/postgres/po_repo.go:262.2,264.16 1 1
github.com/moedahpos/backend/internal/repository/postgres/po_repo.go:264.16,266.3 1 0
github.com/moedahpos/backend/internal/repository/postgres/po_repo.go:268.2,287.29 5 1
github.com/moedahpos/backend/internal/repository/postgres/po_repo.go:287.29,288.107 1 1
github.com/moedahpos/backend/internal/repository/postgres/po_repo.go:288.107,290.4 1 0
github.com/moedahpos/backend/internal/repository/postgres/po_repo.go:291.3,291.93 1 1
github.com/moedahpos/backend/internal/repository/postgres/po_repo.go:291.93,293.4 1 0
github.com/moedahpos/backend/internal/repository/postgres/po_repo.go:295.3,295.84 1 1
github.com/moedahpos/backend/internal/repository/postgres/po_repo.go:295.84,297.4 1 0
github.com/moedahpos/backend/internal/repository/postgres/po_repo.go:299.3,299.117 1 1
github.com/moedahpos/backend/internal/repository/postgres/po_repo.go:299.117,301.4 1 0
github.com/moedahpos/backend/internal/repository/postgres/po_repo.go:304.2,304.20 1 1
github.com/moedahpos/backend/internal/repository/postgres/po_repo.go:307.65,313.16 4 1
github.com/moedahpos/backend/internal/repository/postgres/po_repo.go:313.16,315.3 1 0
github.com/moedahpos/backend/internal/repository/postgres/po_repo.go:316.2,316.40 1 1
github.com/moedahpos/backend/internal/repository/postgres/po_repo.go:316.40,318.3 1 1
github.com/moedahpos/backend/internal/repository/postgres/po_repo.go:319.2,319.12 1 1
github.com/moedahpos/backend/internal/repository/postgres/po_repo.go:322.79,340.2 6 1
github.com/moedahpos/backend/internal/repository/postgres/price_history_repo.go:19.78,21.2 1 1
github.com/moedahpos/backend/internal/repository/postgres/price_history_repo.go:24.85,34.16 3 1
github.com/moedahpos/backend/internal/repository/postgres/price_history_repo.go:34.16,36.3 1 0
github.com/moedahpos/backend/internal/repository/postgres/price_history_repo.go:37.2,37.12 1 1
github.com/moedahpos/backend/internal/repository/postgres/price_history_repo.go:41.144,44.83 3 1
github.com/moedahpos/backend/internal/repository/postgres/price_history_repo.go:44.83,46.3 1 0
github.com/moedahpos/backend/internal/repository/postgres/price_history_repo.go:48.2,63.92 3 1
github.com/moedahpos/backend/internal/repository/postgres/price_history_repo.go:63.92,65.3 1 0
github.com/moedahpos/backend/internal/repository/postgres/price_history_repo.go:66.2,66.25 1 1
github.com/moedahpos/backend/internal/repository/postgres/price_history_repo.go:70.140,75.23 4 1
github.com/moedahpos/backend/internal/repository/postgres/price_history_repo.go:75.23,79.3 3 1
github.com/moedahpos/backend/internal/repository/postgres/price_history_repo.go:80.2,80.20 1 1
github.com/moedahpos/backend/internal/repository/postgres/price_history_repo.go:80.20,84.3 3 1
github.com/moedahpos/backend/internal/repository/postgres/price_history_repo.go:86.2,89.29 2 1
github.com/moedahpos/backend/internal/repository/postgres/price_history_repo.go:89.29,91.3 1 0
github.com/moedahpos/backend/internal/repository/postgres/price_history_repo.go:93.2,109.67 4 1
github.com/moedahpos/backend/internal/repository/postgres/price_history_repo.go:109.67,111.3 1 0
github.com/moedahpos/backend/internal/repository/postgres/price_history_repo.go:112.2,112.25 1 1
github.com/moedahpos/backend/internal/repository/postgres/restaurant_repo.go:20.64,22.2 1 1
github.com/moedahpos/backend/internal/repository/postgres/restaurant_repo.go:24.108,31.69 3 1
github.com/moedahpos/backend/internal/repository/postgres/restaurant_repo.go:31.69,33.3 1 0
github.com/moedahpos/backend/internal/repository/postgres/restaurant_repo.go:34.2,34.20 1 1
github.com/moedahpos/backend/internal/repository/postgres/restaurant_repo.go:37.95,42.72 3 1
github.com/moedahpos/backend/internal/repository/postgres/restaurant_repo.go:42.72,43.36 1 1
github.com/moedahpos/backend/internal/repository/postgres/restaurant_repo.go:43.36,45.4 1 1
github.com/moedahpos/backend/internal/repository/postgres/restaurant_repo.go:46.3,46.56 1 0
github.com/moedahpos/backend/internal/repository/postgres/restaurant_repo.go:48.2,48.15 1 1
github.com/moedahpos/backend/internal/repository/postgres/restaurant_repo.go:51.109,60.16 4 1
github.com/moedahpos/backend/internal/repository/postgres/restaurant_repo.go:60.16,62.3 1 0
github.com/moedahpos/backend/internal/repository/postgres/restaurant_repo.go:63.2,63.17 1 1
github.com/moedahpos/backend/internal/repository/postgres/restaurant_repo.go:66.109,74.16 4 1
github.com/moedahpos/backend/internal/repository/postgres/restaurant_repo.go:74.16,75.36 1 1
github.com/moedahpos/backend/internal/repository/postgres/restaurant_repo.go:75.36,77.4 1 1
github.com/moedahpos/backend/internal/repository/postgres/restaurant_repo.go:78.3,78.54 1 0
github.com/moedahpos/backend/internal/repository/postgres/restaurant_repo.go:80.2,80.17 1 1
github.com/moedahpos/backend/internal/repository/postgres/restaurant_repo.go:83.99,86.16 3 1
github.com/moedahpos/backend/internal/repository/postgres/restaurant_repo.go:86.16,88.3 1 0
github.com/moedahpos/backend/internal/repository/postgres/restaurant_repo.go:89.2,89.40 1 1
github.com/moedahpos/backend/internal/repository/postgres/restaurant_repo.go:89.40,91.3 1 1
github.com/moedahpos/backend/internal/repository/postgres/restaurant_repo.go:92.2,92.12 1 1
github.com/moedahpos/backend/internal/repository/postgres/restaurant_repo.go:95.70,98.16 3 1
github.com/moedahpos/backend/internal/repository/postgres/restaurant_repo.go:98.16,100.3 1 0
github.com/moedahpos/backend/internal/repository/postgres/restaurant_repo.go:101.2,101.40 1 1
github.com/moedahpos/backend/internal/repository/postgres/restaurant_repo.go:101.40,103.3 1 1
github.com/moedahpos/backend/internal/repository/postgres/restaurant_repo.go:104.2,104.12 1 1
github.com/moedahpos/backend/internal/repository/postgres/restaurant_repo.go:112.70,114.2 1 1
github.com/moedahpos/backend/internal/repository/postgres/restaurant_repo.go:116.104,129.68 3 1
github.com/moedahpos/backend/internal/repository/postgres/restaurant_repo.go:129.68,131.3 1 0
github.com/moedahpos/backend/internal/repository/postgres/restaurant_repo.go:134.2,134.21 1 1
github.com/moedahpos/backend/internal/repository/postgres/restaurant_repo.go:134.21,136.3 1 0
github.com/moedahpos/backend/internal/repository/postgres/restaurant_repo.go:137.2,138.29 2 1
github.com/moedahpos/backend/internal/repository/postgres/restaurant_repo.go:138.29,140.3 1 1
github.com/moedahpos/backend/internal/repository/postgres/restaurant_repo.go:141.2,142.16 2 1
github.com/moedahpos/backend/internal/repository/postgres/restaurant_repo.go:142.16,144.3 1 0
github.com/moedahpos/backend/internal/repository/postgres/restaurant_repo.go:145.2,145.29 1 1
github.com/moedahpos/backend/internal/repository/postgres/restaurant_repo.go:145.29,147.3 1 1
github.com/moedahpos/backend/internal/repository/postgres/restaurant_repo.go:148.2,148.19 1 1
github.com/moedahpos/backend/internal/repository/postgres/restaurant_repo.go:151.91,163.75 3 1
github.com/moedahpos/backend/internal/repository/postgres/restaurant_repo.go:163.75,164.36 1 1
github.com/moedahpos/backend/internal/repository/postgres/restaurant_repo.go:164.36,166.4 1 1
github.com/moedahpos/backend/internal/repository/postgres/restaurant_repo.go:167.3,167.59 1 0
github.com/moedahpos/backend/internal/repository/postgres/restaurant_repo.go:169.2,170.16 2 1
github.com/moedahpos/backend/internal/repository/postgres/restaurant_repo.go:170.16,172.3 1 0
github.com/moedahpos/backend/internal/repository/postgres/restaurant_repo.go:173.2,174.18 2 1
github.com/moedahpos/backend/internal/repository/postgres/restaurant_repo.go:177.123,178.19 1 1
github.com/moedahpos/backend/internal/repository/postgres/restaurant_repo.go:178.19,180.3 1 0
github.com/moedahpos/backend/internal/repository/postgres/restaurant_repo.go:181.2,188.16 2 1
github.com/moedahpos/backend/internal/repository/postgres/restaurant_repo.go:188.16,190.3 1 0
github.com/moedahpos/backend/internal/repository/postgres/restaurant_repo.go:191.2,193.71 3 1
github.com/moedahpos/backend/internal/repository/postgres/restaurant_repo.go:193.71,195.3 1 0
github.com/moedahpos/backend/internal/repository/postgres/restaurant_repo.go:196.2,197.27 2 1
github.com/moedahpos/backend/internal/repository/postgres/restaurant_repo.go:197.27,199.3 1 1
github.com/moedahpos/backend/internal/repository/postgres/restaurant_repo.go:200.2,200.15 1 1
github.com/moedahpos/backend/internal/repository/postgres/restaurant_repo.go:203.101,214.16 4 1
github.com/moedahpos/backend/internal/repository/postgres/restaurant_repo.go:214.16,216.3 1 0
github.com/moedahpos/backend/internal/repository/postgres/restaurant_repo.go:217.2,217.17 1 1
github.com/moedahpos/backend/internal/repository/postgres/restaurant_repo.go:220.101,235.16 4 1
github.com/moedahpos/backend/internal/repository/postgres/restaurant_repo.go:235.16,236.36 1 0
github.com/moedahpos/backend/internal/repository/postgres/restaurant_repo.go:236.36,238.4 1 0
github.com/moedahpos/backend/internal/repository/postgres/restaurant_repo.go:239.3,239.57 1 0
github.com/moedahpos/backend/internal/repository/postgres/restaurant_repo.go:241.2,241.17 1 1
github.com/moedahpos/backend/internal/repository/postgres/restaurant_repo.go:244.123,246.16 2 1
github.com/moedahpos/backend/internal/repository/postgres/restaurant_repo.go:246.16,248.3 1 0
github.com/moedahpos/backend/internal/repository/postgres/restaurant_repo.go:249.2,249.15 1 1
github.com/moedahpos/backend/internal/repository/postgres/restaurant_repo.go:249.15,249.36 1 1
github.com/moedahpos/backend/internal/repository/postgres/restaurant_repo.go:251.2,251.120 1 1
github.com/moedahpos/backend/internal/repository/postgres/restaurant_repo.go:251.120,253.3 1 0
github.com/moedahpos/backend/internal/repository/postgres/restaurant_repo.go:254.2,254.27 1 1
github.com/moedahpos/backend/internal/repository/postgres/restaurant_repo.go:254.27,257.59 1 1
github.com/moedahpos/backend/internal/repository/postgres/restaurant_repo.go:257.59,259.4 1 0
github.com/moedahpos/backend/internal/repository/postgres/restaurant_repo.go:261.2,261.20 1 1
github.com/moedahpos/backend/internal/repository/postgres/restaurant_repo.go:264.73,267.16 3 1
github.com/moedahpos/backend/internal/repository/postgres/restaurant_repo.go:267.16,269.3 1 0
github.com/moedahpos/backend/internal/repository/postgres/restaurant_repo.go:270.2,270.40 1 1
github.com/moedahpos/backend/internal/repository/postgres/restaurant_repo.go:270.40,272.3 1 1
github.com/moedahpos/backend/internal/repository/postgres/restaurant_repo.go:273.2,273.12 1 1
github.com/moedahpos/backend/internal/repository/postgres/role_repo.go:20.62,22.2 1 1
github.com/moedahpos/backend/internal/repository/postgres/role_repo.go:25.75,28.64 3 1
github.com/moedahpos/backend/internal/repository/postgres/role_repo.go:28.64,30.3 1 0
github.com/moedahpos/backend/internal/repository/postgres/role_repo.go:33.2,40.16 3 1
github.com/moedahpos/backend/internal/repository/postgres/role_repo.go:40.16,42.3 1 0
github.com/moedahpos/backend/internal/repository/postgres/role_repo.go:43.2,43.15 1 1
github.com/moedahpos/backend/internal/repository/postgres/role_repo.go:43.15,44.40 1 1
github.com/moedahpos/backend/internal/repository/postgres/role_repo.go:44.40,46.4 1 0
github.com/moedahpos/backend/internal/repository/postgres/role_repo.go:49.2,50.18 2 1
github.com/moedahpos/backend/internal/repository/postgres/role_repo.go:50.18,52.55 2 1
github.com/moedahpos/backend/internal/repository/postgres/role_repo.go:52.55,54.4 1 0
github.com/moedahpos/backend/internal/repository/postgres/role_repo.go:55.3,55.54 1 1
github.com/moedahpos/backend/internal/repository/postgres/role_repo.go:58.2,58.29 1 1
github.com/moedahpos/backend/internal/repository/postgres/role_repo.go:58.29,60.3 1 1
github.com/moedahpos/backend/internal/repository/postgres/role_repo.go:61.2,61.19 1 1
github.com/moedahpos/backend/internal/repository/postgres/stock_adjustment_repo.go:20.84,22.2 1 1
github.com/moedahpos/backend/internal/repository/postgres/stock_adjustment_repo.go:25.135,27.16 2 1
github.com/moedahpos/backend/internal/repository/postgres/stock_adjustment_repo.go:27.16,29.3 1 0
github.com/moedahpos/backend/internal/repository/postgres/stock_adjustment_repo.go:30.2,30.15 1 1
github.com/moedahpos/backend/internal/repository/postgres/stock_adjustment_repo.go:30.15,30.36 1 1
github.com/moedahpos/backend/internal/repository/postgres/stock_adjustment_repo.go:32.2,39.155 3 1
github.com/moedahpos/backend/internal/repository/postgres/stock_adjustment_repo.go:39.155,41.3 1 0
github.com/moedahpos/backend/internal/repository/postgres/stock_adjustment_repo.go:43.2,43.25 1 1
github.com/moedahpos/backend/internal/repository/postgres/stock_adjustment_repo.go:43.25,58.92 4 1
github.com/moedahpos/backend/internal/repository/postgres/stock_adjustment_repo.go:58.92,60.4 1 0
github.com/moedahpos/backend/internal/repository/postgres/stock_adjustment_repo.go:63.3,64.29 2 1
github.com/moedahpos/backend/internal/repository/postgres/stock_adjustment_repo.go:64.29,66.4 1 1
github.com/moedahpos/backend/internal/repository/postgres/stock_adjustment_repo.go:67.3,67.34 1 1
github.com/moedahpos/backend/internal/repository/postgres/stock_adjustment_repo.go:67.34,69.4 1 1
github.com/moedahpos/backend/internal/repository/postgres/stock_adjustment_repo.go:71.3,72.29 2 1
github.com/moedahpos/backend/internal/repository/postgres/stock_adjustment_repo.go:72.29,73.22 1 1
github.com/moedahpos/backend/internal/repository/postgres/stock_adjustment_repo.go:73.22,74.10 1 0
github.com/moedahpos/backend/internal/repository/postgres/stock_adjustment_repo.go:76.4,77.26 2 1
github.com/moedahpos/backend/internal/repository/postgres/stock_adjustment_repo.go:77.26,79.5 1 1
github.com/moedahpos/backend/internal/repository/postgres/stock_adjustment_repo.go:80.4,83.129 2 1
github.com/moedahpos/backend/internal/repository/postgres/stock_adjustment_repo.go:83.129,85.5 1 0
github.com/moedahpos/backend/internal/repository/postgres/stock_adjustment_repo.go:88.4,89.192 2 1
github.com/moedahpos/backend/internal/repository/postgres/stock_adjustment_repo.go:89.192,91.5 1 0
github.com/moedahpos/backend/internal/repository/postgres/stock_adjustment_repo.go:93.4,93.23 1 1
github.com/moedahpos/backend/internal/repository/postgres/stock_adjustment_repo.go:97.3,97.182 1 1
github.com/moedahpos/backend/internal/repository/postgres/stock_adjustment_repo.go:97.182,99.4 1 0
github.com/moedahpos/backend/internal/repository/postgres/stock_adjustment_repo.go:102.3,104.99 2 1
github.com/moedahpos/backend/internal/repository/postgres/stock_adjustment_repo.go:104.99,106.4 1 0
github.com/moedahpos/backend/internal/repository/postgres/stock_adjustment_repo.go:108.8,108.31 1 1
github.com/moedahpos/backend/internal/repository/postgres/stock_adjustment_repo.go:108.31,114.23 3 1
github.com/moedahpos/backend/internal/repository/postgres/stock_adjustment_repo.go:114.23,117.4 1 0
github.com/moedahpos/backend/internal/repository/postgres/stock_adjustment_repo.go:119.3,121.83 2 1
github.com/moedahpos/backend/internal/repository/postgres/stock_adjustment_repo.go:121.83,123.4 1 0
github.com/moedahpos/backend/internal/repository/postgres/stock_adjustment_repo.go:126.3,127.200 2 1
github.com/moedahpos/backend/internal/repository/postgres/stock_adjustment_repo.go:127.200,129.4 1 0
github.com/moedahpos/backend/internal/repository/postgres/stock_adjustment_repo.go:132.3,136.76 1 1
github.com/moedahpos/backend/internal/repository/postgres/stock_adjustment_repo.go:136.76,138.4 1 0
github.com/moedahpos/backend/internal/repository/postgres/stock_adjustment_repo.go:141.3,143.98 2 1
github.com/moedahpos/backend/internal/repository/postgres/stock_adjustment_repo.go:143.98,145.4 1 0
github.com/moedahpos/backend/internal/repository/postgres/stock_adjustment_repo.go:148.2,148.20 1 1
github.com/moedahpos/backend/internal/repository/postgres/stock_adjustment_repo.go:151.148,164.42 3 1
github.com/moedahpos/backend/internal/repository/postgres/stock_adjustment_repo.go:164.42,167.3 2 1
github.com/moedahpos/backend/internal/repository/postgres/stock_adjustment_repo.go:169.2,172.74 3 1
github.com/moedahpos/backend/internal/repository/postgres/stock_adjustment_repo.go:172.74,174.3 1 0
github.com/moedahpos/backend/internal/repository/postgres/stock_adjustment_repo.go:176.2,176.25 1 1
github.com/moedahpos/backend/internal/repository/postgres/store_product_stock_repo.go:24.64,26.2 1 1
github.com/moedahpos/backend/internal/repository/postgres/store_product_stock_repo.go:28.89,35.16 4 1
github.com/moedahpos/backend/internal/repository/postgres/store_product_stock_repo.go:35.16,37.3 1 0
github.com/moedahpos/backend/internal/repository/postgres/store_product_stock_repo.go:38.2,38.17 1 1
github.com/moedahpos/backend/internal/repository/postgres/store_product_stock_repo.go:41.108,46.25 4 1
github.com/moedahpos/backend/internal/repository/postgres/store_product_stock_repo.go:46.25,50.3 3 1
github.com/moedahpos/backend/internal/repository/postgres/store_product_stock_repo.go:51.2,51.28 1 1
github.com/moedahpos/backend/internal/repository/postgres/store_product_stock_repo.go:51.28,55.3 3 0
github.com/moedahpos/backend/internal/repository/postgres/store_product_stock_repo.go:57.2,62.81 4 1
github.com/moedahpos/backend/internal/repository/postgres/store_product_stock_repo.go:62.81,64.3 1 0
github.com/moedahpos/backend/internal/repository/postgres/store_product_stock_repo.go:67.2,75.73 4 1
github.com/moedahpos/backend/internal/repository/postgres/store_product_stock_repo.go:75.73,77.3 1 0
github.com/moedahpos/backend/internal/repository/postgres/store_product_stock_repo.go:78.2,78.27 1 1
github.com/moedahpos/backend/internal/repository/postgres/store_product_stock_repo.go:81.85,86.72 3 1
github.com/moedahpos/backend/internal/repository/postgres/store_product_stock_repo.go:86.72,87.36 1 1
github.com/moedahpos/backend/internal/repository/postgres/store_product_stock_repo.go:87.36,89.4 1 1
github.com/moedahpos/backend/internal/repository/postgres/store_product_stock_repo.go:90.3,90.56 1 0
github.com/moedahpos/backend/internal/repository/postgres/store_product_stock_repo.go:92.2,92.15 1 1
github.com/moedahpos/backend/internal/repository/postgres/store_product_stock_repo.go:95.89,103.16 4 1
github.com/moedahpos/backend/internal/repository/postgres/store_product_stock_repo.go:103.16,104.36 1 1
github.com/moedahpos/backend/internal/repository/postgres/store_product_stock_repo.go:104.36,106.4 1 1
github.com/moedahpos/backend/internal/repository/postgres/store_product_stock_repo.go:107.3,107.54 1 0
github.com/moedahpos/backend/internal/repository/postgres/store_product_stock_repo.go:109.2,109.17 1 1
github.com/moedahpos/backend/internal/repository/postgres/store_product_stock_repo.go:113.70,116.16 3 1
github.com/moedahpos/backend/internal/repository/postgres/store_product_stock_repo.go:116.16,118.3 1 0
github.com/moedahpos/backend/internal/repository/postgres/store_product_stock_repo.go:119.2,119.40 1 1
github.com/moedahpos/backend/internal/repository/postgres/store_product_stock_repo.go:119.40,121.3 1 1
github.com/moedahpos/backend/internal/repository/postgres/store_product_stock_repo.go:122.2,122.12 1 1
github.com/moedahpos/backend/internal/repository/postgres/store_product_stock_repo.go:127.104,132.86 3 1
github.com/moedahpos/backend/internal/repository/postgres/store_product_stock_repo.go:132.86,133.36 1 1
github.com/moedahpos/backend/internal/repository/postgres/store_product_stock_repo.go:133.36,135.4 1 1
github.com/moedahpos/backend/internal/repository/postgres/store_product_stock_repo.go:136.3,136.58 1 0
github.com/moedahpos/backend/internal/repository/postgres/store_product_stock_repo.go:138.2,138.16 1 1
github.com/moedahpos/backend/internal/repository/postgres/store_product_stock_repo.go:141.101,158.70 3 1
github.com/moedahpos/backend/internal/repository/postgres/store_product_stock_repo.go:158.70,160.3 1 0
github.com/moedahpos/backend/internal/repository/postgres/store_product_stock_repo.go:161.2,161.21 1 1
github.com/moedahpos/backend/internal/repository/postgres/store_product_stock_repo.go:164.80,169.86 2 1
github.com/moedahpos/backend/internal/repository/postgres/store_product_stock_repo.go:169.86,171.3 1 0
github.com/moedahpos/backend/internal/repository/postgres/store_product_stock_repo.go:172.2,172.12 1 1
github.com/moedahpos/backend/internal/repository/postgres/store_product_stock_repo.go:175.97,177.77 2 1
github.com/moedahpos/backend/internal/repository/postgres/store_product_stock_repo.go:177.77,179.3 1 0
github.com/moedahpos/backend/internal/repository/postgres/store_product_stock_repo.go:180.2,180.12 1 1
github.com/moedahpos/backend/internal/repository/postgres/store_product_stock_repo.go:184.89,187.16 3 1
github.com/moedahpos/backend/internal/repository/postgres/store_product_stock_repo.go:187.16,189.3 1 0
github.com/moedahpos/backend/internal/repository/postgres/store_product_stock_repo.go:190.2,190.40 1 1
github.com/moedahpos/backend/internal/repository/postgres/store_product_stock_repo.go:190.40,192.3 1 1
github.com/moedahpos/backend/internal/repository/postgres/store_product_stock_repo.go:193.2,193.12 1 1
github.com/moedahpos/backend/internal/repository/postgres/store_product_stock_repo.go:201.70,203.2 1 1
github.com/moedahpos/backend/internal/repository/postgres/store_product_stock_repo.go:205.98,211.101 3 1
[...]
github.com/moedahpos/backend/mocks/termin_repository.go:56.2,56.77 1 0
github.com/moedahpos/backend/mocks/termin_repository.go:56.77,58.3 1 0
github.com/moedahpos/backend/mocks/termin_repository.go:58.8,60.3 1 0
github.com/moedahpos/backend/mocks/termin_repository.go:62.2,62.15 1 0
github.com/moedahpos/backend/mocks/termin_repository.go:66.102,69.19 2 0
github.com/moedahpos/backend/mocks/termin_repository.go:69.19,70.50 1 0
github.com/moedahpos/backend/mocks/termin_repository.go:73.2,75.88 3 0
github.com/moedahpos/backend/mocks/termin_repository.go:75.88,77.3 1 0
github.com/moedahpos/backend/mocks/termin_repository.go:78.2,78.79 1 0
github.com/moedahpos/backend/mocks/termin_repository.go:78.79,80.3 1 0
github.com/moedahpos/backend/mocks/termin_repository.go:80.8,81.24 1 0
github.com/moedahpos/backend/mocks/termin_repository.go:81.24,83.4 1 0
github.com/moedahpos/backend/mocks/termin_repository.go:86.2,86.68 1 0
github.com/moedahpos/backend/mocks/termin_repository.go:86.68,88.3 1 0
github.com/moedahpos/backend/mocks/termin_repository.go:88.8,90.3 1 0
github.com/moedahpos/backend/mocks/termin_repository.go:92.2,92.15 1 0
github.com/moedahpos/backend/mocks/termin_repository.go:96.100,99.19 2 0
github.com/moedahpos/backend/mocks/termin_repository.go:99.19,100.50 1 0
github.com/moedahpos/backend/mocks/termin_repository.go:103.2,105.90 3 0
github.com/moedahpos/backend/mocks/termin_repository.go:105.90,107.3 1 0
github.com/moedahpos/backend/mocks/termin_repository.go:108.2,108.81 1 0
github.com/moedahpos/backend/mocks/termin_repository.go:108.81,110.3 1 0
github.com/moedahpos/backend/mocks/termin_repository.go:110.8,111.24 1 0
github.com/moedahpos/backend/mocks/termin_repository.go:111.24,113.4 1 0
github.com/moedahpos/backend/mocks/termin_repository.go:116.2,116.68 1 0
github.com/moedahpos/backend/mocks/termin_repository.go:116.68,118.3 1 0
github.com/moedahpos/backend/mocks/termin_repository.go:118.8,120.3 1 0
github.com/moedahpos/backend/mocks/termin_repository.go:122.2,122.15 1 0
github.com/moedahpos/backend/mocks/termin_repository.go:126.86,129.19 2 0
github.com/moedahpos/backend/mocks/termin_repository.go:129.19,130.54 1 0
github.com/moedahpos/backend/mocks/termin_repository.go:133.2,134.68 2 0
github.com/moedahpos/backend/mocks/termin_repository.go:134.68,136.3 1 0
github.com/moedahpos/backend/mocks/termin_repository.go:136.8,138.3 1 0
github.com/moedahpos/backend/mocks/termin_repository.go:140.2,140.11 1 0
github.com/moedahpos/backend/mocks/termin_repository.go:148.22,152.19 3 0
github.com/moedahpos/backend/mocks/termin_repository.go:152.19,152.49 1 0
github.com/moedahpos/backend/mocks/termin_repository.go:154.2,154.13 1 0
github.com/moedahpos/backend/mocks/transaction_repository.go:20.128,23.19 2 0
github.com/moedahpos/backend/mocks/transaction_repository.go:23.19,24.48 1 0
github.com/moedahpos/backend/mocks/transaction_repository.go:27.2,29.114 3 0
github.com/moedahpos/backend/mocks/transaction_repository.go:29.114,31.3 1 0
github.com/moedahpos/backend/mocks/transaction_repository.go:32.2,32.105 1 0
github.com/moedahpos/backend/mocks/transaction_repository.go:32.105,34.3 1 0
github.com/moedahpos/backend/mocks/transaction_repository.go:34.8,35.24 1 0
github.com/moedahpos/backend/mocks/transaction_repository.go:35.24,37.4 1 0
github.com/moedahpos/backend/mocks/transaction_repository.go:40.2,40.91 1 0
github.com/moedahpos/backend/mocks/transaction_repository.go:40.91,42.3 1 0
github.com/moedahpos/backend/mocks/transaction_repository.go:42.8,44.3 1 0
github.com/moedahpos/backend/mocks/transaction_repository.go:46.2,46.15 1 0
github.com/moedahpos/backend/mocks/transaction_repository.go:50.133,53.19 2 0
github.com/moedahpos/backend/mocks/transaction_repository.go:53.19,54.49 1 0
github.com/moedahpos/backend/mocks/transaction_repository.go:57.2,60.117 4 0
github.com/moedahpos/backend/mocks/transaction_repository.go:60.117,62.3 1 0
github.com/moedahpos/backend/mocks/transaction_repository.go:63.2,63.103 1 0
github.com/moedahpos/backend/mocks/transaction_repository.go:63.103,65.3 1 0
github.com/moedahpos/backend/mocks/transaction_repository.go:65.8,66.24 1 0
github.com/moedahpos/backend/mocks/transaction_repository.go:66.24,68.4 1 0
github.com/moedahpos/backend/mocks/transaction_repository.go:71.2,71.85 1 0
github.com/moedahpos/backend/mocks/transaction_repository.go:71.85,73.3 1 0
github.com/moedahpos/backend/mocks/transaction_repository.go:73.8,75.3 1 0
github.com/moedahpos/backend/mocks/transaction_repository.go:77.2,77.87 1 0
github.com/moedahpos/backend/mocks/transaction_repository.go:77.87,79.3 1 0
github.com/moedahpos/backend/mocks/transaction_repository.go:79.8,81.3 1 0
github.com/moedahpos/backend/mocks/transaction_repository.go:83.2,83.19 1 0
github.com/moedahpos/backend/mocks/transaction_repository.go:87.104,90.19 2 0
github.com/moedahpos/backend/mocks/transaction_repository.go:90.19,91.50 1 0
github.com/moedahpos/backend/mocks/transaction_repository.go:94.2,96.91 3 0
github.com/moedahpos/backend/mocks/transaction_repository.go:96.91,98.3 1 0
github.com/moedahpos/backend/mocks/transaction_repository.go:99.2,99.82 1 0
github.com/moedahpos/backend/mocks/transaction_repository.go:99.82,101.3 1 0
github.com/moedahpos/backend/mocks/transaction_repository.go:101.8,102.24 1 0
github.com/moedahpos/backend/mocks/transaction_repository.go:102.24,104.4 1 0
github.com/moedahpos/backend/mocks/transaction_repository.go:107.2,107.68 1 0
github.com/moedahpos/backend/mocks/transaction_repository.go:107.68,109.3 1 0
github.com/moedahpos/backend/mocks/transaction_repository.go:109.8,111.3 1 0
github.com/moedahpos/backend/mocks/transaction_repository.go:113.2,113.15 1 0
github.com/moedahpos/backend/mocks/transaction_repository.go:117.132,120.19 2 0
github.com/moedahpos/backend/mocks/transaction_repository.go:120.19,121.57 1 0
github.com/moedahpos/backend/mocks/transaction_repository.go:124.2,126.99 3 0
github.com/moedahpos/backend/mocks/transaction_repository.go:126.99,128.3 1 0
github.com/moedahpos/backend/mocks/transaction_repository.go:129.2,129.90 1 0
github.com/moedahpos/backend/mocks/transaction_repository.go:129.90,131.3 1 0
github.com/moedahpos/backend/mocks/transaction_repository.go:131.8,132.24 1 0
github.com/moedahpos/backend/mocks/transaction_repository.go:132.24,134.4 1 0
github.com/moedahpos/backend/mocks/transaction_repository.go:137.2,137.76 1 0
github.com/moedahpos/backend/mocks/transaction_repository.go:137.76,139.3 1 0
github.com/moedahpos/backend/mocks/transaction_repository.go:139.8,141.3 1 0
github.com/moedahpos/backend/mocks/transaction_repository.go:143.2,143.15 1 0
github.com/moedahpos/backend/mocks/transaction_repository.go:147.116,150.19 2 0
github.com/moedahpos/backend/mocks/transaction_repository.go:150.19,151.55 1 0
github.com/moedahpos/backend/mocks/transaction_repository.go:154.2,156.93 3 0
github.com/moedahpos/backend/mocks/transaction_repository.go:156.93,158.3 1 0
github.com/moedahpos/backend/mocks/transaction_repository.go:159.2,159.84 1 0
github.com/moedahpos/backend/mocks/transaction_repository.go:159.84,161.3 1 0
github.com/moedahpos/backend/mocks/transaction_repository.go:161.8,162.24 1 0
github.com/moedahpos/backend/mocks/transaction_repository.go:162.24,164.4 1 0
github.com/moedahpos/backend/mocks/transaction_repository.go:167.2,167.68 1 0
github.com/moedahpos/backend/mocks/transaction_repository.go:167.68,169.3 1 0
github.com/moedahpos/backend/mocks/transaction_repository.go:169.8,171.3 1 0
github.com/moedahpos/backend/mocks/transaction_repository.go:173.2,173.15 1 0
github.com/moedahpos/backend/mocks/transaction_repository.go:177.155,180.19 2 0
github.com/moedahpos/backend/mocks/transaction_repository.go:180.19,181.50 1 0
github.com/moedahpos/backend/mocks/transaction_repository.go:184.2,186.121 3 0
github.com/moedahpos/backend/mocks/transaction_repository.go:186.121,188.3 1 0
github.com/moedahpos/backend/mocks/transaction_repository.go:189.2,189.112 1 0
github.com/moedahpos/backend/mocks/transaction_repository.go:189.112,191.3 1 0
github.com/moedahpos/backend/mocks/transaction_repository.go:191.8,192.24 1 0
github.com/moedahpos/backend/mocks/transaction_repository.go:192.24,194.4 1 0
github.com/moedahpos/backend/mocks/transaction_repository.go:197.2,197.98 1 0
github.com/moedahpos/backend/mocks/transaction_repository.go:197.98,199.3 1 0
github.com/moedahpos/backend/mocks/transaction_repository.go:199.8,201.3 1 0
github.com/moedahpos/backend/mocks/transaction_repository.go:203.2,203.15 1 0
github.com/moedahpos/backend/mocks/transaction_repository.go:207.263,210.19 2 0
github.com/moedahpos/backend/mocks/transaction_repository.go:210.19,211.58 1 0
github.com/moedahpos/backend/mocks/transaction_repository.go:214.2,216.180 3 0
github.com/moedahpos/backend/mocks/transaction_repository.go:216.180,218.3 1 0
github.com/moedahpos/backend/mocks/transaction_repository.go:219.2,219.171 1 0
github.com/moedahpos/backend/mocks/transaction_repository.go:219.171,221.3 1 0
github.com/moedahpos/backend/mocks/transaction_repository.go:221.8,222.24 1 0
github.com/moedahpos/backend/mocks/transaction_repository.go:222.24,224.4 1 0
github.com/moedahpos/backend/mocks/transaction_repository.go:227.2,227.157 1 0
github.com/moedahpos/backend/mocks/transaction_repository.go:227.157,229.3 1 0
github.com/moedahpos/backend/mocks/transaction_repository.go:229.8,231.3 1 0
github.com/moedahpos/backend/mocks/transaction_repository.go:233.2,233.15 1 0
github.com/moedahpos/backend/mocks/transaction_repository.go:237.111,240.19 2 0
github.com/moedahpos/backend/mocks/transaction_repository.go:240.19,241.61 1 0
github.com/moedahpos/backend/mocks/transaction_repository.go:244.2,245.76 2 0
github.com/moedahpos/backend/mocks/transaction_repository.go:245.76,247.3 1 0
github.com/moedahpos/backend/mocks/transaction_repository.go:247.8,249.3 1 0
github.com/moedahpos/backend/mocks/transaction_repository.go:251.2,251.11 1 0
github.com/moedahpos/backend/mocks/transaction_repository.go:255.95,258.19 2 0
github.com/moedahpos/backend/mocks/transaction_repository.go:258.19,259.46 1 0
github.com/moedahpos/backend/mocks/transaction_repository.go:262.2,263.76 2 0
github.com/moedahpos/backend/mocks/transaction_repository.go:263.76,265.3 1 0
github.com/moedahpos/backend/mocks/transaction_repository.go:265.8,267.3 1 0
github.com/moedahpos/backend/mocks/transaction_repository.go:269.2,269.11 1 0
github.com/moedahpos/backend/mocks/transaction_repository.go:277.27,281.19 3 0
github.com/moedahpos/backend/mocks/transaction_repository.go:281.19,281.49 1 0
github.com/moedahpos/backend/mocks/transaction_repository.go:283.2,283.13 1 0
github.com/moedahpos/backend/mocks/user_repository.go:18.96,21.19 2 0
github.com/moedahpos/backend/mocks/user_repository.go:21.19,22.48 1 0
github.com/moedahpos/backend/mocks/user_repository.go:25.2,27.90 3 0
github.com/moedahpos/backend/mocks/user_repository.go:27.90,29.3 1 0
github.com/moedahpos/backend/mocks/user_repository.go:30.2,30.81 1 0
github.com/moedahpos/backend/mocks/user_repository.go:30.81,32.3 1 0
github.com/moedahpos/backend/mocks/user_repository.go:32.8,33.24 1 0
github.com/moedahpos/backend/mocks/user_repository.go:33.24,35.4 1 0
github.com/moedahpos/backend/mocks/user_repository.go:38.2,38.74 1 0
github.com/moedahpos/backend/mocks/user_repository.go:38.74,40.3 1 0
github.com/moedahpos/backend/mocks/user_repository.go:40.8,42.3 1 0
github.com/moedahpos/backend/mocks/user_repository.go:44.2,44.15 1 0
github.com/moedahpos/backend/mocks/user_repository.go:48.76,51.19 2 0
github.com/moedahpos/backend/mocks/user_repository.go:51.19,52.52 1 0
github.com/moedahpos/backend/mocks/user_repository.go:55.2,56.68 2 0
github.com/moedahpos/backend/mocks/user_repository.go:56.68,58.3 1 0
github.com/moedahpos/backend/mocks/user_repository.go:58.8,60.3 1 0
github.com/moedahpos/backend/mocks/user_repository.go:62.2,62.11 1 0
github.com/moedahpos/backend/mocks/user_repository.go:66.90,69.19 2 0
github.com/moedahpos/backend/mocks/user_repository.go:69.19,70.55 1 0
github.com/moedahpos/backend/mocks/user_repository.go:73.2,75.76 3 0
github.com/moedahpos/backend/mocks/user_repository.go:75.76,77.3 1 0
github.com/moedahpos/backend/mocks/user_repository.go:78.2,78.67 1 0
github.com/moedahpos/backend/mocks/user_repository.go:78.67,80.3 1 0
github.com/moedahpos/backend/mocks/user_repository.go:80.8,82.3 1 0
github.com/moedahpos/backend/mocks/user_repository.go:84.2,84.68 1 0
github.com/moedahpos/backend/mocks/user_repository.go:84.68,86.3 1 0
github.com/moedahpos/backend/mocks/user_repository.go:86.8,88.3 1 0
github.com/moedahpos/backend/mocks/user_repository.go:90.2,90.15 1 0
github.com/moedahpos/backend/mocks/user_repository.go:94.96,97.19 2 0
github.com/moedahpos/backend/mocks/user_repository.go:97.19,98.53 1 0
github.com/moedahpos/backend/mocks/user_repository.go:101.2,103.84 3 0
github.com/moedahpos/backend/mocks/user_repository.go:103.84,105.3 1 0
github.com/moedahpos/backend/mocks/user_repository.go:106.2,106.75 1 0
github.com/moedahpos/backend/mocks/user_repository.go:106.75,108.3 1 0
github.com/moedahpos/backend/mocks/user_repository.go:108.8,109.24 1 0
github.com/moedahpos/backend/mocks/user_repository.go:109.24,111.4 1 0
github.com/moedahpos/backend/mocks/user_repository.go:114.2,114.68 1 0
github.com/moedahpos/backend/mocks/user_repository.go:114.68,116.3 1 0
github.com/moedahpos/backend/mocks/user_repository.go:116.8,118.3 1 0
github.com/moedahpos/backend/mocks/user_repository.go:120.2,120.15 1 0
github.com/moedahpos/backend/mocks/user_repository.go:124.90,127.19 2 0
github.com/moedahpos/backend/mocks/user_repository.go:127.19,128.50 1 0
github.com/moedahpos/backend/mocks/user_repository.go:131.2,133.84 3 0
github.com/moedahpos/backend/mocks/user_repository.go:133.84,135.3 1 0
github.com/moedahpos/backend/mocks/user_repository.go:136.2,136.75 1 0
github.com/moedahpos/backend/mocks/user_repository.go:136.75,138.3 1 0
github.com/moedahpos/backend/mocks/user_repository.go:138.8,139.24 1 0
github.com/moedahpos/backend/mocks/user_repository.go:139.24,141.4 1 0
github.com/moedahpos/backend/mocks/user_repository.go:144.2,144.68 1 0
github.com/moedahpos/backend/mocks/user_repository.go:144.68,146.3 1 0
github.com/moedahpos/backend/mocks/user_repository.go:146.8,148.3 1 0
github.com/moedahpos/backend/mocks/user_repository.go:150.2,150.15 1 0
github.com/moedahpos/backend/mocks/user_repository.go:154.110,157.19 2 0
github.com/moedahpos/backend/mocks/user_repository.go:157.19,158.60 1 0
github.com/moedahpos/backend/mocks/user_repository.go:161.2,163.90 3 0
github.com/moedahpos/backend/mocks/user_repository.go:163.90,165.3 1 0
github.com/moedahpos/backend/mocks/user_repository.go:166.2,166.81 1 0
github.com/moedahpos/backend/mocks/user_repository.go:166.81,168.3 1 0
github.com/moedahpos/backend/mocks/user_repository.go:168.8,169.24 1 0
github.com/moedahpos/backend/mocks/user_repository.go:169.24,171.4 1 0
github.com/moedahpos/backend/mocks/user_repository.go:174.2,174.68 1 0
github.com/moedahpos/backend/mocks/user_repository.go:174.68,176.3 1 0
github.com/moedahpos/backend/mocks/user_repository.go:176.8,178.3 1 0
github.com/moedahpos/backend/mocks/user_repository.go:180.2,180.15 1 0
github.com/moedahpos/backend/mocks/user_repository.go:184.145,187.19 2 0
github.com/moedahpos/backend/mocks/user_repository.go:187.19,188.49 1 0
github.com/moedahpos/backend/mocks/user_repository.go:191.2,194.107 4 0
github.com/moedahpos/backend/mocks/user_repository.go:194.107,196.3 1 0
github.com/moedahpos/backend/mocks/user_repository.go:197.2,197.93 1 0
github.com/moedahpos/backend/mocks/user_repository.go:197.93,199.3 1 0
github.com/moedahpos/backend/mocks/user_repository.go:199.8,200.24 1 0
github.com/moedahpos/backend/mocks/user_repository.go:200.24,202.4 1 0
github.com/moedahpos/backend/mocks/user_repository.go:205.2,205.82 1 0
github.com/moedahpos/backend/mocks/user_repository.go:205.82,207.3 1 0
github.com/moedahpos/backend/mocks/user_repository.go:207.8,209.3 1 0
github.com/moedahpos/backend/mocks/user_repository.go:211.2,211.84 1 0
github.com/moedahpos/backend/mocks/user_repository.go:211.84,213.3 1 0
github.com/moedahpos/backend/mocks/user_repository.go:213.8,215.3 1 0
github.com/moedahpos/backend/mocks/user_repository.go:217.2,217.19 1 0
github.com/moedahpos/backend/mocks/user_repository.go:221.92,224.19 2 0
github.com/moedahpos/backend/mocks/user_repository.go:224.19,225.55 1 0
github.com/moedahpos/backend/mocks/user_repository.go:228.2,229.76 2 0
github.com/moedahpos/backend/mocks/user_repository.go:229.76,231.3 1 0
github.com/moedahpos/backend/mocks/user_repository.go:231.8,233.3 1 0
github.com/moedahpos/backend/mocks/user_repository.go:235.2,235.11 1 0
github.com/moedahpos/backend/mocks/user_repository.go:239.117,242.19 2 0
github.com/moedahpos/backend/mocks/user_repository.go:242.19,243.51 1 0
github.com/moedahpos/backend/mocks/user_repository.go:246.2,247.94 2 0
github.com/moedahpos/backend/mocks/user_repository.go:247.94,249.3 1 0
github.com/moedahpos/backend/mocks/user_repository.go:249.8,251.3 1 0
github.com/moedahpos/backend/mocks/user_repository.go:253.2,253.11 1 0
github.com/moedahpos/backend/mocks/user_repository.go:257.76,260.19 2 0
github.com/moedahpos/backend/mocks/user_repository.go:260.19,261.52 1 0
github.com/moedahpos/backend/mocks/user_repository.go:264.2,265.68 2 0
github.com/moedahpos/backend/mocks/user_repository.go:265.68,267.3 1 0
github.com/moedahpos/backend/mocks/user_repository.go:267.8,269.3 1 0
github.com/moedahpos/backend/mocks/user_repository.go:271.2,271.11 1 0
github.com/moedahpos/backend/mocks/user_repository.go:275.115,278.19 2 0
github.com/moedahpos/backend/mocks/user_repository.go:278.19,279.48 1 0
github.com/moedahpos/backend/mocks/user_repository.go:282.2,284.100 3 0
github.com/moedahpos/backend/mocks/user_repository.go:284.100,286.3 1 0
github.com/moedahpos/backend/mocks/user_repository.go:287.2,287.91 1 0
github.com/moedahpos/backend/mocks/user_repository.go:287.91,289.3 1 0
github.com/moedahpos/backend/mocks/user_repository.go:289.8,290.24 1 0
github.com/moedahpos/backend/mocks/user_repository.go:290.24,292.4 1 0
github.com/moedahpos/backend/mocks/user_repository.go:295.2,295.84 1 0
github.com/moedahpos/backend/mocks/user_repository.go:295.84,297.3 1 0
github.com/moedahpos/backend/mocks/user_repository.go:297.8,299.3 1 0
github.com/moedahpos/backend/mocks/user_repository.go:301.2,301.15 1 0
github.com/moedahpos/backend/mocks/user_repository.go:309.20,313.19 3 0
github.com/moedahpos/backend/mocks/user_repository.go:313.19,313.49 1 0
github.com/moedahpos/backend/mocks/user_repository.go:315.2,315.13 1 0
github.com/moedahpos/backend/pkg/db/postgres.go:19.74,25.16 2 0
github.com/moedahpos/backend/pkg/db/postgres.go:25.16,27.3 1 0
github.com/moedahpos/backend/pkg/db/postgres.go:27.8,29.3 1 0
github.com/moedahpos/backend/pkg/db/postgres.go:30.2,33.16 3 0
github.com/moedahpos/backend/pkg/db/postgres.go:33.16,35.3 1 0
github.com/moedahpos/backend/pkg/db/postgres.go:37.2,42.68 4 0
github.com/moedahpos/backend/pkg/db/postgres.go:42.68,44.3 1 0
github.com/moedahpos/backend/pkg/db/postgres.go:46.2,48.16 2 0
github.com/moedahpos/backend/pkg/db/postgres.go:52.71,55.53 2 0
github.com/moedahpos/backend/pkg/db/postgres.go:55.53,57.3 1 0
github.com/moedahpos/backend/pkg/db/postgres.go:59.2,59.45 1 0
github.com/moedahpos/backend/pkg/db/postgres.go:59.45,61.3 1 0
github.com/moedahpos/backend/pkg/db/postgres.go:63.2,64.12 2 0
github.com/moedahpos/backend/pkg/db/postgres.go:67.93,69.33 2 0
github.com/moedahpos/backend/pkg/db/postgres.go:69.33,70.45 1 0
github.com/moedahpos/backend/pkg/db/postgres.go:70.45,72.4 1 0
github.com/moedahpos/backend/pkg/db/postgres.go:73.3,74.20 2 0
github.com/moedahpos/backend/pkg/db/postgres.go:76.2,76.73 1 0
github.com/moedahpos/backend/pkg/logger/logger.go:14.37,17.25 2 0
github.com/moedahpos/backend/pkg/logger/logger.go:17.25,19.3 1 0
github.com/moedahpos/backend/pkg/logger/logger.go:19.8,24.3 1 0
github.com/moedahpos/backend/pkg/logger/logger.go:26.2,30.11 1 0
