mode: set
github.com/moedahpos/backend/test_product_update.go:15.13,17.16 2 0
github.com/moedahpos/backend/test_product_update.go:17.16,20.3 2 0
github.com/moedahpos/backend/test_product_update.go:22.2,24.16 3 0
github.com/moedahpos/backend/test_product_update.go:24.16,27.3 2 0
github.com/moedahpos/backend/test_product_update.go:28.2,28.15 1 0
github.com/moedahpos/backend/test_product_update.go:28.15,30.3 1 0
github.com/moedahpos/backend/test_product_update.go:32.2,32.73 1 0
github.com/moedahpos/backend/test_product_update.go:32.73,34.3 1 0
github.com/moedahpos/backend/test_product_update.go:36.2,47.16 3 0
github.com/moedahpos/backend/test_product_update.go:47.16,50.3 2 0
github.com/moedahpos/backend/test_product_update.go:52.2,52.24 1 0
github.com/moedahpos/backend/test_product_update.go:52.24,55.3 2 0
github.com/moedahpos/backend/test_product_update.go:57.2,65.16 7 0
github.com/moedahpos/backend/test_product_update.go:65.16,68.3 2 0
github.com/moedahpos/backend/test_product_update.go:70.2,70.57 1 0
github.com/moedahpos/backend/internal/config/config.go:56.30,91.39 3 0
github.com/moedahpos/backend/internal/config/config.go:91.39,93.3 1 0
github.com/moedahpos/backend/internal/config/config.go:95.2,95.17 1 0
github.com/moedahpos/backend/internal/config/config.go:99.33,104.2 1 0
github.com/moedahpos/backend/internal/config/config.go:107.39,112.2 1 0
github.com/moedahpos/backend/internal/config/config.go:114.35,115.24 1 0
github.com/moedahpos/backend/internal/config/config.go:115.24,117.3 1 0
github.com/moedahpos/backend/internal/config/config.go:118.2,118.28 1 0
github.com/moedahpos/backend/internal/config/config.go:118.28,120.3 1 0
github.com/moedahpos/backend/internal/config/config.go:121.2,121.12 1 0
github.com/moedahpos/backend/internal/config/config.go:126.42,127.34 1 0
github.com/moedahpos/backend/internal/config/config.go:127.34,129.3 1 0
github.com/moedahpos/backend/internal/config/config.go:130.2,130.17 1 0
github.com/moedahpos/backend/internal/config/config.go:133.46,134.34 1 0
github.com/moedahpos/backend/internal/config/config.go:134.34,136.17 2 0
github.com/moedahpos/backend/internal/config/config.go:136.17,138.4 1 0
github.com/moedahpos/backend/internal/config/config.go:140.2,140.17 1 0
github.com/moedahpos/backend/internal/config/config.go:143.49,144.34 1 0
github.com/moedahpos/backend/internal/config/config.go:144.34,146.17 2 0
github.com/moedahpos/backend/internal/config/config.go:146.17,148.4 1 0
github.com/moedahpos/backend/internal/config/config.go:150.2,150.17 1 0
github.com/moedahpos/backend/internal/config/config.go:153.71,154.34 1 0
github.com/moedahpos/backend/internal/config/config.go:154.34,156.17 2 0
github.com/moedahpos/backend/internal/config/config.go:156.17,158.4 1 0
github.com/moedahpos/backend/internal/config/config.go:160.2,160.17 1 0
github.com/moedahpos/backend/cmd/seed/main.go:24.22,25.16 1 0
github.com/moedahpos/backend/cmd/seed/main.go:25.16,27.3 1 0
github.com/moedahpos/backend/cmd/seed/main.go:30.34,34.2 3 0
github.com/moedahpos/backend/cmd/seed/main.go:167.13,173.16 5 0
github.com/moedahpos/backend/cmd/seed/main.go:173.16,175.3 1 0
github.com/moedahpos/backend/cmd/seed/main.go:177.2,179.15 3 0
github.com/moedahpos/backend/cmd/seed/main.go:179.15,179.35 1 0
github.com/moedahpos/backend/cmd/seed/main.go:181.2,183.12 2 0
github.com/moedahpos/backend/cmd/seed/main.go:183.12,186.3 2 0
github.com/moedahpos/backend/cmd/seed/main.go:190.2,193.45 3 0
github.com/moedahpos/backend/cmd/seed/main.go:193.45,196.3 2 0
github.com/moedahpos/backend/cmd/seed/main.go:199.2,202.18 4 0
github.com/moedahpos/backend/cmd/seed/main.go:202.18,206.3 3 0
github.com/moedahpos/backend/cmd/seed/main.go:207.2,208.21 2 0
github.com/moedahpos/backend/cmd/seed/main.go:208.21,210.3 1 0
github.com/moedahpos/backend/cmd/seed/main.go:211.2,221.30 3 0
github.com/moedahpos/backend/cmd/seed/main.go:221.30,231.3 3 0
github.com/moedahpos/backend/cmd/seed/main.go:233.2,236.18 4 0
github.com/moedahpos/backend/cmd/seed/main.go:236.18,240.3 3 0
github.com/moedahpos/backend/cmd/seed/main.go:241.2,251.30 5 0
github.com/moedahpos/backend/cmd/seed/main.go:251.30,265.12 5 0
github.com/moedahpos/backend/cmd/seed/main.go:266.10,267.26 1 0
github.com/moedahpos/backend/cmd/seed/main.go:268.10,269.28 1 0
github.com/moedahpos/backend/cmd/seed/main.go:270.10,271.28 1 0
github.com/moedahpos/backend/cmd/seed/main.go:273.3,273.59 1 0
github.com/moedahpos/backend/cmd/seed/main.go:277.2,288.32 2 0
github.com/moedahpos/backend/cmd/seed/main.go:288.32,295.3 2 0
github.com/moedahpos/backend/cmd/seed/main.go:296.2,307.30 5 0
github.com/moedahpos/backend/cmd/seed/main.go:307.30,319.3 5 0
github.com/moedahpos/backend/cmd/seed/main.go:320.2,345.27 15 0
github.com/moedahpos/backend/cmd/seed/main.go:345.27,357.3 1 0
github.com/moedahpos/backend/cmd/seed/main.go:358.2,400.191 34 0
github.com/moedahpos/backend/cmd/seed/main.go:406.55,409.28 3 0
github.com/moedahpos/backend/cmd/seed/main.go:409.28,410.24 1 0
github.com/moedahpos/backend/cmd/seed/main.go:410.24,413.4 2 0
github.com/moedahpos/backend/cmd/seed/main.go:415.2,415.12 1 0
github.com/moedahpos/backend/cmd/seed/main.go:419.105,446.26 4 0
github.com/moedahpos/backend/cmd/seed/main.go:446.26,449.17 3 0
github.com/moedahpos/backend/cmd/seed/main.go:449.17,456.4 3 0
github.com/moedahpos/backend/cmd/seed/main.go:457.3,457.18 1 0
github.com/moedahpos/backend/cmd/seed/main.go:459.2,459.12 1 0
github.com/moedahpos/backend/cmd/seed/main.go:466.141,467.28 1 0
github.com/moedahpos/backend/cmd/seed/main.go:467.28,496.3 8 0
github.com/moedahpos/backend/cmd/seed/main.go:497.2,497.21 1 0
github.com/moedahpos/backend/cmd/seed/main.go:501.140,524.30 9 0
github.com/moedahpos/backend/cmd/seed/main.go:524.30,525.14 1 0
github.com/moedahpos/backend/cmd/seed/main.go:525.14,526.9 1 0
github.com/moedahpos/backend/cmd/seed/main.go:528.3,546.12 10 0
github.com/moedahpos/backend/cmd/seed/main.go:548.2,551.74 3 0
github.com/moedahpos/backend/cmd/seed/main.go:555.107,556.18 1 0
github.com/moedahpos/backend/cmd/seed/main.go:556.18,558.3 1 0
github.com/moedahpos/backend/cmd/seed/main.go:561.2,570.21 3 0
github.com/moedahpos/backend/cmd/seed/main.go:570.21,572.3 1 0
github.com/moedahpos/backend/cmd/seed/main.go:574.2,577.27 3 0
github.com/moedahpos/backend/cmd/seed/main.go:577.27,581.16 4 0
github.com/moedahpos/backend/cmd/seed/main.go:582.10,583.19 1 0
github.com/moedahpos/backend/cmd/seed/main.go:584.10,585.19 1 0
github.com/moedahpos/backend/cmd/seed/main.go:589.3,612.33 8 0
github.com/moedahpos/backend/cmd/seed/main.go:612.33,620.4 7 0
github.com/moedahpos/backend/cmd/seed/main.go:622.3,632.30 6 0
github.com/moedahpos/backend/cmd/seed/main.go:632.30,638.4 2 0
github.com/moedahpos/backend/cmd/seed/main.go:640.3,641.10 2 0
github.com/moedahpos/backend/cmd/seed/main.go:643.2,643.14 1 0
github.com/moedahpos/backend/cmd/seed/main.go:647.50,663.27 2 0
github.com/moedahpos/backend/cmd/seed/main.go:663.27,664.82 1 0
github.com/moedahpos/backend/cmd/seed/main.go:664.82,666.4 1 0
github.com/moedahpos/backend/cmd/seed/main.go:668.2,668.47 1 0
github.com/moedahpos/backend/cmd/seed/main.go:672.71,698.28 2 0
github.com/moedahpos/backend/cmd/seed/main.go:698.28,699.60 1 0
github.com/moedahpos/backend/cmd/seed/main.go:699.60,701.4 1 0
github.com/moedahpos/backend/cmd/seed/main.go:703.2,703.49 1 0
github.com/moedahpos/backend/cmd/seed/main.go:707.98,715.21 3 0
github.com/moedahpos/backend/cmd/seed/main.go:715.21,717.3 1 0
github.com/moedahpos/backend/cmd/seed/main.go:719.2,721.27 3 0
github.com/moedahpos/backend/cmd/seed/main.go:721.27,738.33 10 0
github.com/moedahpos/backend/cmd/seed/main.go:738.33,743.4 4 0
github.com/moedahpos/backend/cmd/seed/main.go:745.3,755.27 6 0
github.com/moedahpos/backend/cmd/seed/main.go:755.27,762.4 3 0
github.com/moedahpos/backend/cmd/seed/main.go:763.3,764.10 2 0
github.com/moedahpos/backend/cmd/seed/main.go:766.2,766.14 1 0
github.com/moedahpos/backend/cmd/seed/main.go:993.80,1009.31 2 0
github.com/moedahpos/backend/cmd/seed/main.go:1009.31,1016.3 2 0
github.com/moedahpos/backend/cmd/seed/main.go:1017.2,1029.31 7 0
github.com/moedahpos/backend/cmd/seed/main.go:1029.31,1045.37 7 0
github.com/moedahpos/backend/cmd/seed/main.go:1045.37,1050.18 3 0
github.com/moedahpos/backend/cmd/seed/main.go:1050.18,1052.13 2 0
github.com/moedahpos/backend/cmd/seed/main.go:1054.4,1058.55 1 0
github.com/moedahpos/backend/cmd/seed/main.go:1061.2,1061.77 1 0
github.com/moedahpos/backend/cmd/seed/main.go:1065.88,1081.31 5 0
github.com/moedahpos/backend/cmd/seed/main.go:1081.31,1093.26 5 0
github.com/moedahpos/backend/cmd/seed/main.go:1093.26,1099.26 5 0
github.com/moedahpos/backend/cmd/seed/main.go:1099.26,1101.5 1 0
github.com/moedahpos/backend/cmd/seed/main.go:1103.4,1107.13 2 0
github.com/moedahpos/backend/cmd/seed/main.go:1110.3,1111.12 2 0
github.com/moedahpos/backend/cmd/seed/seed_extended.go:19.34,25.2 5 0
github.com/moedahpos/backend/cmd/seed/seed_extended.go:28.29,30.2 1 0
github.com/moedahpos/backend/cmd/seed/seed_extended.go:35.116,51.27 6 0
github.com/moedahpos/backend/cmd/seed/seed_extended.go:51.27,66.22 4 0
github.com/moedahpos/backend/cmd/seed/seed_extended.go:66.22,68.12 2 0
github.com/moedahpos/backend/cmd/seed/seed_extended.go:72.3,89.59 10 0
github.com/moedahpos/backend/cmd/seed/seed_extended.go:95.78,109.30 3 0
github.com/moedahpos/backend/cmd/seed/seed_extended.go:109.30,115.17 3 0
github.com/moedahpos/backend/cmd/seed/seed_extended.go:115.17,123.4 4 0
github.com/moedahpos/backend/cmd/seed/seed_extended.go:124.3,124.24 1 0
github.com/moedahpos/backend/cmd/seed/seed_extended.go:126.2,126.12 1 0
github.com/moedahpos/backend/cmd/seed/seed_extended.go:131.79,151.30 3 0
github.com/moedahpos/backend/cmd/seed/seed_extended.go:151.30,156.17 3 0
github.com/moedahpos/backend/cmd/seed/seed_extended.go:156.17,163.4 4 0
github.com/moedahpos/backend/cmd/seed/seed_extended.go:164.3,164.24 1 0
github.com/moedahpos/backend/cmd/seed/seed_extended.go:166.2,166.12 1 0
github.com/moedahpos/backend/cmd/seed/seed_extended.go:177.24,181.19 3 0
github.com/moedahpos/backend/cmd/seed/seed_extended.go:181.19,183.3 1 0
github.com/moedahpos/backend/cmd/seed/seed_extended.go:185.2,185.32 1 0
github.com/moedahpos/backend/cmd/seed/seed_extended.go:185.32,192.36 5 0
github.com/moedahpos/backend/cmd/seed/seed_extended.go:192.36,198.14 4 0
github.com/moedahpos/backend/cmd/seed/seed_extended.go:198.14,201.5 2 0
github.com/moedahpos/backend/cmd/seed/seed_extended.go:203.4,214.11 5 0
github.com/moedahpos/backend/cmd/seed/seed_extended.go:217.2,217.14 1 0
github.com/moedahpos/backend/cmd/seed/seed_extended.go:233.74,239.20 3 0
github.com/moedahpos/backend/cmd/seed/seed_extended.go:239.20,241.3 1 0
github.com/moedahpos/backend/cmd/seed/seed_extended.go:243.2,246.37 3 0
github.com/moedahpos/backend/cmd/seed/seed_extended.go:246.37,274.3 13 0
github.com/moedahpos/backend/cmd/seed/seed_extended.go:275.2,275.14 1 0
github.com/moedahpos/backend/cmd/seed/seed_extended.go:278.29,280.19 2 0
github.com/moedahpos/backend/cmd/seed/seed_extended.go:280.19,282.27 2 0
github.com/moedahpos/backend/cmd/seed/seed_extended.go:282.27,284.4 1 0
github.com/moedahpos/backend/cmd/seed/seed_extended.go:285.3,285.16 1 0
github.com/moedahpos/backend/cmd/seed/seed_extended.go:287.2,287.23 1 0
github.com/moedahpos/backend/cmd/seed/seed_extended.go:307.24,310.29 2 0
github.com/moedahpos/backend/cmd/seed/seed_extended.go:310.29,312.3 1 0
github.com/moedahpos/backend/cmd/seed/seed_extended.go:315.2,320.28 3 0
github.com/moedahpos/backend/cmd/seed/seed_extended.go:320.28,322.3 1 0
github.com/moedahpos/backend/cmd/seed/seed_extended.go:324.2,345.33 4 0
github.com/moedahpos/backend/cmd/seed/seed_extended.go:345.33,352.23 4 0
github.com/moedahpos/backend/cmd/seed/seed_extended.go:352.23,354.12 2 0
github.com/moedahpos/backend/cmd/seed/seed_extended.go:357.3,376.28 10 0
github.com/moedahpos/backend/cmd/seed/seed_extended.go:376.28,378.4 1 0
github.com/moedahpos/backend/cmd/seed/seed_extended.go:379.3,380.33 2 0
github.com/moedahpos/backend/cmd/seed/seed_extended.go:380.33,394.31 8 0
github.com/moedahpos/backend/cmd/seed/seed_extended.go:394.31,414.5 6 0
github.com/moedahpos/backend/cmd/seed/seed_extended.go:418.3,422.25 3 0
github.com/moedahpos/backend/cmd/seed/seed_extended.go:423.15,426.98 2 0
github.com/moedahpos/backend/cmd/seed/seed_extended.go:428.18,433.90 4 0
github.com/moedahpos/backend/cmd/seed/seed_extended.go:435.17,437.85 1 0
github.com/moedahpos/backend/cmd/seed/seed_extended.go:440.3,440.10 1 0
github.com/moedahpos/backend/cmd/seed/seed_extended.go:442.2,442.14 1 0
github.com/moedahpos/backend/cmd/seed/seed_extended.go:445.36,447.2 1 0
github.com/moedahpos/backend/cmd/seed/seed_extended.go:449.130,461.2 5 0
github.com/moedahpos/backend/cmd/seed/seed_extended.go:463.126,469.2 2 0
github.com/moedahpos/backend/cmd/seed/seed_extended.go:488.105,491.20 3 0
github.com/moedahpos/backend/cmd/seed/seed_extended.go:491.20,493.3 1 0
github.com/moedahpos/backend/cmd/seed/seed_extended.go:495.2,511.30 4 0
github.com/moedahpos/backend/cmd/seed/seed_extended.go:511.30,519.18 7 0
github.com/moedahpos/backend/cmd/seed/seed_extended.go:519.18,521.4 1 0
github.com/moedahpos/backend/cmd/seed/seed_extended.go:523.3,532.10 6 0
github.com/moedahpos/backend/cmd/seed/seed_extended.go:534.2,534.14 1 0
github.com/moedahpos/backend/cmd/seed/seed_extended.go:558.106,561.20 3 0
github.com/moedahpos/backend/cmd/seed/seed_extended.go:561.20,563.3 1 0
github.com/moedahpos/backend/cmd/seed/seed_extended.go:565.2,587.30 4 0
github.com/moedahpos/backend/cmd/seed/seed_extended.go:587.30,595.18 7 0
github.com/moedahpos/backend/cmd/seed/seed_extended.go:595.18,597.4 1 0
github.com/moedahpos/backend/cmd/seed/seed_extended.go:599.3,606.10 4 0
github.com/moedahpos/backend/cmd/seed/seed_extended.go:608.2,608.14 1 0
github.com/moedahpos/backend/cmd/api/main.go:26.13,29.16 2 0
github.com/moedahpos/backend/cmd/api/main.go:29.16,32.3 2 0
github.com/moedahpos/backend/cmd/api/main.go:35.2,40.16 4 0
github.com/moedahpos/backend/cmd/api/main.go:40.16,42.3 1 0
github.com/moedahpos/backend/cmd/api/main.go:43.2,43.15 1 0
github.com/moedahpos/backend/cmd/api/main.go:43.15,44.42 1 0
github.com/moedahpos/backend/cmd/api/main.go:44.42,46.4 1 0
github.com/moedahpos/backend/cmd/api/main.go:50.2,50.23 1 0
github.com/moedahpos/backend/cmd/api/main.go:50.23,51.74 1 0
github.com/moedahpos/backend/cmd/api/main.go:51.74,53.4 1 0
github.com/moedahpos/backend/cmd/api/main.go:57.2,58.16 2 0
github.com/moedahpos/backend/cmd/api/main.go:58.16,60.3 1 0
github.com/moedahpos/backend/cmd/api/main.go:61.2,168.12 66 0
github.com/moedahpos/backend/cmd/api/main.go:168.12,170.87 2 0
github.com/moedahpos/backend/cmd/api/main.go:170.87,172.4 1 0
github.com/moedahpos/backend/cmd/api/main.go:176.2,179.12 2 0
github.com/moedahpos/backend/cmd/api/main.go:179.12,182.7 3 0
github.com/moedahpos/backend/cmd/api/main.go:182.7,183.11 1 0
github.com/moedahpos/backend/cmd/api/main.go:184.16,185.11 1 0
github.com/moedahpos/backend/cmd/api/main.go:186.20,187.88 1 0
github.com/moedahpos/backend/cmd/api/main.go:187.88,189.6 1 0
github.com/moedahpos/backend/cmd/api/main.go:194.2,199.42 6 0
github.com/moedahpos/backend/cmd/api/main.go:199.42,201.3 1 0
github.com/moedahpos/backend/cmd/api/main.go:202.2,202.34 1 0
github.com/moedahpos/backend/internal/domain/product.go:31.46,32.20 1 0
github.com/moedahpos/backend/internal/domain/product.go:32.20,34.3 1 0
github.com/moedahpos/backend/internal/domain/product.go:35.2,35.28 1 0
github.com/moedahpos/backend/internal/domain/product.go:35.28,37.3 1 0
github.com/moedahpos/backend/internal/domain/product.go:38.2,38.10 1 0
github.com/moedahpos/backend/internal/domain/restaurant.go:55.47,56.20 1 0
github.com/moedahpos/backend/internal/domain/restaurant.go:56.20,58.3 1 0
github.com/moedahpos/backend/internal/domain/restaurant.go:59.2,59.28 1 0
github.com/moedahpos/backend/internal/domain/restaurant.go:59.28,61.3 1 0
github.com/moedahpos/backend/internal/domain/restaurant.go:62.2,62.10 1 0
github.com/moedahpos/backend/internal/dto/pagination.go:10.38,11.16 1 0
github.com/moedahpos/backend/internal/dto/pagination.go:11.16,13.3 1 0
github.com/moedahpos/backend/internal/dto/pagination.go:14.2,14.19 1 0
github.com/moedahpos/backend/internal/dto/pagination.go:14.19,16.3 1 0
github.com/moedahpos/backend/internal/dto/pagination.go:17.2,17.21 1 0
github.com/moedahpos/backend/internal/dto/pagination.go:17.21,19.3 1 0
github.com/moedahpos/backend/internal/dto/pagination.go:23.40,25.2 1 0
github.com/moedahpos/backend/internal/dto/pagination.go:36.59,38.26 2 0
github.com/moedahpos/backend/internal/dto/pagination.go:38.26,40.3 1 0
github.com/moedahpos/backend/internal/dto/pagination.go:41.2,46.3 1 0
github.com/moedahpos/backend/internal/router/router.go:63.43,73.64 7 0
github.com/moedahpos/backend/internal/router/router.go:73.64,76.3 2 0
github.com/moedahpos/backend/internal/router/router.go:78.2,78.40 1 0
github.com/moedahpos/backend/internal/router/router.go:78.40,81.39 1 0
github.com/moedahpos/backend/internal/router/router.go:81.39,85.31 4 0
github.com/moedahpos/backend/internal/router/router.go:85.31,89.5 3 0
github.com/moedahpos/backend/internal/router/router.go:93.3,93.30 1 0
github.com/moedahpos/backend/internal/router/router.go:93.30,97.45 2 0
github.com/moedahpos/backend/internal/router/router.go:97.45,103.5 5 0
github.com/moedahpos/backend/internal/router/router.go:107.4,107.54 1 0
github.com/moedahpos/backend/internal/router/router.go:107.54,109.32 2 0
github.com/moedahpos/backend/internal/router/router.go:109.32,114.6 4 0
github.com/moedahpos/backend/internal/router/router.go:117.4,117.53 1 0
github.com/moedahpos/backend/internal/router/router.go:117.53,119.32 2 0
github.com/moedahpos/backend/internal/router/router.go:119.32,124.6 4 0
github.com/moedahpos/backend/internal/router/router.go:128.4,128.31 1 0
github.com/moedahpos/backend/internal/router/router.go:128.31,130.42 2 0
github.com/moedahpos/backend/internal/router/router.go:130.42,132.43 2 0
github.com/moedahpos/backend/internal/router/router.go:132.43,140.7 7 0
github.com/moedahpos/backend/internal/router/router.go:145.4,145.42 1 0
github.com/moedahpos/backend/internal/router/router.go:145.42,149.46 3 0
github.com/moedahpos/backend/internal/router/router.go:149.46,156.33 4 0
github.com/moedahpos/backend/internal/router/router.go:156.33,160.46 2 0
github.com/moedahpos/backend/internal/router/router.go:160.46,165.8 4 0
github.com/moedahpos/backend/internal/router/router.go:168.7,168.49 1 0
github.com/moedahpos/backend/internal/router/router.go:168.49,173.8 4 0
github.com/moedahpos/backend/internal/router/router.go:176.7,176.47 1 0
github.com/moedahpos/backend/internal/router/router.go:176.47,184.8 7 0
github.com/moedahpos/backend/internal/router/router.go:187.7,190.48 2 0
github.com/moedahpos/backend/internal/router/router.go:190.48,197.8 6 0
github.com/moedahpos/backend/internal/router/router.go:200.7,200.44 1 0
github.com/moedahpos/backend/internal/router/router.go:200.44,210.8 8 0
github.com/moedahpos/backend/internal/router/router.go:215.7,215.51 1 0
github.com/moedahpos/backend/internal/router/router.go:215.51,225.8 8 0
github.com/moedahpos/backend/internal/router/router.go:228.7,228.54 1 0
github.com/moedahpos/backend/internal/router/router.go:228.54,245.8 15 0
github.com/moedahpos/backend/internal/router/router.go:248.7,248.46 1 0
github.com/moedahpos/backend/internal/router/router.go:248.46,256.8 7 0
github.com/moedahpos/backend/internal/router/router.go:259.7,259.47 1 0
github.com/moedahpos/backend/internal/router/router.go:259.47,265.8 5 0
github.com/moedahpos/backend/internal/router/router.go:268.7,268.50 1 0
github.com/moedahpos/backend/internal/router/router.go:268.50,271.8 2 0
github.com/moedahpos/backend/internal/router/router.go:274.7,274.52 1 0
github.com/moedahpos/backend/internal/router/router.go:274.52,276.8 1 0
github.com/moedahpos/backend/internal/router/router.go:279.7,279.57 1 0
github.com/moedahpos/backend/internal/router/router.go:279.57,284.8 4 0
github.com/moedahpos/backend/internal/router/router.go:287.7,287.46 1 0
github.com/moedahpos/backend/internal/router/router.go:287.46,292.8 4 0
github.com/moedahpos/backend/internal/router/router.go:297.7,297.45 1 0
github.com/moedahpos/backend/internal/router/router.go:297.45,303.8 5 0
github.com/moedahpos/backend/internal/router/router.go:306.7,306.49 1 0
github.com/moedahpos/backend/internal/router/router.go:306.49,311.8 4 0
github.com/moedahpos/backend/internal/router/router.go:314.7,314.42 1 0
github.com/moedahpos/backend/internal/router/router.go:314.42,317.8 2 0
github.com/moedahpos/backend/internal/router/router.go:324.2,324.10 1 0
github.com/moedahpos/backend/internal/router/router.go:328.86,330.2 1 0
github.com/moedahpos/backend/internal/router/router.go:334.53,335.71 1 0
github.com/moedahpos/backend/internal/router/router.go:335.71,337.19 2 0
github.com/moedahpos/backend/internal/router/router.go:337.19,339.4 1 0
github.com/moedahpos/backend/internal/router/router.go:340.3,347.37 6 0
github.com/moedahpos/backend/internal/router/router.go:347.37,350.4 2 0
github.com/moedahpos/backend/internal/router/router.go:351.3,351.23 1 0
github.com/moedahpos/backend/internal/handler/mocks/menu_item_service_interface.go:19.144,22.19 2 0
github.com/moedahpos/backend/internal/handler/mocks/menu_item_service_interface.go:22.19,23.48 1 0
github.com/moedahpos/backend/internal/handler/mocks/menu_item_service_interface.go:26.2,28.121 3 0
github.com/moedahpos/backend/internal/handler/mocks/menu_item_service_interface.go:28.121,30.3 1 0
github.com/moedahpos/backend/internal/handler/mocks/menu_item_service_interface.go:31.2,31.112 1 0
github.com/moedahpos/backend/internal/handler/mocks/menu_item_service_interface.go:31.112,33.3 1 0
github.com/moedahpos/backend/internal/handler/mocks/menu_item_service_interface.go:33.8,34.24 1 0
github.com/moedahpos/backend/internal/handler/mocks/menu_item_service_interface.go:34.24,36.4 1 0
github.com/moedahpos/backend/internal/handler/mocks/menu_item_service_interface.go:39.2,39.96 1 0
github.com/moedahpos/backend/internal/handler/mocks/menu_item_service_interface.go:39.96,41.3 1 0
github.com/moedahpos/backend/internal/handler/mocks/menu_item_service_interface.go:41.8,43.3 1 0
github.com/moedahpos/backend/internal/handler/mocks/menu_item_service_interface.go:45.2,45.15 1 0
github.com/moedahpos/backend/internal/handler/mocks/menu_item_service_interface.go:49.82,52.19 2 0
github.com/moedahpos/backend/internal/handler/mocks/menu_item_service_interface.go:52.19,53.48 1 0
github.com/moedahpos/backend/internal/handler/mocks/menu_item_service_interface.go:56.2,57.68 2 0
github.com/moedahpos/backend/internal/handler/mocks/menu_item_service_interface.go:57.68,59.3 1 0
github.com/moedahpos/backend/internal/handler/mocks/menu_item_service_interface.go:59.8,61.3 1 0
github.com/moedahpos/backend/internal/handler/mocks/menu_item_service_interface.go:63.2,63.11 1 0
github.com/moedahpos/backend/internal/handler/mocks/menu_item_service_interface.go:67.112,70.19 2 0
github.com/moedahpos/backend/internal/handler/mocks/menu_item_service_interface.go:70.19,71.46 1 0
github.com/moedahpos/backend/internal/handler/mocks/menu_item_service_interface.go:74.2,76.95 3 0
github.com/moedahpos/backend/internal/handler/mocks/menu_item_service_interface.go:76.95,78.3 1 0
github.com/moedahpos/backend/internal/handler/mocks/menu_item_service_interface.go:79.2,79.86 1 0
github.com/moedahpos/backend/internal/handler/mocks/menu_item_service_interface.go:79.86,81.3 1 0
github.com/moedahpos/backend/internal/handler/mocks/menu_item_service_interface.go:81.8,82.24 1 0
github.com/moedahpos/backend/internal/handler/mocks/menu_item_service_interface.go:82.24,84.4 1 0
github.com/moedahpos/backend/internal/handler/mocks/menu_item_service_interface.go:87.2,87.68 1 0
github.com/moedahpos/backend/internal/handler/mocks/menu_item_service_interface.go:87.68,89.3 1 0
github.com/moedahpos/backend/internal/handler/mocks/menu_item_service_interface.go:89.8,91.3 1 0
github.com/moedahpos/backend/internal/handler/mocks/menu_item_service_interface.go:93.2,93.15 1 0
github.com/moedahpos/backend/internal/handler/mocks/menu_item_service_interface.go:97.139,100.19 2 0
github.com/moedahpos/backend/internal/handler/mocks/menu_item_service_interface.go:100.19,101.48 1 0
github.com/moedahpos/backend/internal/handler/mocks/menu_item_service_interface.go:104.2,106.121 3 0
github.com/moedahpos/backend/internal/handler/mocks/menu_item_service_interface.go:106.121,108.3 1 0
github.com/moedahpos/backend/internal/handler/mocks/menu_item_service_interface.go:109.2,109.112 1 0
github.com/moedahpos/backend/internal/handler/mocks/menu_item_service_interface.go:109.112,111.3 1 0
github.com/moedahpos/backend/internal/handler/mocks/menu_item_service_interface.go:111.8,112.24 1 0
github.com/moedahpos/backend/internal/handler/mocks/menu_item_service_interface.go:112.24,114.4 1 0
github.com/moedahpos/backend/internal/handler/mocks/menu_item_service_interface.go:117.2,117.96 1 0
github.com/moedahpos/backend/internal/handler/mocks/menu_item_service_interface.go:117.96,119.3 1 0
github.com/moedahpos/backend/internal/handler/mocks/menu_item_service_interface.go:119.8,121.3 1 0
github.com/moedahpos/backend/internal/handler/mocks/menu_item_service_interface.go:123.2,123.15 1 0
github.com/moedahpos/backend/internal/handler/mocks/menu_item_service_interface.go:131.30,135.19 3 0
github.com/moedahpos/backend/internal/handler/mocks/menu_item_service_interface.go:135.19,135.49 1 0
github.com/moedahpos/backend/internal/handler/mocks/menu_item_service_interface.go:137.2,137.13 1 0
github.com/moedahpos/backend/internal/handler/mocks/table_service_interface.go:20.135,23.19 2 0
github.com/moedahpos/backend/internal/handler/mocks/table_service_interface.go:23.19,24.48 1 0
github.com/moedahpos/backend/internal/handler/mocks/table_service_interface.go:27.2,29.115 3 0
github.com/moedahpos/backend/internal/handler/mocks/table_service_interface.go:29.115,31.3 1 0
github.com/moedahpos/backend/internal/handler/mocks/table_service_interface.go:32.2,32.106 1 0
github.com/moedahpos/backend/internal/handler/mocks/table_service_interface.go:32.106,34.3 1 0
github.com/moedahpos/backend/internal/handler/mocks/table_service_interface.go:34.8,35.24 1 0
github.com/moedahpos/backend/internal/handler/mocks/table_service_interface.go:35.24,37.4 1 0
github.com/moedahpos/backend/internal/handler/mocks/table_service_interface.go:40.2,40.93 1 0
github.com/moedahpos/backend/internal/handler/mocks/table_service_interface.go:40.93,42.3 1 0
github.com/moedahpos/backend/internal/handler/mocks/table_service_interface.go:42.8,44.3 1 0
github.com/moedahpos/backend/internal/handler/mocks/table_service_interface.go:46.2,46.15 1 0
github.com/moedahpos/backend/internal/handler/mocks/table_service_interface.go:50.79,53.19 2 0
github.com/moedahpos/backend/internal/handler/mocks/table_service_interface.go:53.19,54.48 1 0
github.com/moedahpos/backend/internal/handler/mocks/table_service_interface.go:57.2,58.68 2 0
github.com/moedahpos/backend/internal/handler/mocks/table_service_interface.go:58.68,60.3 1 0
github.com/moedahpos/backend/internal/handler/mocks/table_service_interface.go:60.8,62.3 1 0
github.com/moedahpos/backend/internal/handler/mocks/table_service_interface.go:64.2,64.11 1 0
github.com/moedahpos/backend/internal/handler/mocks/table_service_interface.go:68.106,71.19 2 0
github.com/moedahpos/backend/internal/handler/mocks/table_service_interface.go:71.19,72.46 1 0
github.com/moedahpos/backend/internal/handler/mocks/table_service_interface.go:75.2,77.92 3 0
github.com/moedahpos/backend/internal/handler/mocks/table_service_interface.go:77.92,79.3 1 0
github.com/moedahpos/backend/internal/handler/mocks/table_service_interface.go:80.2,80.83 1 0
github.com/moedahpos/backend/internal/handler/mocks/table_service_interface.go:80.83,82.3 1 0
github.com/moedahpos/backend/internal/handler/mocks/table_service_interface.go:82.8,83.24 1 0
github.com/moedahpos/backend/internal/handler/mocks/table_service_interface.go:83.24,85.4 1 0
github.com/moedahpos/backend/internal/handler/mocks/table_service_interface.go:88.2,88.68 1 0
github.com/moedahpos/backend/internal/handler/mocks/table_service_interface.go:88.68,90.3 1 0
github.com/moedahpos/backend/internal/handler/mocks/table_service_interface.go:90.8,92.3 1 0
github.com/moedahpos/backend/internal/handler/mocks/table_service_interface.go:94.2,94.15 1 0
github.com/moedahpos/backend/internal/handler/mocks/table_service_interface.go:98.130,101.19 2 0
github.com/moedahpos/backend/internal/handler/mocks/table_service_interface.go:101.19,102.48 1 0
github.com/moedahpos/backend/internal/handler/mocks/table_service_interface.go:105.2,107.115 3 0
github.com/moedahpos/backend/internal/handler/mocks/table_service_interface.go:107.115,109.3 1 0
github.com/moedahpos/backend/internal/handler/mocks/table_service_interface.go:110.2,110.106 1 0
github.com/moedahpos/backend/internal/handler/mocks/table_service_interface.go:110.106,112.3 1 0
github.com/moedahpos/backend/internal/handler/mocks/table_service_interface.go:112.8,113.24 1 0
github.com/moedahpos/backend/internal/handler/mocks/table_service_interface.go:113.24,115.4 1 0
github.com/moedahpos/backend/internal/handler/mocks/table_service_interface.go:118.2,118.93 1 0
github.com/moedahpos/backend/internal/handler/mocks/table_service_interface.go:118.93,120.3 1 0
github.com/moedahpos/backend/internal/handler/mocks/table_service_interface.go:120.8,122.3 1 0
github.com/moedahpos/backend/internal/handler/mocks/table_service_interface.go:124.2,124.15 1 0
github.com/moedahpos/backend/internal/handler/mocks/table_service_interface.go:128.112,131.19 2 0
github.com/moedahpos/backend/internal/handler/mocks/table_service_interface.go:131.19,132.54 1 0
github.com/moedahpos/backend/internal/handler/mocks/table_service_interface.go:135.2,136.88 2 0
github.com/moedahpos/backend/internal/handler/mocks/table_service_interface.go:136.88,138.3 1 0
github.com/moedahpos/backend/internal/handler/mocks/table_service_interface.go:138.8,140.3 1 0
github.com/moedahpos/backend/internal/handler/mocks/table_service_interface.go:142.2,142.11 1 0
github.com/moedahpos/backend/internal/handler/mocks/table_service_interface.go:150.27,154.19 3 0
github.com/moedahpos/backend/internal/handler/mocks/table_service_interface.go:154.19,154.49 1 0
github.com/moedahpos/backend/internal/handler/mocks/table_service_interface.go:156.2,156.13 1 0
github.com/moedahpos/backend/internal/repository/mocks/activity_log_repository.go:20.93,23.19 2 0
github.com/moedahpos/backend/internal/repository/mocks/activity_log_repository.go:23.19,24.48 1 0
github.com/moedahpos/backend/internal/repository/mocks/activity_log_repository.go:27.2,28.81 2 0
github.com/moedahpos/backend/internal/repository/mocks/activity_log_repository.go:28.81,30.3 1 0
github.com/moedahpos/backend/internal/repository/mocks/activity_log_repository.go:30.8,32.3 1 0
github.com/moedahpos/backend/internal/repository/mocks/activity_log_repository.go:34.2,34.11 1 0
github.com/moedahpos/backend/internal/repository/mocks/activity_log_repository.go:38.145,41.19 2 0
github.com/moedahpos/backend/internal/repository/mocks/activity_log_repository.go:41.19,42.49 1 0
github.com/moedahpos/backend/internal/repository/mocks/activity_log_repository.go:45.2,48.121 4 0
github.com/moedahpos/backend/internal/repository/mocks/activity_log_repository.go:48.121,50.3 1 0
github.com/moedahpos/backend/internal/repository/mocks/activity_log_repository.go:51.2,51.107 1 0
github.com/moedahpos/backend/internal/repository/mocks/activity_log_repository.go:51.107,53.3 1 0
github.com/moedahpos/backend/internal/repository/mocks/activity_log_repository.go:53.8,54.24 1 0
github.com/moedahpos/backend/internal/repository/mocks/activity_log_repository.go:54.24,56.4 1 0
github.com/moedahpos/backend/internal/repository/mocks/activity_log_repository.go:59.2,59.89 1 0
github.com/moedahpos/backend/internal/repository/mocks/activity_log_repository.go:59.89,61.3 1 0
github.com/moedahpos/backend/internal/repository/mocks/activity_log_repository.go:61.8,63.3 1 0
github.com/moedahpos/backend/internal/repository/mocks/activity_log_repository.go:65.2,65.91 1 0
github.com/moedahpos/backend/internal/repository/mocks/activity_log_repository.go:65.91,67.3 1 0
github.com/moedahpos/backend/internal/repository/mocks/activity_log_repository.go:67.8,69.3 1 0
github.com/moedahpos/backend/internal/repository/mocks/activity_log_repository.go:71.2,71.19 1 0
github.com/moedahpos/backend/internal/repository/mocks/activity_log_repository.go:79.27,83.19 3 0
github.com/moedahpos/backend/internal/repository/mocks/activity_log_repository.go:83.19,83.49 1 0
github.com/moedahpos/backend/internal/repository/mocks/activity_log_repository.go:85.2,85.13 1 0
github.com/moedahpos/backend/internal/repository/mocks/batch_repository.go:20.93,23.19 2 0
github.com/moedahpos/backend/internal/repository/mocks/batch_repository.go:23.19,24.53 1 0
github.com/moedahpos/backend/internal/repository/mocks/batch_repository.go:27.2,28.80 2 0
github.com/moedahpos/backend/internal/repository/mocks/batch_repository.go:28.80,30.3 1 0
github.com/moedahpos/backend/internal/repository/mocks/batch_repository.go:30.8,32.3 1 0
github.com/moedahpos/backend/internal/repository/mocks/batch_repository.go:34.2,34.11 1 0
github.com/moedahpos/backend/internal/repository/mocks/batch_repository.go:38.113,41.19 2 0
github.com/moedahpos/backend/internal/repository/mocks/batch_repository.go:41.19,42.52 1 0
github.com/moedahpos/backend/internal/repository/mocks/batch_repository.go:45.2,46.85 2 0
github.com/moedahpos/backend/internal/repository/mocks/batch_repository.go:46.85,48.3 1 0
github.com/moedahpos/backend/internal/repository/mocks/batch_repository.go:48.8,50.3 1 0
github.com/moedahpos/backend/internal/repository/mocks/batch_repository.go:52.2,52.11 1 0
github.com/moedahpos/backend/internal/repository/mocks/batch_repository.go:56.133,59.19 2 0
github.com/moedahpos/backend/internal/repository/mocks/batch_repository.go:59.19,60.61 1 0
github.com/moedahpos/backend/internal/repository/mocks/batch_repository.go:63.2,65.100 3 0
github.com/moedahpos/backend/internal/repository/mocks/batch_repository.go:65.100,67.3 1 0
github.com/moedahpos/backend/internal/repository/mocks/batch_repository.go:68.2,68.91 1 0
github.com/moedahpos/backend/internal/repository/mocks/batch_repository.go:68.91,70.3 1 0
github.com/moedahpos/backend/internal/repository/mocks/batch_repository.go:70.8,71.24 1 0
github.com/moedahpos/backend/internal/repository/mocks/batch_repository.go:71.24,73.4 1 0
github.com/moedahpos/backend/internal/repository/mocks/batch_repository.go:76.2,76.76 1 0
github.com/moedahpos/backend/internal/repository/mocks/batch_repository.go:76.76,78.3 1 0
github.com/moedahpos/backend/internal/repository/mocks/batch_repository.go:78.8,80.3 1 0
github.com/moedahpos/backend/internal/repository/mocks/batch_repository.go:82.2,82.15 1 0
github.com/moedahpos/backend/internal/repository/mocks/batch_repository.go:86.125,89.19 2 0
github.com/moedahpos/backend/internal/repository/mocks/batch_repository.go:89.19,90.59 1 0
github.com/moedahpos/backend/internal/repository/mocks/batch_repository.go:93.2,95.105 3 0
github.com/moedahpos/backend/internal/repository/mocks/batch_repository.go:95.105,97.3 1 0
github.com/moedahpos/backend/internal/repository/mocks/batch_repository.go:98.2,98.96 1 0
github.com/moedahpos/backend/internal/repository/mocks/batch_repository.go:98.96,100.3 1 0
github.com/moedahpos/backend/internal/repository/mocks/batch_repository.go:100.8,101.24 1 0
github.com/moedahpos/backend/internal/repository/mocks/batch_repository.go:101.24,103.4 1 0
github.com/moedahpos/backend/internal/repository/mocks/batch_repository.go:106.2,106.81 1 0
github.com/moedahpos/backend/internal/repository/mocks/batch_repository.go:106.81,108.3 1 0
github.com/moedahpos/backend/internal/repository/mocks/batch_repository.go:108.8,110.3 1 0
github.com/moedahpos/backend/internal/repository/mocks/batch_repository.go:112.2,112.15 1 0
github.com/moedahpos/backend/internal/repository/mocks/batch_repository.go:116.118,119.19 2 0
github.com/moedahpos/backend/internal/repository/mocks/batch_repository.go:119.19,120.57 1 0
github.com/moedahpos/backend/internal/repository/mocks/batch_repository.go:123.2,125.99 3 0
github.com/moedahpos/backend/internal/repository/mocks/batch_repository.go:125.99,127.3 1 0
github.com/moedahpos/backend/internal/repository/mocks/batch_repository.go:128.2,128.90 1 0
github.com/moedahpos/backend/internal/repository/mocks/batch_repository.go:128.90,130.3 1 0
github.com/moedahpos/backend/internal/repository/mocks/batch_repository.go:130.8,131.24 1 0
github.com/moedahpos/backend/internal/repository/mocks/batch_repository.go:131.24,133.4 1 0
github.com/moedahpos/backend/internal/repository/mocks/batch_repository.go:136.2,136.68 1 0
github.com/moedahpos/backend/internal/repository/mocks/batch_repository.go:136.68,138.3 1 0
github.com/moedahpos/backend/internal/repository/mocks/batch_repository.go:138.8,140.3 1 0
github.com/moedahpos/backend/internal/repository/mocks/batch_repository.go:142.2,142.15 1 0
github.com/moedahpos/backend/internal/repository/mocks/batch_repository.go:150.21,154.19 3 0
github.com/moedahpos/backend/internal/repository/mocks/batch_repository.go:154.19,154.49 1 0
github.com/moedahpos/backend/internal/repository/mocks/batch_repository.go:156.2,156.13 1 0
github.com/moedahpos/backend/internal/repository/mocks/category_repository.go:18.107,21.19 2 0
github.com/moedahpos/backend/internal/repository/mocks/category_repository.go:21.19,22.48 1 0
github.com/moedahpos/backend/internal/repository/mocks/category_repository.go:25.2,27.98 3 0
github.com/moedahpos/backend/internal/repository/mocks/category_repository.go:27.98,29.3 1 0
github.com/moedahpos/backend/internal/repository/mocks/category_repository.go:30.2,30.89 1 0
github.com/moedahpos/backend/internal/repository/mocks/category_repository.go:30.89,32.3 1 0
github.com/moedahpos/backend/internal/repository/mocks/category_repository.go:32.8,33.24 1 0
github.com/moedahpos/backend/internal/repository/mocks/category_repository.go:33.24,35.4 1 0
github.com/moedahpos/backend/internal/repository/mocks/category_repository.go:38.2,38.78 1 0
github.com/moedahpos/backend/internal/repository/mocks/category_repository.go:38.78,40.3 1 0
github.com/moedahpos/backend/internal/repository/mocks/category_repository.go:40.8,42.3 1 0
github.com/moedahpos/backend/internal/repository/mocks/category_repository.go:44.2,44.15 1 0
github.com/moedahpos/backend/internal/repository/mocks/category_repository.go:48.111,51.19 2 0
github.com/moedahpos/backend/internal/repository/mocks/category_repository.go:51.19,52.56 1 0
github.com/moedahpos/backend/internal/repository/mocks/category_repository.go:55.2,57.90 3 0
github.com/moedahpos/backend/internal/repository/mocks/category_repository.go:57.90,59.3 1 0
github.com/moedahpos/backend/internal/repository/mocks/category_repository.go:60.2,60.81 1 0
github.com/moedahpos/backend/internal/repository/mocks/category_repository.go:60.81,62.3 1 0
github.com/moedahpos/backend/internal/repository/mocks/category_repository.go:62.8,63.24 1 0
github.com/moedahpos/backend/internal/repository/mocks/category_repository.go:63.24,65.4 1 0
github.com/moedahpos/backend/internal/repository/mocks/category_repository.go:68.2,68.68 1 0
github.com/moedahpos/backend/internal/repository/mocks/category_repository.go:68.68,70.3 1 0
github.com/moedahpos/backend/internal/repository/mocks/category_repository.go:70.8,72.3 1 0
github.com/moedahpos/backend/internal/repository/mocks/category_repository.go:74.2,74.15 1 0
github.com/moedahpos/backend/internal/repository/mocks/category_repository.go:78.98,81.19 2 0
github.com/moedahpos/backend/internal/repository/mocks/category_repository.go:81.19,82.50 1 0
github.com/moedahpos/backend/internal/repository/mocks/category_repository.go:85.2,87.88 3 0
github.com/moedahpos/backend/internal/repository/mocks/category_repository.go:87.88,89.3 1 0
github.com/moedahpos/backend/internal/repository/mocks/category_repository.go:90.2,90.79 1 0
github.com/moedahpos/backend/internal/repository/mocks/category_repository.go:90.79,92.3 1 0
github.com/moedahpos/backend/internal/repository/mocks/category_repository.go:92.8,93.24 1 0
github.com/moedahpos/backend/internal/repository/mocks/category_repository.go:93.24,95.4 1 0
github.com/moedahpos/backend/internal/repository/mocks/category_repository.go:98.2,98.68 1 0
github.com/moedahpos/backend/internal/repository/mocks/category_repository.go:98.68,100.3 1 0
github.com/moedahpos/backend/internal/repository/mocks/category_repository.go:100.8,102.3 1 0
github.com/moedahpos/backend/internal/repository/mocks/category_repository.go:104.2,104.15 1 0
github.com/moedahpos/backend/internal/repository/mocks/category_repository.go:108.80,111.19 2 0
github.com/moedahpos/backend/internal/repository/mocks/category_repository.go:111.19,112.52 1 0
github.com/moedahpos/backend/internal/repository/mocks/category_repository.go:115.2,116.68 2 0
github.com/moedahpos/backend/internal/repository/mocks/category_repository.go:116.68,118.3 1 0
github.com/moedahpos/backend/internal/repository/mocks/category_repository.go:118.8,120.3 1 0
github.com/moedahpos/backend/internal/repository/mocks/category_repository.go:122.2,122.11 1 0
github.com/moedahpos/backend/internal/repository/mocks/category_repository.go:126.107,129.19 2 0
github.com/moedahpos/backend/internal/repository/mocks/category_repository.go:129.19,130.48 1 0
github.com/moedahpos/backend/internal/repository/mocks/category_repository.go:133.2,135.98 3 0
github.com/moedahpos/backend/internal/repository/mocks/category_repository.go:135.98,137.3 1 0
github.com/moedahpos/backend/internal/repository/mocks/category_repository.go:138.2,138.89 1 0
github.com/moedahpos/backend/internal/repository/mocks/category_repository.go:138.89,140.3 1 0
github.com/moedahpos/backend/internal/repository/mocks/category_repository.go:140.8,141.24 1 0
github.com/moedahpos/backend/internal/repository/mocks/category_repository.go:141.24,143.4 1 0
github.com/moedahpos/backend/internal/repository/mocks/category_repository.go:146.2,146.78 1 0
github.com/moedahpos/backend/internal/repository/mocks/category_repository.go:146.78,148.3 1 0
github.com/moedahpos/backend/internal/repository/mocks/category_repository.go:148.8,150.3 1 0
github.com/moedahpos/backend/internal/repository/mocks/category_repository.go:152.2,152.15 1 0
github.com/moedahpos/backend/internal/repository/mocks/category_repository.go:160.24,164.19 3 0
github.com/moedahpos/backend/internal/repository/mocks/category_repository.go:164.19,164.49 1 0
github.com/moedahpos/backend/internal/repository/mocks/category_repository.go:166.2,166.13 1 0
github.com/moedahpos/backend/internal/repository/mocks/customer_repository.go:20.105,23.19 2 0
github.com/moedahpos/backend/internal/repository/mocks/customer_repository.go:23.19,24.48 1 0
github.com/moedahpos/backend/internal/repository/mocks/customer_repository.go:27.2,29.98 3 0
github.com/moedahpos/backend/internal/repository/mocks/customer_repository.go:29.98,31.3 1 0
github.com/moedahpos/backend/internal/repository/mocks/customer_repository.go:32.2,32.89 1 0
github.com/moedahpos/backend/internal/repository/mocks/customer_repository.go:32.89,34.3 1 0
github.com/moedahpos/backend/internal/repository/mocks/customer_repository.go:34.8,35.24 1 0
github.com/moedahpos/backend/internal/repository/mocks/customer_repository.go:35.24,37.4 1 0
github.com/moedahpos/backend/internal/repository/mocks/customer_repository.go:40.2,40.78 1 0
github.com/moedahpos/backend/internal/repository/mocks/customer_repository.go:40.78,42.3 1 0
github.com/moedahpos/backend/internal/repository/mocks/customer_repository.go:42.8,44.3 1 0
github.com/moedahpos/backend/internal/repository/mocks/customer_repository.go:46.2,46.15 1 0
github.com/moedahpos/backend/internal/repository/mocks/customer_repository.go:50.119,53.19 2 0
github.com/moedahpos/backend/internal/repository/mocks/customer_repository.go:53.19,54.49 1 0
github.com/moedahpos/backend/internal/repository/mocks/customer_repository.go:57.2,60.111 4 0
github.com/moedahpos/backend/internal/repository/mocks/customer_repository.go:60.111,62.3 1 0
github.com/moedahpos/backend/internal/repository/mocks/customer_repository.go:63.2,63.97 1 0
github.com/moedahpos/backend/internal/repository/mocks/customer_repository.go:63.97,65.3 1 0
github.com/moedahpos/backend/internal/repository/mocks/customer_repository.go:65.8,66.24 1 0
github.com/moedahpos/backend/internal/repository/mocks/customer_repository.go:66.24,68.4 1 0
github.com/moedahpos/backend/internal/repository/mocks/customer_repository.go:71.2,71.82 1 0
github.com/moedahpos/backend/internal/repository/mocks/customer_repository.go:71.82,73.3 1 0
github.com/moedahpos/backend/internal/repository/mocks/customer_repository.go:73.8,75.3 1 0
github.com/moedahpos/backend/internal/repository/mocks/customer_repository.go:77.2,77.84 1 0
github.com/moedahpos/backend/internal/repository/mocks/customer_repository.go:77.84,79.3 1 0
github.com/moedahpos/backend/internal/repository/mocks/customer_repository.go:79.8,81.3 1 0
github.com/moedahpos/backend/internal/repository/mocks/customer_repository.go:83.2,83.19 1 0
github.com/moedahpos/backend/internal/repository/mocks/customer_repository.go:87.98,90.19 2 0
github.com/moedahpos/backend/internal/repository/mocks/customer_repository.go:90.19,91.50 1 0
github.com/moedahpos/backend/internal/repository/mocks/customer_repository.go:94.2,96.88 3 0
github.com/moedahpos/backend/internal/repository/mocks/customer_repository.go:96.88,98.3 1 0
github.com/moedahpos/backend/internal/repository/mocks/customer_repository.go:99.2,99.79 1 0
github.com/moedahpos/backend/internal/repository/mocks/customer_repository.go:99.79,101.3 1 0
github.com/moedahpos/backend/internal/repository/mocks/customer_repository.go:101.8,102.24 1 0
github.com/moedahpos/backend/internal/repository/mocks/customer_repository.go:102.24,104.4 1 0
github.com/moedahpos/backend/internal/repository/mocks/customer_repository.go:107.2,107.68 1 0
github.com/moedahpos/backend/internal/repository/mocks/customer_repository.go:107.68,109.3 1 0
github.com/moedahpos/backend/internal/repository/mocks/customer_repository.go:109.8,111.3 1 0
github.com/moedahpos/backend/internal/repository/mocks/customer_repository.go:113.2,113.15 1 0
github.com/moedahpos/backend/internal/repository/mocks/customer_repository.go:117.124,120.19 2 0
github.com/moedahpos/backend/internal/repository/mocks/customer_repository.go:120.19,121.55 1 0
github.com/moedahpos/backend/internal/repository/mocks/customer_repository.go:124.2,126.98 3 0
github.com/moedahpos/backend/internal/repository/mocks/customer_repository.go:126.98,128.3 1 0
github.com/moedahpos/backend/internal/repository/mocks/customer_repository.go:129.2,129.89 1 0
github.com/moedahpos/backend/internal/repository/mocks/customer_repository.go:129.89,131.3 1 0
github.com/moedahpos/backend/internal/repository/mocks/customer_repository.go:131.8,132.24 1 0
github.com/moedahpos/backend/internal/repository/mocks/customer_repository.go:132.24,134.4 1 0
github.com/moedahpos/backend/internal/repository/mocks/customer_repository.go:137.2,137.76 1 0
github.com/moedahpos/backend/internal/repository/mocks/customer_repository.go:137.76,139.3 1 0
github.com/moedahpos/backend/internal/repository/mocks/customer_repository.go:139.8,141.3 1 0
github.com/moedahpos/backend/internal/repository/mocks/customer_repository.go:143.2,143.15 1 0
github.com/moedahpos/backend/internal/repository/mocks/customer_repository.go:147.80,150.19 2 0
github.com/moedahpos/backend/internal/repository/mocks/customer_repository.go:150.19,151.52 1 0
github.com/moedahpos/backend/internal/repository/mocks/customer_repository.go:154.2,155.68 2 0
github.com/moedahpos/backend/internal/repository/mocks/customer_repository.go:155.68,157.3 1 0
github.com/moedahpos/backend/internal/repository/mocks/customer_repository.go:157.8,159.3 1 0
github.com/moedahpos/backend/internal/repository/mocks/customer_repository.go:161.2,161.11 1 0
github.com/moedahpos/backend/internal/repository/mocks/customer_repository.go:165.105,168.19 2 0
github.com/moedahpos/backend/internal/repository/mocks/customer_repository.go:168.19,169.48 1 0
github.com/moedahpos/backend/internal/repository/mocks/customer_repository.go:172.2,174.98 3 0
github.com/moedahpos/backend/internal/repository/mocks/customer_repository.go:174.98,176.3 1 0
github.com/moedahpos/backend/internal/repository/mocks/customer_repository.go:177.2,177.89 1 0
github.com/moedahpos/backend/internal/repository/mocks/customer_repository.go:177.89,179.3 1 0
github.com/moedahpos/backend/internal/repository/mocks/customer_repository.go:179.8,180.24 1 0
github.com/moedahpos/backend/internal/repository/mocks/customer_repository.go:180.24,182.4 1 0
github.com/moedahpos/backend/internal/repository/mocks/customer_repository.go:185.2,185.78 1 0
github.com/moedahpos/backend/internal/repository/mocks/customer_repository.go:185.78,187.3 1 0
github.com/moedahpos/backend/internal/repository/mocks/customer_repository.go:187.8,189.3 1 0
github.com/moedahpos/backend/internal/repository/mocks/customer_repository.go:191.2,191.15 1 0
github.com/moedahpos/backend/internal/repository/mocks/customer_repository.go:199.24,203.19 3 0
github.com/moedahpos/backend/internal/repository/mocks/customer_repository.go:203.19,203.49 1 0
github.com/moedahpos/backend/internal/repository/mocks/customer_repository.go:205.2,205.13 1 0
github.com/moedahpos/backend/internal/repository/mocks/expense_repository.go:20.105,23.19 2 0
github.com/moedahpos/backend/internal/repository/mocks/expense_repository.go:23.19,24.62 1 0
github.com/moedahpos/backend/internal/repository/mocks/expense_repository.go:27.2,28.76 2 0
github.com/moedahpos/backend/internal/repository/mocks/expense_repository.go:28.76,30.3 1 0
github.com/moedahpos/backend/internal/repository/mocks/expense_repository.go:30.8,32.3 1 0
github.com/moedahpos/backend/internal/repository/mocks/expense_repository.go:34.2,34.11 1 0
github.com/moedahpos/backend/internal/repository/mocks/expense_repository.go:38.126,41.19 2 0
github.com/moedahpos/backend/internal/repository/mocks/expense_repository.go:41.19,42.56 1 0
github.com/moedahpos/backend/internal/repository/mocks/expense_repository.go:45.2,47.112 3 0
github.com/moedahpos/backend/internal/repository/mocks/expense_repository.go:47.112,49.3 1 0
github.com/moedahpos/backend/internal/repository/mocks/expense_repository.go:50.2,50.103 1 0
github.com/moedahpos/backend/internal/repository/mocks/expense_repository.go:50.103,52.3 1 0
github.com/moedahpos/backend/internal/repository/mocks/expense_repository.go:52.8,53.24 1 0
github.com/moedahpos/backend/internal/repository/mocks/expense_repository.go:53.24,55.4 1 0
github.com/moedahpos/backend/internal/repository/mocks/expense_repository.go:58.2,58.85 1 0
github.com/moedahpos/backend/internal/repository/mocks/expense_repository.go:58.85,60.3 1 0
github.com/moedahpos/backend/internal/repository/mocks/expense_repository.go:60.8,62.3 1 0
github.com/moedahpos/backend/internal/repository/mocks/expense_repository.go:64.2,64.15 1 0
github.com/moedahpos/backend/internal/repository/mocks/expense_repository.go:68.109,71.19 2 0
github.com/moedahpos/backend/internal/repository/mocks/expense_repository.go:71.19,72.55 1 0
github.com/moedahpos/backend/internal/repository/mocks/expense_repository.go:75.2,77.96 3 0
github.com/moedahpos/backend/internal/repository/mocks/expense_repository.go:77.96,79.3 1 0
github.com/moedahpos/backend/internal/repository/mocks/expense_repository.go:80.2,80.87 1 0
github.com/moedahpos/backend/internal/repository/mocks/expense_repository.go:80.87,82.3 1 0
github.com/moedahpos/backend/internal/repository/mocks/expense_repository.go:82.8,83.24 1 0
github.com/moedahpos/backend/internal/repository/mocks/expense_repository.go:83.24,85.4 1 0
github.com/moedahpos/backend/internal/repository/mocks/expense_repository.go:88.2,88.77 1 0
github.com/moedahpos/backend/internal/repository/mocks/expense_repository.go:88.77,90.3 1 0
github.com/moedahpos/backend/internal/repository/mocks/expense_repository.go:90.8,92.3 1 0
github.com/moedahpos/backend/internal/repository/mocks/expense_repository.go:94.2,94.15 1 0
github.com/moedahpos/backend/internal/repository/mocks/expense_repository.go:98.136,101.19 2 0
github.com/moedahpos/backend/internal/repository/mocks/expense_repository.go:101.19,102.64 1 0
github.com/moedahpos/backend/internal/repository/mocks/expense_repository.go:105.2,107.114 3 0
github.com/moedahpos/backend/internal/repository/mocks/expense_repository.go:107.114,109.3 1 0
github.com/moedahpos/backend/internal/repository/mocks/expense_repository.go:110.2,110.105 1 0
github.com/moedahpos/backend/internal/repository/mocks/expense_repository.go:110.105,112.3 1 0
github.com/moedahpos/backend/internal/repository/mocks/expense_repository.go:112.8,113.24 1 0
github.com/moedahpos/backend/internal/repository/mocks/expense_repository.go:113.24,115.4 1 0
github.com/moedahpos/backend/internal/repository/mocks/expense_repository.go:118.2,118.86 1 0
github.com/moedahpos/backend/internal/repository/mocks/expense_repository.go:118.86,120.3 1 0
github.com/moedahpos/backend/internal/repository/mocks/expense_repository.go:120.8,122.3 1 0
github.com/moedahpos/backend/internal/repository/mocks/expense_repository.go:124.2,124.15 1 0
github.com/moedahpos/backend/internal/repository/mocks/expense_repository.go:128.91,131.19 2 0
github.com/moedahpos/backend/internal/repository/mocks/expense_repository.go:131.19,132.48 1 0
github.com/moedahpos/backend/internal/repository/mocks/expense_repository.go:135.2,136.76 2 0
github.com/moedahpos/backend/internal/repository/mocks/expense_repository.go:136.76,138.3 1 0
github.com/moedahpos/backend/internal/repository/mocks/expense_repository.go:138.8,140.3 1 0
github.com/moedahpos/backend/internal/repository/mocks/expense_repository.go:142.2,142.11 1 0
github.com/moedahpos/backend/internal/repository/mocks/expense_repository.go:146.100,149.19 2 0
github.com/moedahpos/backend/internal/repository/mocks/expense_repository.go:149.19,150.57 1 0
github.com/moedahpos/backend/internal/repository/mocks/expense_repository.go:153.2,154.76 2 0
github.com/moedahpos/backend/internal/repository/mocks/expense_repository.go:154.76,156.3 1 0
github.com/moedahpos/backend/internal/repository/mocks/expense_repository.go:156.8,158.3 1 0
github.com/moedahpos/backend/internal/repository/mocks/expense_repository.go:160.2,160.11 1 0
github.com/moedahpos/backend/internal/repository/mocks/expense_repository.go:164.116,167.19 2 0
github.com/moedahpos/backend/internal/repository/mocks/expense_repository.go:167.19,168.49 1 0
github.com/moedahpos/backend/internal/repository/mocks/expense_repository.go:171.2,174.109 4 0
github.com/moedahpos/backend/internal/repository/mocks/expense_repository.go:174.109,176.3 1 0
github.com/moedahpos/backend/internal/repository/mocks/expense_repository.go:177.2,177.95 1 0
github.com/moedahpos/backend/internal/repository/mocks/expense_repository.go:177.95,179.3 1 0
github.com/moedahpos/backend/internal/repository/mocks/expense_repository.go:179.8,180.24 1 0
github.com/moedahpos/backend/internal/repository/mocks/expense_repository.go:180.24,182.4 1 0
github.com/moedahpos/backend/internal/repository/mocks/expense_repository.go:185.2,185.81 1 0
github.com/moedahpos/backend/internal/repository/mocks/expense_repository.go:185.81,187.3 1 0
github.com/moedahpos/backend/internal/repository/mocks/expense_repository.go:187.8,189.3 1 0
github.com/moedahpos/backend/internal/repository/mocks/expense_repository.go:191.2,191.83 1 0
github.com/moedahpos/backend/internal/repository/mocks/expense_repository.go:191.83,193.3 1 0
github.com/moedahpos/backend/internal/repository/mocks/expense_repository.go:193.8,195.3 1 0
github.com/moedahpos/backend/internal/repository/mocks/expense_repository.go:197.2,197.19 1 0
github.com/moedahpos/backend/internal/repository/mocks/expense_repository.go:201.134,204.19 2 0
github.com/moedahpos/backend/internal/repository/mocks/expense_repository.go:204.19,205.58 1 0
github.com/moedahpos/backend/internal/repository/mocks/expense_repository.go:208.2,211.118 4 0
github.com/moedahpos/backend/internal/repository/mocks/expense_repository.go:211.118,213.3 1 0
github.com/moedahpos/backend/internal/repository/mocks/expense_repository.go:214.2,214.104 1 0
github.com/moedahpos/backend/internal/repository/mocks/expense_repository.go:214.104,216.3 1 0
github.com/moedahpos/backend/internal/repository/mocks/expense_repository.go:216.8,217.24 1 0
github.com/moedahpos/backend/internal/repository/mocks/expense_repository.go:217.24,219.4 1 0
github.com/moedahpos/backend/internal/repository/mocks/expense_repository.go:222.2,222.81 1 0
github.com/moedahpos/backend/internal/repository/mocks/expense_repository.go:222.81,224.3 1 0
github.com/moedahpos/backend/internal/repository/mocks/expense_repository.go:224.8,226.3 1 0
github.com/moedahpos/backend/internal/repository/mocks/expense_repository.go:228.2,228.83 1 0
github.com/moedahpos/backend/internal/repository/mocks/expense_repository.go:228.83,230.3 1 0
github.com/moedahpos/backend/internal/repository/mocks/expense_repository.go:230.8,232.3 1 0
github.com/moedahpos/backend/internal/repository/mocks/expense_repository.go:234.2,234.19 1 0
github.com/moedahpos/backend/internal/repository/mocks/expense_repository.go:238.111,241.19 2 0
github.com/moedahpos/backend/internal/repository/mocks/expense_repository.go:241.19,242.49 1 0
github.com/moedahpos/backend/internal/repository/mocks/expense_repository.go:245.2,247.95 3 0
github.com/moedahpos/backend/internal/repository/mocks/expense_repository.go:247.95,249.3 1 0
github.com/moedahpos/backend/internal/repository/mocks/expense_repository.go:250.2,250.86 1 0
github.com/moedahpos/backend/internal/repository/mocks/expense_repository.go:250.86,252.3 1 0
github.com/moedahpos/backend/internal/repository/mocks/expense_repository.go:252.8,253.24 1 0
github.com/moedahpos/backend/internal/repository/mocks/expense_repository.go:253.24,255.4 1 0
github.com/moedahpos/backend/internal/repository/mocks/expense_repository.go:258.2,258.76 1 0
github.com/moedahpos/backend/internal/repository/mocks/expense_repository.go:258.76,260.3 1 0
github.com/moedahpos/backend/internal/repository/mocks/expense_repository.go:260.8,262.3 1 0
github.com/moedahpos/backend/internal/repository/mocks/expense_repository.go:264.2,264.15 1 0
github.com/moedahpos/backend/internal/repository/mocks/expense_repository.go:268.111,271.19 2 0
github.com/moedahpos/backend/internal/repository/mocks/expense_repository.go:271.19,272.57 1 0
github.com/moedahpos/backend/internal/repository/mocks/expense_repository.go:275.2,277.95 3 0
github.com/moedahpos/backend/internal/repository/mocks/expense_repository.go:277.95,279.3 1 0
github.com/moedahpos/backend/internal/repository/mocks/expense_repository.go:280.2,280.86 1 0
github.com/moedahpos/backend/internal/repository/mocks/expense_repository.go:280.86,282.3 1 0
github.com/moedahpos/backend/internal/repository/mocks/expense_repository.go:282.8,283.24 1 0
github.com/moedahpos/backend/internal/repository/mocks/expense_repository.go:283.24,285.4 1 0
github.com/moedahpos/backend/internal/repository/mocks/expense_repository.go:288.2,288.68 1 0
github.com/moedahpos/backend/internal/repository/mocks/expense_repository.go:288.68,290.3 1 0
github.com/moedahpos/backend/internal/repository/mocks/expense_repository.go:290.8,292.3 1 0
github.com/moedahpos/backend/internal/repository/mocks/expense_repository.go:294.2,294.15 1 0
github.com/moedahpos/backend/internal/repository/mocks/expense_repository.go:298.111,301.19 2 0
github.com/moedahpos/backend/internal/repository/mocks/expense_repository.go:301.19,302.65 1 0
github.com/moedahpos/backend/internal/repository/mocks/expense_repository.go:305.2,307.90 3 0
github.com/moedahpos/backend/internal/repository/mocks/expense_repository.go:307.90,309.3 1 0
github.com/moedahpos/backend/internal/repository/mocks/expense_repository.go:310.2,310.81 1 0
github.com/moedahpos/backend/internal/repository/mocks/expense_repository.go:310.81,312.3 1 0
github.com/moedahpos/backend/internal/repository/mocks/expense_repository.go:312.8,313.24 1 0
github.com/moedahpos/backend/internal/repository/mocks/expense_repository.go:313.24,315.4 1 0
github.com/moedahpos/backend/internal/repository/mocks/expense_repository.go:318.2,318.60 1 0
github.com/moedahpos/backend/internal/repository/mocks/expense_repository.go:318.60,320.3 1 0
github.com/moedahpos/backend/internal/repository/mocks/expense_repository.go:320.8,322.3 1 0
github.com/moedahpos/backend/internal/repository/mocks/expense_repository.go:324.2,324.15 1 0
github.com/moedahpos/backend/internal/repository/mocks/expense_repository.go:328.129,331.19 2 0
github.com/moedahpos/backend/internal/repository/mocks/expense_repository.go:331.19,332.58 1 0
github.com/moedahpos/backend/internal/repository/mocks/expense_repository.go:335.2,337.104 3 0
github.com/moedahpos/backend/internal/repository/mocks/expense_repository.go:337.104,339.3 1 0
github.com/moedahpos/backend/internal/repository/mocks/expense_repository.go:340.2,340.95 1 0
github.com/moedahpos/backend/internal/repository/mocks/expense_repository.go:340.95,342.3 1 0
github.com/moedahpos/backend/internal/repository/mocks/expense_repository.go:342.8,343.24 1 0
github.com/moedahpos/backend/internal/repository/mocks/expense_repository.go:343.24,345.4 1 0
github.com/moedahpos/backend/internal/repository/mocks/expense_repository.go:348.2,348.76 1 0
github.com/moedahpos/backend/internal/repository/mocks/expense_repository.go:348.76,350.3 1 0
github.com/moedahpos/backend/internal/repository/mocks/expense_repository.go:350.8,352.3 1 0
github.com/moedahpos/backend/internal/repository/mocks/expense_repository.go:354.2,354.15 1 0
github.com/moedahpos/backend/internal/repository/mocks/expense_repository.go:358.122,361.19 2 0
github.com/moedahpos/backend/internal/repository/mocks/expense_repository.go:361.19,362.56 1 0
github.com/moedahpos/backend/internal/repository/mocks/expense_repository.go:365.2,367.95 3 0
github.com/moedahpos/backend/internal/repository/mocks/expense_repository.go:367.95,369.3 1 0
github.com/moedahpos/backend/internal/repository/mocks/expense_repository.go:370.2,370.86 1 0
github.com/moedahpos/backend/internal/repository/mocks/expense_repository.go:370.86,372.3 1 0
github.com/moedahpos/backend/internal/repository/mocks/expense_repository.go:372.8,373.24 1 0
github.com/moedahpos/backend/internal/repository/mocks/expense_repository.go:373.24,375.4 1 0
github.com/moedahpos/backend/internal/repository/mocks/expense_repository.go:378.2,378.66 1 0
github.com/moedahpos/backend/internal/repository/mocks/expense_repository.go:378.66,380.3 1 0
github.com/moedahpos/backend/internal/repository/mocks/expense_repository.go:380.8,382.3 1 0
github.com/moedahpos/backend/internal/repository/mocks/expense_repository.go:384.2,384.15 1 0
github.com/moedahpos/backend/internal/repository/mocks/expense_repository.go:388.87,391.19 2 0
github.com/moedahpos/backend/internal/repository/mocks/expense_repository.go:391.19,392.60 1 0
github.com/moedahpos/backend/internal/repository/mocks/expense_repository.go:395.2,396.68 2 0
github.com/moedahpos/backend/internal/repository/mocks/expense_repository.go:396.68,398.3 1 0
github.com/moedahpos/backend/internal/repository/mocks/expense_repository.go:398.8,400.3 1 0
github.com/moedahpos/backend/internal/repository/mocks/expense_repository.go:402.2,402.11 1 0
github.com/moedahpos/backend/internal/repository/mocks/expense_repository.go:406.102,409.19 2 0
github.com/moedahpos/backend/internal/repository/mocks/expense_repository.go:409.19,410.48 1 0
github.com/moedahpos/backend/internal/repository/mocks/expense_repository.go:413.2,415.96 3 0
github.com/moedahpos/backend/internal/repository/mocks/expense_repository.go:415.96,417.3 1 0
github.com/moedahpos/backend/internal/repository/mocks/expense_repository.go:418.2,418.87 1 0
github.com/moedahpos/backend/internal/repository/mocks/expense_repository.go:418.87,420.3 1 0
github.com/moedahpos/backend/internal/repository/mocks/expense_repository.go:420.8,421.24 1 0
github.com/moedahpos/backend/internal/repository/mocks/expense_repository.go:421.24,423.4 1 0
github.com/moedahpos/backend/internal/repository/mocks/expense_repository.go:426.2,426.77 1 0
github.com/moedahpos/backend/internal/repository/mocks/expense_repository.go:426.77,428.3 1 0
github.com/moedahpos/backend/internal/repository/mocks/expense_repository.go:428.8,430.3 1 0
github.com/moedahpos/backend/internal/repository/mocks/expense_repository.go:432.2,432.15 1 0
github.com/moedahpos/backend/internal/repository/mocks/expense_repository.go:436.151,439.19 2 0
github.com/moedahpos/backend/internal/repository/mocks/expense_repository.go:439.19,440.56 1 0
github.com/moedahpos/backend/internal/repository/mocks/expense_repository.go:443.2,445.117 3 0
github.com/moedahpos/backend/internal/repository/mocks/expense_repository.go:445.117,447.3 1 0
github.com/moedahpos/backend/internal/repository/mocks/expense_repository.go:448.2,448.108 1 0
github.com/moedahpos/backend/internal/repository/mocks/expense_repository.go:448.108,450.3 1 0
github.com/moedahpos/backend/internal/repository/mocks/expense_repository.go:450.8,451.24 1 0
github.com/moedahpos/backend/internal/repository/mocks/expense_repository.go:451.24,453.4 1 0
github.com/moedahpos/backend/internal/repository/mocks/expense_repository.go:456.2,456.90 1 0
github.com/moedahpos/backend/internal/repository/mocks/expense_repository.go:456.90,458.3 1 0
github.com/moedahpos/backend/internal/repository/mocks/expense_repository.go:458.8,460.3 1 0
github.com/moedahpos/backend/internal/repository/mocks/expense_repository.go:462.2,462.15 1 0
github.com/moedahpos/backend/internal/repository/mocks/expense_repository.go:466.138,469.19 2 0
github.com/moedahpos/backend/internal/repository/mocks/expense_repository.go:469.19,470.61 1 0
github.com/moedahpos/backend/internal/repository/mocks/expense_repository.go:473.2,475.103 3 0
github.com/moedahpos/backend/internal/repository/mocks/expense_repository.go:475.103,477.3 1 0
github.com/moedahpos/backend/internal/repository/mocks/expense_repository.go:478.2,478.94 1 0
github.com/moedahpos/backend/internal/repository/mocks/expense_repository.go:478.94,480.3 1 0
github.com/moedahpos/backend/internal/repository/mocks/expense_repository.go:480.8,481.24 1 0
github.com/moedahpos/backend/internal/repository/mocks/expense_repository.go:481.24,483.4 1 0
github.com/moedahpos/backend/internal/repository/mocks/expense_repository.go:486.2,486.84 1 0
github.com/moedahpos/backend/internal/repository/mocks/expense_repository.go:486.84,488.3 1 0
github.com/moedahpos/backend/internal/repository/mocks/expense_repository.go:488.8,490.3 1 0
github.com/moedahpos/backend/internal/repository/mocks/expense_repository.go:492.2,492.15 1 0
github.com/moedahpos/backend/internal/repository/mocks/expense_repository.go:496.129,499.19 2 0
github.com/moedahpos/backend/internal/repository/mocks/expense_repository.go:499.19,500.57 1 0
github.com/moedahpos/backend/internal/repository/mocks/expense_repository.go:503.2,505.114 3 0
github.com/moedahpos/backend/internal/repository/mocks/expense_repository.go:505.114,507.3 1 0
github.com/moedahpos/backend/internal/repository/mocks/expense_repository.go:508.2,508.105 1 0
github.com/moedahpos/backend/internal/repository/mocks/expense_repository.go:508.105,510.3 1 0
github.com/moedahpos/backend/internal/repository/mocks/expense_repository.go:510.8,511.24 1 0
github.com/moedahpos/backend/internal/repository/mocks/expense_repository.go:511.24,513.4 1 0
github.com/moedahpos/backend/internal/repository/mocks/expense_repository.go:516.2,516.86 1 0
github.com/moedahpos/backend/internal/repository/mocks/expense_repository.go:516.86,518.3 1 0
github.com/moedahpos/backend/internal/repository/mocks/expense_repository.go:518.8,520.3 1 0
github.com/moedahpos/backend/internal/repository/mocks/expense_repository.go:522.2,522.15 1 0
github.com/moedahpos/backend/internal/repository/mocks/expense_repository.go:530.23,534.19 3 0
github.com/moedahpos/backend/internal/repository/mocks/expense_repository.go:534.19,534.49 1 0
github.com/moedahpos/backend/internal/repository/mocks/expense_repository.go:536.2,536.13 1 0
github.com/moedahpos/backend/internal/repository/mocks/income_repository.go:20.101,23.19 2 0
github.com/moedahpos/backend/internal/repository/mocks/income_repository.go:23.19,24.48 1 0
github.com/moedahpos/backend/internal/repository/mocks/income_repository.go:27.2,29.94 3 0
github.com/moedahpos/backend/internal/repository/mocks/income_repository.go:29.94,31.3 1 0
github.com/moedahpos/backend/internal/repository/mocks/income_repository.go:32.2,32.85 1 0
github.com/moedahpos/backend/internal/repository/mocks/income_repository.go:32.85,34.3 1 0
github.com/moedahpos/backend/internal/repository/mocks/income_repository.go:34.8,35.24 1 0
github.com/moedahpos/backend/internal/repository/mocks/income_repository.go:35.24,37.4 1 0
github.com/moedahpos/backend/internal/repository/mocks/income_repository.go:40.2,40.76 1 0
github.com/moedahpos/backend/internal/repository/mocks/income_repository.go:40.76,42.3 1 0
github.com/moedahpos/backend/internal/repository/mocks/income_repository.go:42.8,44.3 1 0
github.com/moedahpos/backend/internal/repository/mocks/income_repository.go:46.2,46.15 1 0
github.com/moedahpos/backend/internal/repository/mocks/income_repository.go:50.125,53.19 2 0
github.com/moedahpos/backend/internal/repository/mocks/income_repository.go:53.19,54.56 1 0
github.com/moedahpos/backend/internal/repository/mocks/income_repository.go:57.2,59.110 3 0
github.com/moedahpos/backend/internal/repository/mocks/income_repository.go:59.110,61.3 1 0
github.com/moedahpos/backend/internal/repository/mocks/income_repository.go:62.2,62.101 1 0
github.com/moedahpos/backend/internal/repository/mocks/income_repository.go:62.101,64.3 1 0
github.com/moedahpos/backend/internal/repository/mocks/income_repository.go:64.8,65.24 1 0
github.com/moedahpos/backend/internal/repository/mocks/income_repository.go:65.24,67.4 1 0
github.com/moedahpos/backend/internal/repository/mocks/income_repository.go:70.2,70.84 1 0
github.com/moedahpos/backend/internal/repository/mocks/income_repository.go:70.84,72.3 1 0
github.com/moedahpos/backend/internal/repository/mocks/income_repository.go:72.8,74.3 1 0
github.com/moedahpos/backend/internal/repository/mocks/income_repository.go:76.2,76.15 1 0
github.com/moedahpos/backend/internal/repository/mocks/income_repository.go:80.90,83.19 2 0
github.com/moedahpos/backend/internal/repository/mocks/income_repository.go:83.19,84.48 1 0
github.com/moedahpos/backend/internal/repository/mocks/income_repository.go:87.2,88.76 2 0
github.com/moedahpos/backend/internal/repository/mocks/income_repository.go:88.76,90.3 1 0
github.com/moedahpos/backend/internal/repository/mocks/income_repository.go:90.8,92.3 1 0
github.com/moedahpos/backend/internal/repository/mocks/income_repository.go:94.2,94.11 1 0
github.com/moedahpos/backend/internal/repository/mocks/income_repository.go:98.113,101.19 2 0
github.com/moedahpos/backend/internal/repository/mocks/income_repository.go:101.19,102.49 1 0
github.com/moedahpos/backend/internal/repository/mocks/income_repository.go:105.2,108.107 4 0
github.com/moedahpos/backend/internal/repository/mocks/income_repository.go:108.107,110.3 1 0
github.com/moedahpos/backend/internal/repository/mocks/income_repository.go:111.2,111.93 1 0
github.com/moedahpos/backend/internal/repository/mocks/income_repository.go:111.93,113.3 1 0
github.com/moedahpos/backend/internal/repository/mocks/income_repository.go:113.8,114.24 1 0
github.com/moedahpos/backend/internal/repository/mocks/income_repository.go:114.24,116.4 1 0
github.com/moedahpos/backend/internal/repository/mocks/income_repository.go:119.2,119.80 1 0
github.com/moedahpos/backend/internal/repository/mocks/income_repository.go:119.80,121.3 1 0
github.com/moedahpos/backend/internal/repository/mocks/income_repository.go:121.8,123.3 1 0
github.com/moedahpos/backend/internal/repository/mocks/income_repository.go:125.2,125.82 1 0
github.com/moedahpos/backend/internal/repository/mocks/income_repository.go:125.82,127.3 1 0
github.com/moedahpos/backend/internal/repository/mocks/income_repository.go:127.8,129.3 1 0
github.com/moedahpos/backend/internal/repository/mocks/income_repository.go:131.2,131.19 1 0
github.com/moedahpos/backend/internal/repository/mocks/income_repository.go:135.94,138.19 2 0
github.com/moedahpos/backend/internal/repository/mocks/income_repository.go:138.19,139.50 1 0
github.com/moedahpos/backend/internal/repository/mocks/income_repository.go:142.2,144.86 3 0
github.com/moedahpos/backend/internal/repository/mocks/income_repository.go:144.86,146.3 1 0
github.com/moedahpos/backend/internal/repository/mocks/income_repository.go:147.2,147.77 1 0
github.com/moedahpos/backend/internal/repository/mocks/income_repository.go:147.77,149.3 1 0
github.com/moedahpos/backend/internal/repository/mocks/income_repository.go:149.8,150.24 1 0
github.com/moedahpos/backend/internal/repository/mocks/income_repository.go:150.24,152.4 1 0
github.com/moedahpos/backend/internal/repository/mocks/income_repository.go:155.2,155.68 1 0
github.com/moedahpos/backend/internal/repository/mocks/income_repository.go:155.68,157.3 1 0
github.com/moedahpos/backend/internal/repository/mocks/income_repository.go:157.8,159.3 1 0
github.com/moedahpos/backend/internal/repository/mocks/income_repository.go:161.2,161.15 1 0
github.com/moedahpos/backend/internal/repository/mocks/income_repository.go:165.109,168.19 2 0
github.com/moedahpos/backend/internal/repository/mocks/income_repository.go:168.19,169.57 1 0
github.com/moedahpos/backend/internal/repository/mocks/income_repository.go:172.2,174.94 3 0
github.com/moedahpos/backend/internal/repository/mocks/income_repository.go:174.94,176.3 1 0
github.com/moedahpos/backend/internal/repository/mocks/income_repository.go:177.2,177.85 1 0
github.com/moedahpos/backend/internal/repository/mocks/income_repository.go:177.85,179.3 1 0
github.com/moedahpos/backend/internal/repository/mocks/income_repository.go:179.8,180.24 1 0
github.com/moedahpos/backend/internal/repository/mocks/income_repository.go:180.24,182.4 1 0
github.com/moedahpos/backend/internal/repository/mocks/income_repository.go:185.2,185.68 1 0
github.com/moedahpos/backend/internal/repository/mocks/income_repository.go:185.68,187.3 1 0
github.com/moedahpos/backend/internal/repository/mocks/income_repository.go:187.8,189.3 1 0
github.com/moedahpos/backend/internal/repository/mocks/income_repository.go:191.2,191.15 1 0
github.com/moedahpos/backend/internal/repository/mocks/income_repository.go:195.120,198.19 2 0
github.com/moedahpos/backend/internal/repository/mocks/income_repository.go:198.19,199.56 1 0
github.com/moedahpos/backend/internal/repository/mocks/income_repository.go:202.2,204.94 3 0
github.com/moedahpos/backend/internal/repository/mocks/income_repository.go:204.94,206.3 1 0
github.com/moedahpos/backend/internal/repository/mocks/income_repository.go:207.2,207.85 1 0
github.com/moedahpos/backend/internal/repository/mocks/income_repository.go:207.85,209.3 1 0
github.com/moedahpos/backend/internal/repository/mocks/income_repository.go:209.8,210.24 1 0
github.com/moedahpos/backend/internal/repository/mocks/income_repository.go:210.24,212.4 1 0
github.com/moedahpos/backend/internal/repository/mocks/income_repository.go:215.2,215.66 1 0
github.com/moedahpos/backend/internal/repository/mocks/income_repository.go:215.66,217.3 1 0
github.com/moedahpos/backend/internal/repository/mocks/income_repository.go:217.8,219.3 1 0
github.com/moedahpos/backend/internal/repository/mocks/income_repository.go:221.2,221.15 1 0
github.com/moedahpos/backend/internal/repository/mocks/income_repository.go:225.86,228.19 2 0
github.com/moedahpos/backend/internal/repository/mocks/income_repository.go:228.19,229.60 1 0
github.com/moedahpos/backend/internal/repository/mocks/income_repository.go:232.2,233.68 2 0
github.com/moedahpos/backend/internal/repository/mocks/income_repository.go:233.68,235.3 1 0
github.com/moedahpos/backend/internal/repository/mocks/income_repository.go:235.8,237.3 1 0
github.com/moedahpos/backend/internal/repository/mocks/income_repository.go:239.2,239.11 1 0
github.com/moedahpos/backend/internal/repository/mocks/income_repository.go:243.101,246.19 2 0
github.com/moedahpos/backend/internal/repository/mocks/income_repository.go:246.19,247.48 1 0
github.com/moedahpos/backend/internal/repository/mocks/income_repository.go:250.2,252.94 3 0
github.com/moedahpos/backend/internal/repository/mocks/income_repository.go:252.94,254.3 1 0
github.com/moedahpos/backend/internal/repository/mocks/income_repository.go:255.2,255.85 1 0
github.com/moedahpos/backend/internal/repository/mocks/income_repository.go:255.85,257.3 1 0
github.com/moedahpos/backend/internal/repository/mocks/income_repository.go:257.8,258.24 1 0
github.com/moedahpos/backend/internal/repository/mocks/income_repository.go:258.24,260.4 1 0
github.com/moedahpos/backend/internal/repository/mocks/income_repository.go:263.2,263.76 1 0
github.com/moedahpos/backend/internal/repository/mocks/income_repository.go:263.76,265.3 1 0
github.com/moedahpos/backend/internal/repository/mocks/income_repository.go:265.8,267.3 1 0
github.com/moedahpos/backend/internal/repository/mocks/income_repository.go:269.2,269.15 1 0
github.com/moedahpos/backend/internal/repository/mocks/income_repository.go:273.149,276.19 2 0
github.com/moedahpos/backend/internal/repository/mocks/income_repository.go:276.19,277.56 1 0
github.com/moedahpos/backend/internal/repository/mocks/income_repository.go:280.2,282.116 3 0
github.com/moedahpos/backend/internal/repository/mocks/income_repository.go:282.116,284.3 1 0
github.com/moedahpos/backend/internal/repository/mocks/income_repository.go:285.2,285.107 1 0
github.com/moedahpos/backend/internal/repository/mocks/income_repository.go:285.107,287.3 1 0
github.com/moedahpos/backend/internal/repository/mocks/income_repository.go:287.8,288.24 1 0
github.com/moedahpos/backend/internal/repository/mocks/income_repository.go:288.24,290.4 1 0
github.com/moedahpos/backend/internal/repository/mocks/income_repository.go:293.2,293.90 1 0
github.com/moedahpos/backend/internal/repository/mocks/income_repository.go:293.90,295.3 1 0
github.com/moedahpos/backend/internal/repository/mocks/income_repository.go:295.8,297.3 1 0
github.com/moedahpos/backend/internal/repository/mocks/income_repository.go:299.2,299.15 1 0
github.com/moedahpos/backend/internal/repository/mocks/income_repository.go:307.22,311.19 3 0
github.com/moedahpos/backend/internal/repository/mocks/income_repository.go:311.19,311.49 1 0
github.com/moedahpos/backend/internal/repository/mocks/income_repository.go:313.2,313.13 1 0
github.com/moedahpos/backend/internal/repository/mocks/menu_item_repository.go:18.111,21.19 2 0
github.com/moedahpos/backend/internal/repository/mocks/menu_item_repository.go:21.19,22.56 1 0
github.com/moedahpos/backend/internal/repository/mocks/menu_item_repository.go:25.2,27.90 3 0
github.com/moedahpos/backend/internal/repository/mocks/menu_item_repository.go:27.90,29.3 1 0
github.com/moedahpos/backend/internal/repository/mocks/menu_item_repository.go:30.2,30.81 1 0
github.com/moedahpos/backend/internal/repository/mocks/menu_item_repository.go:30.81,32.3 1 0
github.com/moedahpos/backend/internal/repository/mocks/menu_item_repository.go:32.8,33.24 1 0
github.com/moedahpos/backend/internal/repository/mocks/menu_item_repository.go:33.24,35.4 1 0
github.com/moedahpos/backend/internal/repository/mocks/menu_item_repository.go:38.2,38.68 1 0
[...]
github.com/moedahpos/backend/internal/service/transaction_service.go:243.18,245.5 1 0
github.com/moedahpos/backend/internal/service/transaction_service.go:246.4,246.52 1 1
github.com/moedahpos/backend/internal/service/transaction_service.go:246.52,248.5 1 0
github.com/moedahpos/backend/internal/service/transaction_service.go:249.4,249.25 1 1
github.com/moedahpos/backend/internal/service/transaction_service.go:249.25,251.5 1 1
github.com/moedahpos/backend/internal/service/transaction_service.go:253.4,254.18 2 1
github.com/moedahpos/backend/internal/service/transaction_service.go:254.18,256.5 1 0
github.com/moedahpos/backend/internal/service/transaction_service.go:257.4,257.54 1 1
github.com/moedahpos/backend/internal/service/transaction_service.go:257.54,260.5 1 0
github.com/moedahpos/backend/internal/service/transaction_service.go:263.4,266.22 3 1
github.com/moedahpos/backend/internal/service/transaction_service.go:266.22,269.5 2 1
github.com/moedahpos/backend/internal/service/transaction_service.go:271.4,292.6 6 1
github.com/moedahpos/backend/internal/service/transaction_service.go:297.2,298.24 2 1
github.com/moedahpos/backend/internal/service/transaction_service.go:298.24,300.3 1 1
github.com/moedahpos/backend/internal/service/transaction_service.go:301.2,302.31 2 1
github.com/moedahpos/backend/internal/service/transaction_service.go:302.31,306.33 3 1
github.com/moedahpos/backend/internal/service/transaction_service.go:306.33,311.4 4 1
github.com/moedahpos/backend/internal/service/transaction_service.go:312.3,312.18 1 1
github.com/moedahpos/backend/internal/service/transaction_service.go:315.2,316.31 2 1
github.com/moedahpos/backend/internal/service/transaction_service.go:316.31,318.3 1 1
github.com/moedahpos/backend/internal/service/transaction_service.go:320.2,339.16 2 1
github.com/moedahpos/backend/internal/service/transaction_service.go:339.16,341.3 1 0
github.com/moedahpos/backend/internal/service/transaction_service.go:344.2,344.33 1 1
github.com/moedahpos/backend/internal/service/transaction_service.go:344.33,345.28 1 1
github.com/moedahpos/backend/internal/service/transaction_service.go:345.28,346.12 1 1
github.com/moedahpos/backend/internal/service/transaction_service.go:348.3,349.22 2 1
github.com/moedahpos/backend/internal/service/transaction_service.go:349.22,350.12 1 0
github.com/moedahpos/backend/internal/service/transaction_service.go:352.3,352.44 1 1
github.com/moedahpos/backend/internal/service/transaction_service.go:352.44,356.90 3 1
github.com/moedahpos/backend/internal/service/transaction_service.go:356.90,358.5 1 0
github.com/moedahpos/backend/internal/service/transaction_service.go:365.2,365.33 1 1
github.com/moedahpos/backend/internal/service/transaction_service.go:365.33,366.28 1 1
github.com/moedahpos/backend/internal/service/transaction_service.go:366.28,367.12 1 1
github.com/moedahpos/backend/internal/service/transaction_service.go:369.3,369.97 1 1
github.com/moedahpos/backend/internal/service/transaction_service.go:369.97,374.4 1 0
github.com/moedahpos/backend/internal/service/transaction_service.go:377.2,385.31 3 1
github.com/moedahpos/backend/internal/service/transaction_service.go:385.31,390.3 1 1
github.com/moedahpos/backend/internal/service/transaction_service.go:391.2,394.31 2 1
github.com/moedahpos/backend/internal/service/transaction_service.go:394.31,396.3 1 1
github.com/moedahpos/backend/internal/service/transaction_service.go:398.2,398.33 1 1
github.com/moedahpos/backend/internal/service/transaction_service.go:398.33,399.56 1 1
github.com/moedahpos/backend/internal/service/transaction_service.go:399.56,401.39 2 0
github.com/moedahpos/backend/internal/service/transaction_service.go:401.39,403.5 1 0
github.com/moedahpos/backend/internal/service/transaction_service.go:404.4,409.6 1 0
github.com/moedahpos/backend/internal/service/transaction_service.go:413.2,413.40 1 1
github.com/moedahpos/backend/internal/service/transaction_service.go:417.158,420.16 3 0
github.com/moedahpos/backend/internal/service/transaction_service.go:420.16,422.3 1 0
github.com/moedahpos/backend/internal/service/transaction_service.go:423.2,424.25 2 0
github.com/moedahpos/backend/internal/service/transaction_service.go:424.25,426.3 1 0
github.com/moedahpos/backend/internal/service/transaction_service.go:427.2,427.62 1 0
github.com/moedahpos/backend/internal/service/transaction_service.go:431.111,433.16 2 1
github.com/moedahpos/backend/internal/service/transaction_service.go:433.16,435.3 1 0
github.com/moedahpos/backend/internal/service/transaction_service.go:436.2,436.16 1 1
github.com/moedahpos/backend/internal/service/transaction_service.go:436.16,438.3 1 0
github.com/moedahpos/backend/internal/service/transaction_service.go:439.2,439.40 1 1
github.com/moedahpos/backend/internal/service/transaction_service.go:443.92,445.16 2 1
github.com/moedahpos/backend/internal/service/transaction_service.go:445.16,447.3 1 0
github.com/moedahpos/backend/internal/service/transaction_service.go:448.2,448.16 1 1
github.com/moedahpos/backend/internal/service/transaction_service.go:448.16,450.3 1 1
github.com/moedahpos/backend/internal/service/transaction_service.go:451.2,451.28 1 1
github.com/moedahpos/backend/internal/service/transaction_service.go:451.28,453.3 1 0
github.com/moedahpos/backend/internal/service/transaction_service.go:454.2,454.56 1 1
github.com/moedahpos/backend/internal/service/transaction_service.go:454.56,456.3 1 0
github.com/moedahpos/backend/internal/service/transaction_service.go:457.2,463.12 3 1
github.com/moedahpos/backend/internal/service/transaction_service.go:469.196,472.20 3 0
github.com/moedahpos/backend/internal/service/transaction_service.go:472.20,475.3 2 0
github.com/moedahpos/backend/internal/service/transaction_service.go:477.2,481.43 3 0
github.com/moedahpos/backend/internal/service/transaction_service.go:481.43,483.24 2 0
github.com/moedahpos/backend/internal/service/transaction_service.go:483.24,485.4 1 0
github.com/moedahpos/backend/internal/service/transaction_service.go:488.2,504.39 3 0
github.com/moedahpos/backend/internal/service/transaction_service.go:508.181,511.20 3 1
github.com/moedahpos/backend/internal/service/transaction_service.go:511.20,514.3 2 1
github.com/moedahpos/backend/internal/service/transaction_service.go:516.2,535.39 4 1
github.com/moedahpos/backend/internal/service/transaction_service.go:540.75,544.32 3 1
github.com/moedahpos/backend/internal/service/transaction_service.go:544.32,545.28 1 1
github.com/moedahpos/backend/internal/service/transaction_service.go:545.28,547.68 2 0
github.com/moedahpos/backend/internal/service/transaction_service.go:547.68,549.5 1 0
github.com/moedahpos/backend/internal/service/transaction_service.go:550.4,551.18 2 0
github.com/moedahpos/backend/internal/service/transaction_service.go:551.18,553.5 1 0
github.com/moedahpos/backend/internal/service/transaction_service.go:554.4,557.21 4 0
github.com/moedahpos/backend/internal/service/transaction_service.go:558.9,560.66 2 1
github.com/moedahpos/backend/internal/service/transaction_service.go:560.66,562.5 1 0
github.com/moedahpos/backend/internal/service/transaction_service.go:563.4,564.18 2 1
github.com/moedahpos/backend/internal/service/transaction_service.go:564.18,566.5 1 0
github.com/moedahpos/backend/internal/service/transaction_service.go:567.4,570.21 4 1
github.com/moedahpos/backend/internal/service/transaction_service.go:573.2,573.55 1 1
github.com/moedahpos/backend/internal/service/transaction_service.go:577.126,579.16 2 0
github.com/moedahpos/backend/internal/service/transaction_service.go:579.16,581.3 1 0
github.com/moedahpos/backend/internal/service/transaction_service.go:582.2,582.16 1 0
github.com/moedahpos/backend/internal/service/transaction_service.go:582.16,584.3 1 0
github.com/moedahpos/backend/internal/service/transaction_service.go:585.2,585.40 1 0
github.com/moedahpos/backend/internal/service/transaction_service.go:589.153,591.16 2 1
github.com/moedahpos/backend/internal/service/transaction_service.go:591.16,593.3 1 0
github.com/moedahpos/backend/internal/service/transaction_service.go:596.2,597.24 2 1
github.com/moedahpos/backend/internal/service/transaction_service.go:597.24,599.3 1 1
github.com/moedahpos/backend/internal/service/transaction_service.go:600.2,600.31 1 1
github.com/moedahpos/backend/internal/service/transaction_service.go:600.31,603.33 3 0
github.com/moedahpos/backend/internal/service/transaction_service.go:603.33,608.4 4 0
github.com/moedahpos/backend/internal/service/transaction_service.go:611.2,627.16 3 1
github.com/moedahpos/backend/internal/service/transaction_service.go:627.16,629.3 1 0
github.com/moedahpos/backend/internal/service/transaction_service.go:630.2,631.40 2 1
github.com/moedahpos/backend/internal/service/transaction_service.go:635.154,638.35 2 1
github.com/moedahpos/backend/internal/service/transaction_service.go:638.35,640.3 1 0
github.com/moedahpos/backend/internal/service/transaction_service.go:641.2,641.67 1 1
github.com/moedahpos/backend/internal/service/transaction_service.go:641.67,643.3 1 0
github.com/moedahpos/backend/internal/service/transaction_service.go:645.2,646.16 2 1
github.com/moedahpos/backend/internal/service/transaction_service.go:646.16,648.3 1 0
github.com/moedahpos/backend/internal/service/transaction_service.go:651.2,652.24 2 1
github.com/moedahpos/backend/internal/service/transaction_service.go:652.24,654.3 1 1
github.com/moedahpos/backend/internal/service/transaction_service.go:655.2,655.31 1 1
github.com/moedahpos/backend/internal/service/transaction_service.go:655.31,658.33 3 0
github.com/moedahpos/backend/internal/service/transaction_service.go:658.33,663.4 4 0
github.com/moedahpos/backend/internal/service/transaction_service.go:666.2,668.16 3 1
github.com/moedahpos/backend/internal/service/transaction_service.go:668.16,670.3 1 0
github.com/moedahpos/backend/internal/service/transaction_service.go:671.2,672.40 2 1
github.com/moedahpos/backend/internal/service/transaction_service.go:676.154,678.35 2 1
github.com/moedahpos/backend/internal/service/transaction_service.go:678.35,680.3 1 0
github.com/moedahpos/backend/internal/service/transaction_service.go:681.2,681.67 1 1
github.com/moedahpos/backend/internal/service/transaction_service.go:681.67,683.3 1 0
github.com/moedahpos/backend/internal/service/transaction_service.go:684.2,684.40 1 1
github.com/moedahpos/backend/internal/service/transaction_service.go:684.40,686.3 1 0
github.com/moedahpos/backend/internal/service/transaction_service.go:688.2,696.16 2 1
github.com/moedahpos/backend/internal/service/transaction_service.go:696.16,698.3 1 0
github.com/moedahpos/backend/internal/service/transaction_service.go:701.2,701.38 1 1
github.com/moedahpos/backend/internal/service/transaction_service.go:701.38,702.28 1 0
github.com/moedahpos/backend/internal/service/transaction_service.go:702.28,703.12 1 0
github.com/moedahpos/backend/internal/service/transaction_service.go:710.2,721.40 4 1
github.com/moedahpos/backend/internal/service/transaction_service.go:727.117,729.16 2 1
github.com/moedahpos/backend/internal/service/transaction_service.go:729.16,731.3 1 0
github.com/moedahpos/backend/internal/service/transaction_service.go:732.2,733.25 2 1
github.com/moedahpos/backend/internal/service/transaction_service.go:733.25,735.3 1 1
github.com/moedahpos/backend/internal/service/transaction_service.go:736.2,736.18 1 1
github.com/moedahpos/backend/internal/service/transaction_service.go:740.129,741.79 1 1
github.com/moedahpos/backend/internal/service/transaction_service.go:741.79,743.3 1 0
github.com/moedahpos/backend/internal/service/transaction_service.go:744.2,744.12 1 1
github.com/moedahpos/backend/internal/service/transaction_service.go:749.76,751.29 2 1
github.com/moedahpos/backend/internal/service/transaction_service.go:751.29,769.28 2 0
github.com/moedahpos/backend/internal/service/transaction_service.go:769.28,772.4 2 0
github.com/moedahpos/backend/internal/service/transaction_service.go:774.2,797.3 1 1
github.com/moedahpos/backend/internal/service/user_admin_service.go:34.21,36.2 1 1
github.com/moedahpos/backend/internal/service/user_admin_service.go:39.148,40.14 1 1
github.com/moedahpos/backend/internal/service/user_admin_service.go:40.14,42.3 1 0
github.com/moedahpos/backend/internal/service/user_admin_service.go:43.2,43.34 1 1
github.com/moedahpos/backend/internal/service/user_admin_service.go:43.34,45.3 1 0
github.com/moedahpos/backend/internal/service/user_admin_service.go:46.2,47.16 2 1
github.com/moedahpos/backend/internal/service/user_admin_service.go:47.16,49.3 1 1
github.com/moedahpos/backend/internal/service/user_admin_service.go:51.2,52.26 2 1
github.com/moedahpos/backend/internal/service/user_admin_service.go:52.26,56.3 3 1
github.com/moedahpos/backend/internal/service/user_admin_service.go:57.2,57.25 1 1
github.com/moedahpos/backend/internal/service/user_admin_service.go:61.95,63.16 2 1
github.com/moedahpos/backend/internal/service/user_admin_service.go:63.16,65.3 1 0
github.com/moedahpos/backend/internal/service/user_admin_service.go:66.2,66.14 1 1
github.com/moedahpos/backend/internal/service/user_admin_service.go:66.14,68.3 1 1
github.com/moedahpos/backend/internal/service/user_admin_service.go:69.2,71.16 3 1
github.com/moedahpos/backend/internal/service/user_admin_service.go:75.115,77.12 2 1
github.com/moedahpos/backend/internal/service/user_admin_service.go:77.12,79.3 1 1
github.com/moedahpos/backend/internal/service/user_admin_service.go:81.2,82.16 2 1
github.com/moedahpos/backend/internal/service/user_admin_service.go:82.16,84.3 1 0
github.com/moedahpos/backend/internal/service/user_admin_service.go:86.2,91.16 2 1
github.com/moedahpos/backend/internal/service/user_admin_service.go:91.16,93.3 1 0
github.com/moedahpos/backend/internal/service/user_admin_service.go:95.2,95.25 1 1
github.com/moedahpos/backend/internal/service/user_admin_service.go:95.25,97.32 2 1
github.com/moedahpos/backend/internal/service/user_admin_service.go:97.32,99.4 1 1
github.com/moedahpos/backend/internal/service/user_admin_service.go:100.3,100.51 1 1
github.com/moedahpos/backend/internal/service/user_admin_service.go:103.2,105.16 3 1
github.com/moedahpos/backend/internal/service/user_admin_service.go:109.126,112.42 2 1
github.com/moedahpos/backend/internal/service/user_admin_service.go:112.42,114.3 1 1
github.com/moedahpos/backend/internal/service/user_admin_service.go:116.2,117.16 2 1
github.com/moedahpos/backend/internal/service/user_admin_service.go:117.16,118.43 1 0
github.com/moedahpos/backend/internal/service/user_admin_service.go:118.43,120.4 1 0
github.com/moedahpos/backend/internal/service/user_admin_service.go:121.3,121.48 1 0
github.com/moedahpos/backend/internal/service/user_admin_service.go:123.2,125.16 3 1
github.com/moedahpos/backend/internal/service/user_admin_service.go:129.81,130.55 1 1
github.com/moedahpos/backend/internal/service/user_admin_service.go:130.55,131.43 1 1
github.com/moedahpos/backend/internal/service/user_admin_service.go:131.43,133.4 1 1
github.com/moedahpos/backend/internal/service/user_admin_service.go:134.3,134.47 1 0
github.com/moedahpos/backend/internal/service/user_admin_service.go:136.2,136.12 1 1
github.com/moedahpos/backend/internal/service/user_admin_service.go:140.111,142.16 2 1
github.com/moedahpos/backend/internal/service/user_admin_service.go:142.16,144.3 1 0
github.com/moedahpos/backend/internal/service/user_admin_service.go:145.2,145.72 1 1
github.com/moedahpos/backend/internal/service/user_admin_service.go:145.72,146.43 1 0
github.com/moedahpos/backend/internal/service/user_admin_service.go:146.43,148.4 1 0
github.com/moedahpos/backend/internal/service/user_admin_service.go:149.3,149.46 1 0
github.com/moedahpos/backend/internal/service/user_admin_service.go:151.2,151.12 1 1
github.com/moedahpos/backend/internal/service/user_admin_service.go:155.136,157.28 2 1
github.com/moedahpos/backend/internal/service/user_admin_service.go:157.28,159.3 1 0
github.com/moedahpos/backend/internal/service/user_admin_service.go:161.2,162.32 2 1
github.com/moedahpos/backend/internal/service/user_admin_service.go:162.32,164.3 1 1
github.com/moedahpos/backend/internal/service/user_admin_service.go:165.2,165.71 1 1
github.com/moedahpos/backend/internal/service/user_admin_service.go:165.71,167.3 1 0
github.com/moedahpos/backend/internal/service/user_admin_service.go:169.2,171.16 3 1
github.com/moedahpos/backend/internal/service/user_admin_service.go:175.83,177.2 1 1
github.com/moedahpos/backend/internal/service/user_admin_service.go:181.81,183.27 2 1
github.com/moedahpos/backend/internal/service/user_admin_service.go:183.27,192.3 1 1
github.com/moedahpos/backend/internal/service/user_admin_service.go:194.2,195.24 2 1
github.com/moedahpos/backend/internal/service/user_admin_service.go:195.24,198.3 2 0
github.com/moedahpos/backend/internal/service/user_admin_service.go:200.2,210.3 1 1
github.com/moedahpos/backend/internal/service/util.go:4.36,5.13 1 1
github.com/moedahpos/backend/internal/service/util.go:5.13,7.3 1 1
github.com/moedahpos/backend/internal/service/util.go:8.2,8.11 1 0
github.com/moedahpos/backend/internal/service/util.go:12.36,13.14 1 1
github.com/moedahpos/backend/internal/service/util.go:13.14,15.3 1 1
github.com/moedahpos/backend/internal/service/util.go:16.2,16.11 1 0
github.com/moedahpos/backend/pkg/hash/hash.go:12.55,14.16 2 1
github.com/moedahpos/backend/pkg/hash/hash.go:14.16,16.3 1 0
github.com/moedahpos/backend/pkg/hash/hash.go:17.2,17.28 1 1
github.com/moedahpos/backend/pkg/hash/hash.go:22.48,24.2 1 1
github.com/moedahpos/backend/pkg/hash/hash.go:28.30,31.2 2 1
github.com/moedahpos/backend/pkg/jwt/jwt.go:26.71,32.2 1 1
github.com/moedahpos/backend/pkg/jwt/jwt.go:35.77,49.2 4 1
github.com/moedahpos/backend/pkg/jwt/jwt.go:53.69,55.16 2 1
github.com/moedahpos/backend/pkg/jwt/jwt.go:55.16,57.3 1 0
github.com/moedahpos/backend/pkg/jwt/jwt.go:58.2,59.36 2 1
github.com/moedahpos/backend/pkg/jwt/jwt.go:63.70,64.101 1 1
github.com/moedahpos/backend/pkg/jwt/jwt.go:64.101,65.56 1 1
github.com/moedahpos/backend/pkg/jwt/jwt.go:65.56,67.4 1 0
github.com/moedahpos/backend/pkg/jwt/jwt.go:68.3,68.23 1 1
github.com/moedahpos/backend/pkg/jwt/jwt.go:70.2,70.16 1 1
github.com/moedahpos/backend/pkg/jwt/jwt.go:70.16,72.3 1 1
github.com/moedahpos/backend/pkg/jwt/jwt.go:74.2,75.25 2 1
github.com/moedahpos/backend/pkg/jwt/jwt.go:75.25,77.3 1 0
github.com/moedahpos/backend/pkg/jwt/jwt.go:78.2,78.20 1 1
github.com/moedahpos/backend/pkg/jwt/jwt.go:82.44,84.2 1 1
github.com/moedahpos/backend/pkg/rbac/rbac.go:24.43,32.73 3 1
github.com/moedahpos/backend/pkg/rbac/rbac.go:32.73,34.3 1 1
github.com/moedahpos/backend/pkg/rbac/rbac.go:36.2,37.27 2 1
github.com/moedahpos/backend/pkg/rbac/rbac.go:37.27,38.45 1 1
github.com/moedahpos/backend/pkg/rbac/rbac.go:38.45,40.4 1 1
github.com/moedahpos/backend/pkg/rbac/rbac.go:41.3,41.61 1 1
github.com/moedahpos/backend/pkg/rbac/rbac.go:44.2,44.19 1 1
github.com/moedahpos/backend/pkg/rbac/rbac.go:48.60,49.47 1 1
github.com/moedahpos/backend/pkg/rbac/rbac.go:49.47,51.3 1 1
github.com/moedahpos/backend/pkg/rbac/rbac.go:52.2,52.14 1 1
github.com/moedahpos/backend/pkg/rbac/rbac.go:56.41,58.2 1 1
github.com/moedahpos/backend/pkg/response/response.go:17.67,21.2 3 1
github.com/moedahpos/backend/pkg/response/response.go:24.55,26.2 1 1
github.com/moedahpos/backend/pkg/response/response.go:29.55,31.2 1 1
github.com/moedahpos/backend/pkg/response/response.go:34.63,36.2 1 1
github.com/moedahpos/backend/pkg/response/response.go:39.65,45.2 1 1
github.com/moedahpos/backend/pkg/response/response.go:48.58,49.19 1 1
github.com/moedahpos/backend/pkg/response/response.go:49.19,51.3 1 1
github.com/moedahpos/backend/pkg/response/response.go:52.2,52.44 1 1
github.com/moedahpos/backend/pkg/response/response.go:56.39,58.2 1 1
github.com/moedahpos/backend/pkg/response/response.go:61.55,63.2 1 1
github.com/moedahpos/backend/pkg/response/response.go:66.43,68.2 1 1
